This file contains any messages produced by compilers while
running configure, to aid debugging if configure makes a mistake.

It was created by UpdateDD configure 2.5, which was
generated by GNU Autoconf 2.59.  Invocation command line was

  $ ./configure --host=mips-linux

## --------- ##
## Platform. ##
## --------- ##

hostname = titan.realtek.com
uname -m = i686
uname -r = 2.6.15-1.2054_FC5smp
uname -s = Linux
uname -v = #1 SMP Tue Mar 14 16:05:46 EST 2006

/usr/bin/uname -p = unknown
/bin/uname -X     = unknown

/bin/arch              = i686
/usr/bin/arch -k       = unknown
/usr/convex/getsysinfo = unknown
hostinfo               = unknown
/bin/machine           = unknown
/usr/bin/oslevel       = unknown
/bin/universe          = unknown

PATH: /usr/kerberos/bin
PATH: /usr/local/bin
PATH: /bin
PATH: /usr/bin
PATH: /opt/toolchain_mips_nofpu/bin
PATH: /opt/323/mips/bin
PATH: /home/masonyu/bin


## ----------- ##
## Core tests. ##
## ----------- ##

configure:1318: checking for mips-linux-gcc
configure:1334: found /opt/toolchain_mips_nofpu/bin/mips-linux-gcc
configure:1344: result: mips-linux-gcc
configure:1626: checking for C compiler version
configure:1629: mips-linux-gcc --version </dev/null >&5
mips-linux-gcc (GCC) 3.3.5
Copyright (C) 2003 Free Software Foundation, Inc.
This is free software; see the source for copying conditions.  There is NO
warranty; not even for MERCHANTABILITY or FITNESS FOR A PARTICULAR PURPOSE.

configure:1632: $? = 0
configure:1634: mips-linux-gcc -v </dev/null >&5
Reading specs from /opt/toolchain_mips_nofpu/bin-ccache/../lib/gcc-lib/mips-linux-uclibc/3.3.5/specs
Configured with: /opt/gcc-3.3.5/toolchain_build_mips_nofpu/gcc-3.3.5/configure --prefix=/opt/toolchain_mips_nofpu --build=i386-pc-linux-gnu --host=i386-pc-linux-gnu --target=mips-linux-uclibc --enable-languages=c,c++ --enable-shared --disable-__cxa_atexit --enable-target-optspace --with-gnu-ld --disable-nls --enable-multilib --without-float --enable-sjlj-exceptions
Thread model: posix
gcc version 3.3.5
configure:1637: $? = 0
configure:1639: mips-linux-gcc -V </dev/null >&5
mips-linux-gcc: `-V' option must have argument
configure:1642: $? = 1
configure:1665: checking for C compiler default output file name
configure:1668: mips-linux-gcc    conftest.c  >&5
configure:1671: $? = 0
configure:1717: result: a.out
configure:1722: checking whether the C compiler works
configure:1728: ./a.out
./configure: line 1729: ./a.out: cannot execute binary file
configure:1731: $? = 126
configure:1748: result: yes
configure:1755: checking whether we are cross compiling
configure:1757: result: yes
configure:1760: checking for suffix of executables
configure:1762: mips-linux-gcc -o conftest    conftest.c  >&5
configure:1765: $? = 0
configure:1790: result: 
configure:1796: checking for suffix of object files
configure:1817: mips-linux-gcc -c   conftest.c >&5
configure:1820: $? = 0
configure:1842: result: o
configure:1846: checking whether we are using the GNU C compiler
configure:1870: mips-linux-gcc -c   conftest.c >&5
configure:1876: $? = 0
configure:1879: test -z 			 || test ! -s conftest.err
configure:1882: $? = 0
configure:1885: test -s conftest.o
configure:1888: $? = 0
configure:1901: result: yes
configure:1907: checking whether mips-linux-gcc accepts -g
configure:1928: mips-linux-gcc -c -g  conftest.c >&5
configure:1934: $? = 0
configure:1937: test -z 			 || test ! -s conftest.err
configure:1940: $? = 0
configure:1943: test -s conftest.o
configure:1946: $? = 0
configure:1957: result: yes
configure:1974: checking for mips-linux-gcc option to accept ANSI C
configure:2044: mips-linux-gcc  -c -g -O2  conftest.c >&5
configure:2050: $? = 0
configure:2053: test -z 			 || test ! -s conftest.err
configure:2056: $? = 0
configure:2059: test -s conftest.o
configure:2062: $? = 0
configure:2080: result: none needed
configure:2098: mips-linux-gcc -c -g -O2  conftest.c >&5
conftest.c:2: error: parse error before "me"
configure:2104: $? = 1
configure: failed program was:
| #ifndef __cplusplus
|   choke me
| #endif
configure:2272: checking for a BSD-compatible install
configure:2327: result: /usr/bin/install -c
configure:2348: checking for sprintf in -lucb
configure:2378: mips-linux-gcc -o conftest -g -O2   conftest.c -lucb   >&5
conftest.c:16: warning: conflicting types for built-in function `sprintf'
/opt/toolchain_mips_nofpu/bin-ccache/../lib/gcc-lib/mips-linux-uclibc/3.3.5/../../../../mips-linux-uclibc/bin/ld: cannot find -lucb
collect2: ld returned 1 exit status
configure:2384: $? = 1
configure: failed program was:
| /* confdefs.h.  */
| 
| #define PACKAGE_NAME "UpdateDD"
| #define PACKAGE_TARNAME "updatedd"
| #define PACKAGE_VERSION "2.5"
| #define PACKAGE_STRING "UpdateDD 2.5"
| #define PACKAGE_BUGREPORT "updatedd@philipp-benner.de"
| /* end confdefs.h.  */
| 
| /* Override any gcc2 internal prototype to avoid an error.  */
| #ifdef __cplusplus
| extern "C"
| #endif
| /* We use char because int might match the return type of a gcc2
|    builtin and then its argument prototype would still apply.  */
| char sprintf ();
| int
| main ()
| {
| sprintf ();
|   ;
|   return 0;
| }
configure:2409: result: no
configure:2421: checking for connect in -lsocket
configure:2451: mips-linux-gcc -o conftest -g -O2   conftest.c -lsocket   >&5
/opt/toolchain_mips_nofpu/bin-ccache/../lib/gcc-lib/mips-linux-uclibc/3.3.5/../../../../mips-linux-uclibc/bin/ld: cannot find -lsocket
collect2: ld returned 1 exit status
configure:2457: $? = 1
configure: failed program was:
| /* confdefs.h.  */
| 
| #define PACKAGE_NAME "UpdateDD"
| #define PACKAGE_TARNAME "updatedd"
| #define PACKAGE_VERSION "2.5"
| #define PACKAGE_STRING "UpdateDD 2.5"
| #define PACKAGE_BUGREPORT "updatedd@philipp-benner.de"
| /* end confdefs.h.  */
| 
| /* Override any gcc2 internal prototype to avoid an error.  */
| #ifdef __cplusplus
| extern "C"
| #endif
| /* We use char because int might match the return type of a gcc2
|    builtin and then its argument prototype would still apply.  */
| char connect ();
| int
| main ()
| {
| connect ();
|   ;
|   return 0;
| }
configure:2482: result: no
configure:2494: checking for gethostbyname in -lresolv
configure:2524: mips-linux-gcc -o conftest -g -O2   conftest.c -lresolv   >&5
configure:2530: $? = 0
configure:2533: test -z 			 || test ! -s conftest.err
configure:2536: $? = 0
configure:2539: test -s conftest
configure:2542: $? = 0
configure:2555: result: yes
configure:2642: checking for gethostbyname in -lnsl
configure:2672: mips-linux-gcc -o conftest -g -O2   conftest.c -lnsl  -lresolv  >&5
configure:2678: $? = 0
configure:2681: test -z 			 || test ! -s conftest.err
configure:2684: $? = 0
configure:2687: test -s conftest
configure:2690: $? = 0
configure:2703: result: yes
configure:2715: checking for dlopen in -lc
configure:2745: mips-linux-gcc -o conftest -g -O2   conftest.c -lc  -lnsl -lresolv  >&5
/tmp/ccy86PNP.o(.text+0x1c): In function `main':
/home/masonyu/updatedd-2.5/conftest.c:22: undefined reference to `dlopen'
collect2: ld returned 1 exit status
configure:2751: $? = 1
configure: failed program was:
| /* confdefs.h.  */
| 
| #define PACKAGE_NAME "UpdateDD"
| #define PACKAGE_TARNAME "updatedd"
| #define PACKAGE_VERSION "2.5"
| #define PACKAGE_STRING "UpdateDD 2.5"
| #define PACKAGE_BUGREPORT "updatedd@philipp-benner.de"
| #define HAVE_LIBRESOLV 1
| #define HAVE_LIBNSL 1
| /* end confdefs.h.  */
| 
| /* Override any gcc2 internal prototype to avoid an error.  */
| #ifdef __cplusplus
| extern "C"
| #endif
| /* We use char because int might match the return type of a gcc2
|    builtin and then its argument prototype would still apply.  */
| char dlopen ();
| int
| main ()
| {
| dlopen ();
|   ;
|   return 0;
| }
configure:2776: result: no
configure:2788: checking for dlopen in -ldl
configure:2818: mips-linux-gcc -o conftest -g -O2   conftest.c -ldl  -lnsl -lresolv  >&5
configure:2824: $? = 0
configure:2827: test -z 			 || test ! -s conftest.err
configure:2830: $? = 0
configure:2833: test -s conftest
configure:2836: $? = 0
configure:2849: result: yes
configure:2861: checking for getopt_long in -lgnugetopt
configure:2891: mips-linux-gcc -o conftest -g -O2   conftest.c -lgnugetopt  -ldl -lnsl -lresolv  >&5
/opt/toolchain_mips_nofpu/bin-ccache/../lib/gcc-lib/mips-linux-uclibc/3.3.5/../../../../mips-linux-uclibc/bin/ld: cannot find -lgnugetopt
collect2: ld returned 1 exit status
configure:2897: $? = 1
configure: failed program was:
| /* confdefs.h.  */
| 
| #define PACKAGE_NAME "UpdateDD"
| #define PACKAGE_TARNAME "updatedd"
| #define PACKAGE_VERSION "2.5"
| #define PACKAGE_STRING "UpdateDD 2.5"
| #define PACKAGE_BUGREPORT "updatedd@philipp-benner.de"
| #define HAVE_LIBRESOLV 1
| #define HAVE_LIBNSL 1
| #define HAVE_LIBDL 1
| /* end confdefs.h.  */
| 
| /* Override any gcc2 internal prototype to avoid an error.  */
| #ifdef __cplusplus
| extern "C"
| #endif
| /* We use char because int might match the return type of a gcc2
|    builtin and then its argument prototype would still apply.  */
| char getopt_long ();
| int
| main ()
| {
| getopt_long ();
|   ;
|   return 0;
| }
configure:2922: result: no
configure:2972: checking how to run the C preprocessor
configure:3007: mips-linux-gcc -E  conftest.c
configure:3013: $? = 0
configure:3045: mips-linux-gcc -E  conftest.c
conftest.c:14:28: ac_nonexistent.h: No such file or directory
configure:3051: $? = 1
configure: failed program was:
| /* confdefs.h.  */
| 
| #define PACKAGE_NAME "UpdateDD"
| #define PACKAGE_TARNAME "updatedd"
| #define PACKAGE_VERSION "2.5"
| #define PACKAGE_STRING "UpdateDD 2.5"
| #define PACKAGE_BUGREPORT "updatedd@philipp-benner.de"
| #define HAVE_LIBRESOLV 1
| #define HAVE_LIBNSL 1
| #define HAVE_LIBDL 1
| #define _GNU_SOURCE 1
| #define LIBPATH $libdir/updatedd
| /* end confdefs.h.  */
| #include <ac_nonexistent.h>
configure:3090: result: mips-linux-gcc -E
configure:3114: mips-linux-gcc -E  conftest.c
configure:3120: $? = 0
configure:3152: mips-linux-gcc -E  conftest.c
conftest.c:14:28: ac_nonexistent.h: No such file or directory
configure:3158: $? = 1
configure: failed program was:
| /* confdefs.h.  */
| 
| #define PACKAGE_NAME "UpdateDD"
| #define PACKAGE_TARNAME "updatedd"
| #define PACKAGE_VERSION "2.5"
| #define PACKAGE_STRING "UpdateDD 2.5"
| #define PACKAGE_BUGREPORT "updatedd@philipp-benner.de"
| #define HAVE_LIBRESOLV 1
| #define HAVE_LIBNSL 1
| #define HAVE_LIBDL 1
| #define _GNU_SOURCE 1
| #define LIBPATH $libdir/updatedd
| /* end confdefs.h.  */
| #include <ac_nonexistent.h>
configure:3202: checking for egrep
configure:3212: result: grep -E
configure:3217: checking for ANSI C header files
configure:3242: mips-linux-gcc -c -g -O2  conftest.c >&5
configure:3248: $? = 0
configure:3251: test -z 			 || test ! -s conftest.err
configure:3254: $? = 0
configure:3257: test -s conftest.o
configure:3260: $? = 0
configure:3372: result: yes
configure:3396: checking for sys/types.h
configure:3412: mips-linux-gcc -c -g -O2  conftest.c >&5
configure:3418: $? = 0
configure:3421: test -z 			 || test ! -s conftest.err
configure:3424: $? = 0
configure:3427: test -s conftest.o
configure:3430: $? = 0
configure:3441: result: yes
configure:3396: checking for sys/stat.h
configure:3412: mips-linux-gcc -c -g -O2  conftest.c >&5
configure:3418: $? = 0
configure:3421: test -z 			 || test ! -s conftest.err
configure:3424: $? = 0
configure:3427: test -s conftest.o
configure:3430: $? = 0
configure:3441: result: yes
configure:3396: checking for stdlib.h
configure:3412: mips-linux-gcc -c -g -O2  conftest.c >&5
configure:3418: $? = 0
configure:3421: test -z 			 || test ! -s conftest.err
configure:3424: $? = 0
configure:3427: test -s conftest.o
configure:3430: $? = 0
configure:3441: result: yes
configure:3396: checking for string.h
configure:3412: mips-linux-gcc -c -g -O2  conftest.c >&5
configure:3418: $? = 0
configure:3421: test -z 			 || test ! -s conftest.err
configure:3424: $? = 0
configure:3427: test -s conftest.o
configure:3430: $? = 0
configure:3441: result: yes
configure:3396: checking for memory.h
configure:3412: mips-linux-gcc -c -g -O2  conftest.c >&5
configure:3418: $? = 0
configure:3421: test -z 			 || test ! -s conftest.err
configure:3424: $? = 0
configure:3427: test -s conftest.o
configure:3430: $? = 0
configure:3441: result: yes
configure:3396: checking for strings.h
configure:3412: mips-linux-gcc -c -g -O2  conftest.c >&5
configure:3418: $? = 0
configure:3421: test -z 			 || test ! -s conftest.err
configure:3424: $? = 0
configure:3427: test -s conftest.o
configure:3430: $? = 0
configure:3441: result: yes
configure:3396: checking for inttypes.h
configure:3412: mips-linux-gcc -c -g -O2  conftest.c >&5
configure:3418: $? = 0
configure:3421: test -z 			 || test ! -s conftest.err
configure:3424: $? = 0
configure:3427: test -s conftest.o
configure:3430: $? = 0
configure:3441: result: yes
configure:3396: checking for stdint.h
configure:3412: mips-linux-gcc -c -g -O2  conftest.c >&5
configure:3418: $? = 0
configure:3421: test -z 			 || test ! -s conftest.err
configure:3424: $? = 0
configure:3427: test -s conftest.o
configure:3430: $? = 0
configure:3441: result: yes
configure:3396: checking for unistd.h
configure:3412: mips-linux-gcc -c -g -O2  conftest.c >&5
configure:3418: $? = 0
configure:3421: test -z 			 || test ! -s conftest.err
configure:3424: $? = 0
configure:3427: test -s conftest.o
configure:3430: $? = 0
configure:3441: result: yes
configure:3467: checking stdarg.h usability
configure:3479: mips-linux-gcc -c -g -O2  conftest.c >&5
configure:3485: $? = 0
configure:3488: test -z 			 || test ! -s conftest.err
configure:3491: $? = 0
configure:3494: test -s conftest.o
configure:3497: $? = 0
configure:3507: result: yes
configure:3511: checking stdarg.h presence
configure:3521: mips-linux-gcc -E  conftest.c
configure:3527: $? = 0
configure:3547: result: yes
configure:3582: checking for stdarg.h
configure:3589: result: yes
configure:3467: checking dlfcn.h usability
configure:3479: mips-linux-gcc -c -g -O2  conftest.c >&5
configure:3485: $? = 0
configure:3488: test -z 			 || test ! -s conftest.err
configure:3491: $? = 0
configure:3494: test -s conftest.o
configure:3497: $? = 0
configure:3507: result: yes
configure:3511: checking dlfcn.h presence
configure:3521: mips-linux-gcc -E  conftest.c
configure:3527: $? = 0
configure:3547: result: yes
configure:3582: checking for dlfcn.h
configure:3589: result: yes
configure:3467: checking dirent.h usability
configure:3479: mips-linux-gcc -c -g -O2  conftest.c >&5
configure:3485: $? = 0
configure:3488: test -z 			 || test ! -s conftest.err
configure:3491: $? = 0
configure:3494: test -s conftest.o
configure:3497: $? = 0
configure:3507: result: yes
configure:3511: checking dirent.h presence
configure:3521: mips-linux-gcc -E  conftest.c
configure:3527: $? = 0
configure:3547: result: yes
configure:3582: checking for dirent.h
configure:3589: result: yes
configure:3467: checking netinet/in.h usability
configure:3479: mips-linux-gcc -c -g -O2  conftest.c >&5
configure:3485: $? = 0
configure:3488: test -z 			 || test ! -s conftest.err
configure:3491: $? = 0
configure:3494: test -s conftest.o
configure:3497: $? = 0
configure:3507: result: yes
configure:3511: checking netinet/in.h presence
configure:3521: mips-linux-gcc -E  conftest.c
configure:3527: $? = 0
configure:3547: result: yes
configure:3582: checking for netinet/in.h
configure:3589: result: yes
configure:3467: checking sys/ioctl.h usability
configure:3479: mips-linux-gcc -c -g -O2  conftest.c >&5
configure:3485: $? = 0
configure:3488: test -z 			 || test ! -s conftest.err
configure:3491: $? = 0
configure:3494: test -s conftest.o
configure:3497: $? = 0
configure:3507: result: yes
configure:3511: checking sys/ioctl.h presence
configure:3521: mips-linux-gcc -E  conftest.c
configure:3527: $? = 0
configure:3547: result: yes
configure:3582: checking for sys/ioctl.h
configure:3589: result: yes
configure:3467: checking arpa/inet.h usability
configure:3479: mips-linux-gcc -c -g -O2  conftest.c >&5
configure:3485: $? = 0
configure:3488: test -z 			 || test ! -s conftest.err
configure:3491: $? = 0
configure:3494: test -s conftest.o
configure:3497: $? = 0
configure:3507: result: yes
configure:3511: checking arpa/inet.h presence
configure:3521: mips-linux-gcc -E  conftest.c
configure:3527: $? = 0
configure:3547: result: yes
configure:3582: checking for arpa/inet.h
configure:3589: result: yes
configure:3467: checking netdb.h usability
configure:3479: mips-linux-gcc -c -g -O2  conftest.c >&5
configure:3485: $? = 0
configure:3488: test -z 			 || test ! -s conftest.err
configure:3491: $? = 0
configure:3494: test -s conftest.o
configure:3497: $? = 0
configure:3507: result: yes
configure:3511: checking netdb.h presence
configure:3521: mips-linux-gcc -E  conftest.c
configure:3527: $? = 0
configure:3547: result: yes
configure:3582: checking for netdb.h
configure:3589: result: yes
configure:3467: checking syslog.h usability
configure:3479: mips-linux-gcc -c -g -O2  conftest.c >&5
configure:3485: $? = 0
configure:3488: test -z 			 || test ! -s conftest.err
configure:3491: $? = 0
configure:3494: test -s conftest.o
configure:3497: $? = 0
configure:3507: result: yes
configure:3511: checking syslog.h presence
configure:3521: mips-linux-gcc -E  conftest.c
configure:3527: $? = 0
configure:3547: result: yes
configure:3582: checking for syslog.h
configure:3589: result: yes
configure:3467: checking signal.h usability
configure:3479: mips-linux-gcc -c -g -O2  conftest.c >&5
configure:3485: $? = 0
configure:3488: test -z 			 || test ! -s conftest.err
configure:3491: $? = 0
configure:3494: test -s conftest.o
configure:3497: $? = 0
configure:3507: result: yes
configure:3511: checking signal.h presence
configure:3521: mips-linux-gcc -E  conftest.c
configure:3527: $? = 0
configure:3547: result: yes
configure:3582: checking for signal.h
configure:3589: result: yes
configure:3607: checking for net/if.h
configure:3624: mips-linux-gcc -c -g -O2  conftest.c >&5
configure:3630: $? = 0
configure:3633: test -z 			 || test ! -s conftest.err
configure:3636: $? = 0
configure:3639: test -s conftest.o
configure:3642: $? = 0
configure:3653: result: yes
configure:3675: checking error.h usability
configure:3687: mips-linux-gcc -c -g -O2  conftest.c >&5
configure:3693: $? = 0
configure:3696: test -z 			 || test ! -s conftest.err
configure:3699: $? = 0
configure:3702: test -s conftest.o
configure:3705: $? = 0
configure:3715: result: yes
configure:3719: checking error.h presence
configure:3729: mips-linux-gcc -E  conftest.c
configure:3735: $? = 0
configure:3755: result: yes
configure:3790: checking for error.h
configure:3797: result: yes
configure:3817: checking for getopt_long
configure:3874: mips-linux-gcc -o conftest -g -O2   conftest.c -ldl -lnsl -lresolv  >&5
configure:3880: $? = 0
configure:3883: test -z 			 || test ! -s conftest.err
configure:3886: $? = 0
configure:3889: test -s conftest
configure:3892: $? = 0
configure:3904: result: yes
configure:3922: checking for dprintf
configure:3979: mips-linux-gcc -o conftest -g -O2   conftest.c -ldl -lnsl -lresolv  >&5
configure:3985: $? = 0
configure:3988: test -z 			 || test ! -s conftest.err
configure:3991: $? = 0
configure:3994: test -s conftest
configure:3997: $? = 0
configure:4009: result: yes
configure:4030: checking for perl
configure:4048: found /usr/bin/perl
configure:4061: result: /usr/bin/perl
configure:4180: creating ./config.status

## ---------------------- ##
## Running config.status. ##
## ---------------------- ##

This file was extended by UpdateDD config.status 2.5, which was
generated by GNU Autoconf 2.59.  Invocation command line was

  CONFIG_FILES    = 
  CONFIG_HEADERS  = 
  CONFIG_LINKS    = 
  CONFIG_COMMANDS = 
  $ ./config.status 

on titan.realtek.com

config.status:696: creating Makefile
config.status:696: creating libexception_handle/Makefile
config.status:696: creating src/Makefile
config.status:696: creating src/plugins/Makefile
config.status:696: creating scripts/Makefile
config.status:696: creating Documentation/Makefile
config.status:696: creating version.h
config.status:696: creating updatedd-wrapper/Makefile
config.status:696: creating updatedd-wrapper/create-config
config.status:696: creating updatedd-wrapper/updatedd-wrapper
config.status:696: creating scripts/interface.pl
config.status:696: creating scripts/ipserv.pl
config.status:762: creating config.h

## ---------------- ##
## Cache variables. ##
## ---------------- ##

ac_cv_c_compiler_gnu=yes
ac_cv_env_CC_set=
ac_cv_env_CC_value=
ac_cv_env_CFLAGS_set=
ac_cv_env_CFLAGS_value=
ac_cv_env_CPPFLAGS_set=
ac_cv_env_CPPFLAGS_value=
ac_cv_env_CPP_set=
ac_cv_env_CPP_value=
ac_cv_env_LDFLAGS_set=
ac_cv_env_LDFLAGS_value=
ac_cv_env_build_alias_set=
ac_cv_env_build_alias_value=
ac_cv_env_host_alias_set=set
ac_cv_env_host_alias_value=mips-linux
ac_cv_env_target_alias_set=
ac_cv_env_target_alias_value=
ac_cv_exeext=
ac_cv_func_dprintf=yes
ac_cv_func_getopt_long=yes
ac_cv_header_arpa_inet_h=yes
ac_cv_header_dirent_h=yes
ac_cv_header_dlfcn_h=yes
ac_cv_header_error_h=yes
ac_cv_header_inttypes_h=yes
ac_cv_header_memory_h=yes
ac_cv_header_net_if_h=yes
ac_cv_header_netdb_h=yes
ac_cv_header_netinet_in_h=yes
ac_cv_header_signal_h=yes
ac_cv_header_stdarg_h=yes
ac_cv_header_stdc=yes
ac_cv_header_stdint_h=yes
ac_cv_header_stdlib_h=yes
ac_cv_header_string_h=yes
ac_cv_header_strings_h=yes
ac_cv_header_sys_ioctl_h=yes
ac_cv_header_sys_stat_h=yes
ac_cv_header_sys_types_h=yes
ac_cv_header_syslog_h=yes
ac_cv_header_unistd_h=yes
ac_cv_lib_c_dlopen=no
ac_cv_lib_dl_dlopen=yes
ac_cv_lib_gnugetopt_getopt_long=no
ac_cv_lib_nsl_gethostbyname=yes
ac_cv_lib_resolv_gethostbyname=yes
ac_cv_lib_socket_connect=no
ac_cv_lib_ucb_sprintf=no
ac_cv_objext=o
ac_cv_path_PERL=/usr/bin/perl
ac_cv_path_install='/usr/bin/install -c'
ac_cv_prog_CC=mips-linux-gcc
ac_cv_prog_CPP='mips-linux-gcc -E'
ac_cv_prog_cc_g=yes
ac_cv_prog_cc_stdc=
ac_cv_prog_egrep='grep -E'

## ----------------- ##
## Output variables. ##
## ----------------- ##

CC='mips-linux-gcc'
CFLAGS='-Wall -Wwrite-strings -Wstrict-prototypes -Wno-trigraphs -g -O2'
CPP='mips-linux-gcc -E'
CPPFLAGS=''
DEFS='-DHAVE_CONFIG_H'
ECHO_C=''
ECHO_N='-n'
ECHO_T=''
EGREP='grep -E'
EXEEXT=''
INSTALL_DATA='${INSTALL} -m 644'
INSTALL_PROGRAM='${INSTALL}'
INSTALL_SCRIPT='${INSTALL}'
LDFLAGS=''
LIBOBJS=''
LIBS='-ldl -lnsl -lresolv '
LTLIBOBJS=''
OBJEXT='o'
PACKAGE_BUGREPORT='updatedd@philipp-benner.de'
PACKAGE_NAME='UpdateDD'
PACKAGE_STRING='UpdateDD 2.5'
PACKAGE_TARNAME='updatedd'
PACKAGE_VERSION='2.5'
PATH_SEPARATOR=':'
PERL='/usr/bin/perl'
SHELL='/bin/sh'
SUBDIRS='libexception_handle src src/plugins Documentation scripts updatedd-wrapper'
ac_ct_CC=''
bindir='${exec_prefix}/bin'
build_alias=''
datadir='${prefix}/share'
exec_prefix='${prefix}'
host_alias='mips-linux'
includedir='${prefix}/include'
infodir='${prefix}/info'
libdir='${exec_prefix}/lib'
libexecdir='${exec_prefix}/libexec'
localstatedir='${prefix}/var'
mandir='${prefix}/man'
oldincludedir='/usr/include'
prefix='/usr/local'
program_transform_name='s,x,x,'
sbindir='${exec_prefix}/sbin'
sharedstatedir='${prefix}/com'
sysconfdir='${prefix}/etc'
target_alias=''

## ----------- ##
## confdefs.h. ##
## ----------- ##

#define HAVE_ARPA_INET_H 1
#define HAVE_DIRENT_H 1
#define HAVE_DLFCN_H 1
#define HAVE_DPRINTF 1
#define HAVE_ERROR_H 1
#define HAVE_GETOPT_LONG 1
#define HAVE_INTTYPES_H 1
#define HAVE_LIBDL 1
#define HAVE_LIBNSL 1
#define HAVE_LIBRESOLV 1
#define HAVE_MEMORY_H 1
#define HAVE_NETDB_H 1
#define HAVE_NETINET_IN_H 1
#define HAVE_SIGNAL_H 1
#define HAVE_STDARG_H 1
#define HAVE_STDINT_H 1
#define HAVE_STDLIB_H 1
#define HAVE_STRINGS_H 1
#define HAVE_STRING_H 1
#define HAVE_SYSLOG_H 1
#define HAVE_SYS_IOCTL_H 1
#define HAVE_SYS_STAT_H 1
#define HAVE_SYS_TYPES_H 1
#define HAVE_UNISTD_H 1
#define LIBPATH $libdir/updatedd
#define PACKAGE_BUGREPORT "updatedd@philipp-benner.de"
#define PACKAGE_NAME "UpdateDD"
#define PACKAGE_STRING "UpdateDD 2.5"
#define PACKAGE_TARNAME "updatedd"
#define PACKAGE_VERSION "2.5"
#define STDC_HEADERS 1
#define _GNU_SOURCE 1

configure: exit 0
