This file contains any messages produced by compilers while
running configure, to aid debugging if configure makes a mistake.

It was created by ethtool configure 2.6.36, which was
generated by GNU Autoconf 2.67.  Invocation command line was

  $ ./configure 

## --------- ##
## Platform. ##
## --------- ##

hostname = adsl-linux-server
uname -m = i686
uname -r = 2.6.35-28-generic-pae
uname -s = Linux
uname -v = #50-Ubuntu SMP Fri Mar 18 20:43:15 UTC 2011

/usr/bin/uname -p = unknown
/bin/uname -X     = unknown

/bin/arch              = unknown
/usr/bin/arch -k       = unknown
/usr/convex/getsysinfo = unknown
/usr/bin/hostinfo      = unknown
/bin/machine           = unknown
/usr/bin/oslevel       = unknown
/bin/universe          = unknown

PATH: /toolchain/rsdk-1.2.8/linux/uclibc/bin/
PATH: ~/tools/tools
PATH: /toolchain/rsdk-1.2.8/linux/uclibc/bin/
PATH: ~/tools/tools
PATH: /usr/local/sbin
PATH: /usr/local/bin
PATH: /usr/sbin
PATH: /usr/bin
PATH: /sbin
PATH: /bin
PATH: /usr/games


## ----------- ##
## Core tests. ##
## ----------- ##

configure:2153: checking for a BSD-compatible install
configure:2221: result: /usr/bin/install -c
configure:2232: checking whether build environment is sane
configure:2282: result: yes
configure:2423: checking for a thread-safe mkdir -p
configure:2462: result: /bin/mkdir -p
configure:2475: checking for gawk
configure:2505: result: no
configure:2475: checking for mawk
configure:2491: found /usr/bin/mawk
configure:2502: result: mawk
configure:2513: checking whether make sets $(MAKE)
configure:2535: result: yes
configure:2619: checking whether to enable maintainer-specific portions of Makefiles
configure:2628: result: no
configure:2690: checking for gcc
configure:2706: found /usr/bin/gcc
configure:2717: result: gcc
configure:2946: checking for C compiler version
configure:2955: gcc --version >&5
gcc (Ubuntu/Linaro 4.4.4-14ubuntu5) 4.4.5
Copyright (C) 2010 Free Software Foundation, Inc.
This is free software; see the source for copying conditions.  There is NO
warranty; not even for MERCHANTABILITY or FITNESS FOR A PARTICULAR PURPOSE.

configure:2966: $? = 0
configure:2955: gcc -v >&5
Using built-in specs.
Target: i686-linux-gnu
Configured with: ../src/configure -v --with-pkgversion='Ubuntu/Linaro 4.4.4-14ubuntu5' --with-bugurl=file:///usr/share/doc/gcc-4.4/README.Bugs --enable-languages=c,c++,fortran,objc,obj-c++ --prefix=/usr --program-suffix=-4.4 --enable-shared --enable-multiarch --enable-linker-build-id --with-system-zlib --libexecdir=/usr/lib --without-included-gettext --enable-threads=posix --with-gxx-include-dir=/usr/include/c++/4.4 --libdir=/usr/lib --enable-nls --with-sysroot=/ --enable-clocale=gnu --enable-libstdcxx-debug --enable-objc-gc --enable-targets=all --disable-werror --with-arch-32=i686 --with-tune=generic --enable-checking=release --build=i686-linux-gnu --host=i686-linux-gnu --target=i686-linux-gnu
Thread model: posix
gcc version 4.4.5 (Ubuntu/Linaro 4.4.4-14ubuntu5) 
configure:2966: $? = 0
configure:2955: gcc -V >&5
gcc: '-V' option must have argument
configure:2966: $? = 1
configure:2955: gcc -qversion >&5
gcc: unrecognized option '-qversion'
gcc: no input files
configure:2966: $? = 1
configure:2986: checking whether the C compiler works
configure:3008: gcc    conftest.c  >&5
configure:3012: $? = 0
configure:3060: result: yes
configure:3063: checking for C compiler default output file name
configure:3065: result: a.out
configure:3071: checking for suffix of executables
configure:3078: gcc -o conftest    conftest.c  >&5
configure:3082: $? = 0
configure:3104: result: 
configure:3126: checking whether we are cross compiling
configure:3134: gcc -o conftest    conftest.c  >&5
configure:3138: $? = 0
configure:3145: ./conftest
configure:3149: $? = 0
configure:3164: result: no
configure:3169: checking for suffix of object files
configure:3191: gcc -c   conftest.c >&5
configure:3195: $? = 0
configure:3216: result: o
configure:3220: checking whether we are using the GNU C compiler
configure:3239: gcc -c   conftest.c >&5
configure:3239: $? = 0
configure:3248: result: yes
configure:3257: checking whether gcc accepts -g
configure:3277: gcc -c -g  conftest.c >&5
configure:3277: $? = 0
configure:3318: result: yes
configure:3335: checking for gcc option to accept ISO C89
configure:3399: gcc  -c -g -O2  conftest.c >&5
configure:3399: $? = 0
configure:3412: result: none needed
configure:3443: checking for style of include used by make
configure:3471: result: GNU
configure:3496: checking dependency style of gcc
configure:3606: result: gcc3
configure:3627: checking how to run the C preprocessor
configure:3658: gcc -E  conftest.c
configure:3658: $? = 0
configure:3672: gcc -E  conftest.c
conftest.c:11: fatal error: ac_nonexistent.h: No such file or directory
compilation terminated.
configure:3672: $? = 1
configure: failed program was:
| /* confdefs.h */
| #define PACKAGE_NAME "ethtool"
| #define PACKAGE_TARNAME "ethtool"
| #define PACKAGE_VERSION "2.6.36"
| #define PACKAGE_STRING "ethtool 2.6.36"
| #define PACKAGE_BUGREPORT ""
| #define PACKAGE_URL ""
| #define PACKAGE "ethtool"
| #define VERSION "2.6.36"
| /* end confdefs.h.  */
| #include <ac_nonexistent.h>
configure:3697: result: gcc -E
configure:3717: gcc -E  conftest.c
configure:3717: $? = 0
configure:3731: gcc -E  conftest.c
conftest.c:11: fatal error: ac_nonexistent.h: No such file or directory
compilation terminated.
configure:3731: $? = 1
configure: failed program was:
| /* confdefs.h */
| #define PACKAGE_NAME "ethtool"
| #define PACKAGE_TARNAME "ethtool"
| #define PACKAGE_VERSION "2.6.36"
| #define PACKAGE_STRING "ethtool 2.6.36"
| #define PACKAGE_BUGREPORT ""
| #define PACKAGE_URL ""
| #define PACKAGE "ethtool"
| #define VERSION "2.6.36"
| /* end confdefs.h.  */
| #include <ac_nonexistent.h>
configure:3760: checking for grep that handles long lines and -e
configure:3818: result: /bin/grep
configure:3823: checking for egrep
configure:3885: result: /bin/grep -E
configure:3891: checking whether gcc needs -traditional
configure:3925: result: no
configure:3934: checking for ANSI C header files
configure:3954: gcc -c -g -O2  conftest.c >&5
configure:3954: $? = 0
configure:4027: gcc -o conftest -g -O2   conftest.c  >&5
configure:4027: $? = 0
configure:4027: ./conftest
configure:4027: $? = 0
configure:4038: result: yes
configure:4051: checking for sys/types.h
configure:4051: gcc -c -g -O2  conftest.c >&5
configure:4051: $? = 0
configure:4051: result: yes
configure:4051: checking for sys/stat.h
configure:4051: gcc -c -g -O2  conftest.c >&5
configure:4051: $? = 0
configure:4051: result: yes
configure:4051: checking for stdlib.h
configure:4051: gcc -c -g -O2  conftest.c >&5
configure:4051: $? = 0
configure:4051: result: yes
configure:4051: checking for string.h
configure:4051: gcc -c -g -O2  conftest.c >&5
configure:4051: $? = 0
configure:4051: result: yes
configure:4051: checking for memory.h
configure:4051: gcc -c -g -O2  conftest.c >&5
configure:4051: $? = 0
configure:4051: result: yes
configure:4051: checking for strings.h
configure:4051: gcc -c -g -O2  conftest.c >&5
configure:4051: $? = 0
configure:4051: result: yes
configure:4051: checking for inttypes.h
configure:4051: gcc -c -g -O2  conftest.c >&5
configure:4051: $? = 0
configure:4051: result: yes
configure:4051: checking for stdint.h
configure:4051: gcc -c -g -O2  conftest.c >&5
configure:4051: $? = 0
configure:4051: result: yes
configure:4051: checking for unistd.h
configure:4051: gcc -c -g -O2  conftest.c >&5
configure:4051: $? = 0
configure:4051: result: yes
configure:4065: checking sys/ioctl.h usability
configure:4065: gcc -c -g -O2  conftest.c >&5
configure:4065: $? = 0
configure:4065: result: yes
configure:4065: checking sys/ioctl.h presence
configure:4065: gcc -E  conftest.c
configure:4065: $? = 0
configure:4065: result: yes
configure:4065: checking for sys/ioctl.h
configure:4065: result: yes
configure:4077: checking for ANSI C header files
configure:4181: result: yes
configure:4192: checking for socket
configure:4192: gcc -o conftest -g -O2   conftest.c  >&5
configure:4192: $? = 0
configure:4192: result: yes
configure:4192: checking for strtol
configure:4192: gcc -o conftest -g -O2   conftest.c  >&5
configure:4192: $? = 0
configure:4192: result: yes
configure:4327: creating ./config.status

## ---------------------- ##
## Running config.status. ##
## ---------------------- ##

This file was extended by ethtool config.status 2.6.36, which was
generated by GNU Autoconf 2.67.  Invocation command line was

  CONFIG_FILES    = 
  CONFIG_HEADERS  = 
  CONFIG_LINKS    = 
  CONFIG_COMMANDS = 
  $ ./config.status 

on adsl-linux-server

config.status:864: creating Makefile
config.status:864: creating ethtool.spec
config.status:864: creating ethtool-config.h
config.status:1092: executing depfiles commands

## ---------------- ##
## Cache variables. ##
## ---------------- ##

ac_cv_c_compiler_gnu=yes
ac_cv_env_CC_set=
ac_cv_env_CC_value=
ac_cv_env_CFLAGS_set=
ac_cv_env_CFLAGS_value=
ac_cv_env_CPPFLAGS_set=
ac_cv_env_CPPFLAGS_value=
ac_cv_env_CPP_set=
ac_cv_env_CPP_value=
ac_cv_env_LDFLAGS_set=
ac_cv_env_LDFLAGS_value=
ac_cv_env_LIBS_set=
ac_cv_env_LIBS_value=
ac_cv_env_build_alias_set=
ac_cv_env_build_alias_value=
ac_cv_env_host_alias_set=
ac_cv_env_host_alias_value=
ac_cv_env_target_alias_set=
ac_cv_env_target_alias_value=
ac_cv_func_socket=yes
ac_cv_func_strtol=yes
ac_cv_header_inttypes_h=yes
ac_cv_header_memory_h=yes
ac_cv_header_stdc=yes
ac_cv_header_stdint_h=yes
ac_cv_header_stdlib_h=yes
ac_cv_header_string_h=yes
ac_cv_header_strings_h=yes
ac_cv_header_sys_ioctl_h=yes
ac_cv_header_sys_stat_h=yes
ac_cv_header_sys_types_h=yes
ac_cv_header_unistd_h=yes
ac_cv_objext=o
ac_cv_path_EGREP='/bin/grep -E'
ac_cv_path_GREP=/bin/grep
ac_cv_path_install='/usr/bin/install -c'
ac_cv_path_mkdir=/bin/mkdir
ac_cv_prog_AWK=mawk
ac_cv_prog_CPP='gcc -E'
ac_cv_prog_ac_ct_CC=gcc
ac_cv_prog_cc_c89=
ac_cv_prog_cc_g=yes
ac_cv_prog_gcc_traditional=no
ac_cv_prog_make_make_set=yes
am_cv_CC_dependencies_compiler_type=gcc3

## ----------------- ##
## Output variables. ##
## ----------------- ##

ACLOCAL='${SHELL} /home/august_zhang/ethtool-2.6.36/missing --run aclocal-1.11'
AMDEPBACKSLASH='\'
AMDEP_FALSE='#'
AMDEP_TRUE=''
AMTAR='${SHELL} /home/august_zhang/ethtool-2.6.36/missing --run tar'
AUTOCONF='${SHELL} /home/august_zhang/ethtool-2.6.36/missing --run autoconf'
AUTOHEADER='${SHELL} /home/august_zhang/ethtool-2.6.36/missing --run autoheader'
AUTOMAKE='${SHELL} /home/august_zhang/ethtool-2.6.36/missing --run automake-1.11'
AWK='mawk'
CC='gcc'
CCDEPMODE='depmode=gcc3'
CFLAGS='-g -O2'
CPP='gcc -E'
CPPFLAGS=''
CYGPATH_W='echo'
DEFS='-DHAVE_CONFIG_H'
DEPDIR='.deps'
ECHO_C=''
ECHO_N='-n'
ECHO_T=''
EGREP='/bin/grep -E'
EXEEXT=''
GREP='/bin/grep'
INSTALL_DATA='${INSTALL} -m 644'
INSTALL_PROGRAM='${INSTALL}'
INSTALL_SCRIPT='${INSTALL}'
INSTALL_STRIP_PROGRAM='$(install_sh) -c -s'
LDFLAGS=''
LIBOBJS=''
LIBS=''
LTLIBOBJS=''
MAINT='#'
MAINTAINER_MODE_FALSE=''
MAINTAINER_MODE_TRUE='#'
MAKEINFO='${SHELL} /home/august_zhang/ethtool-2.6.36/missing --run makeinfo'
MKDIR_P='/bin/mkdir -p'
OBJEXT='o'
PACKAGE='ethtool'
PACKAGE_BUGREPORT=''
PACKAGE_NAME='ethtool'
PACKAGE_STRING='ethtool 2.6.36'
PACKAGE_TARNAME='ethtool'
PACKAGE_URL=''
PACKAGE_VERSION='2.6.36'
PATH_SEPARATOR=':'
SET_MAKE=''
SHELL='/bin/sh'
STRIP=''
VERSION='2.6.36'
ac_ct_CC='gcc'
am__EXEEXT_FALSE=''
am__EXEEXT_TRUE='#'
am__fastdepCC_FALSE='#'
am__fastdepCC_TRUE=''
am__include='include'
am__isrc=''
am__leading_dot='.'
am__quote=''
am__tar='${AMTAR} chof - "$$tardir"'
am__untar='${AMTAR} xf -'
bindir='${exec_prefix}/bin'
build_alias=''
datadir='${datarootdir}'
datarootdir='${prefix}/share'
docdir='${datarootdir}/doc/${PACKAGE_TARNAME}'
dvidir='${docdir}'
exec_prefix='${prefix}'
host_alias=''
htmldir='${docdir}'
includedir='${prefix}/include'
infodir='${datarootdir}/info'
install_sh='${SHELL} /home/august_zhang/ethtool-2.6.36/install-sh'
libdir='${exec_prefix}/lib'
libexecdir='${exec_prefix}/libexec'
localedir='${datarootdir}/locale'
localstatedir='${prefix}/var'
mandir='${datarootdir}/man'
mkdir_p='/bin/mkdir -p'
oldincludedir='/usr/include'
pdfdir='${docdir}'
prefix='/usr/local'
program_transform_name='s,x,x,'
psdir='${docdir}'
sbindir='${exec_prefix}/sbin'
sharedstatedir='${prefix}/com'
sysconfdir='${prefix}/etc'
target_alias=''

## ----------- ##
## confdefs.h. ##
## ----------- ##

/* confdefs.h */
#define PACKAGE_NAME "ethtool"
#define PACKAGE_TARNAME "ethtool"
#define PACKAGE_VERSION "2.6.36"
#define PACKAGE_STRING "ethtool 2.6.36"
#define PACKAGE_BUGREPORT ""
#define PACKAGE_URL ""
#define PACKAGE "ethtool"
#define VERSION "2.6.36"
#define STDC_HEADERS 1
#define HAVE_SYS_TYPES_H 1
#define HAVE_SYS_STAT_H 1
#define HAVE_STDLIB_H 1
#define HAVE_STRING_H 1
#define HAVE_MEMORY_H 1
#define HAVE_STRINGS_H 1
#define HAVE_INTTYPES_H 1
#define HAVE_STDINT_H 1
#define HAVE_UNISTD_H 1
#define HAVE_SYS_IOCTL_H 1
#define STDC_HEADERS 1
#define HAVE_SOCKET 1
#define HAVE_STRTOL 1

configure: exit 0
