This file contains any messages produced by compilers while
running configure, to aid debugging if configure makes a mistake.

It was created by usbutils configure 0.84, which was
generated by GNU Autoconf 2.63.  Invocation command line was

  $ ./configure --host=mips-linux --prefix=/home/jiunming/uClinux/uClinux-dist26-090715/user/usbtools/preinstall --exec-prefix=/home/jiunming/uClinux/uClinux-dist26-090715/user/usbtools/preinstall --disable-zlib

## --------- ##
## Platform. ##
## --------- ##

hostname = tamama
uname -m = i686
uname -r = 2.6.24.3
uname -s = Linux
uname -v = #1 SMP Wed Jun 25 14:51:25 CST 2008

/usr/bin/uname -p = unknown
/bin/uname -X     = unknown

/bin/arch              = unknown
/usr/bin/arch -k       = unknown
/usr/convex/getsysinfo = unknown
/usr/bin/hostinfo      = unknown
/bin/machine           = unknown
/usr/bin/oslevel       = unknown
/bin/universe          = unknown

PATH: /usr/local/sbin
PATH: /usr/local/bin
PATH: /usr/sbin
PATH: /usr/bin
PATH: /sbin
PATH: /bin
PATH: /usr/games
PATH: /home/jiunming/uClinux/uClinux-dist26-090715/tools


## ----------- ##
## Core tests. ##
## ----------- ##

configure:1886: checking for a BSD-compatible install
configure:1954: result: /usr/bin/install -c
configure:1965: checking whether build environment is sane
configure:2008: result: yes
configure:2033: checking for a thread-safe mkdir -p
configure:2072: result: /bin/mkdir -p
configure:2085: checking for gawk
configure:2101: found /usr/local/bin/gawk
configure:2112: result: gawk
configure:2123: checking whether make sets $(MAKE)
configure:2145: result: yes
configure:2225: checking for mips-linux-strip
configure:2252: result: /opt/toolchain_mips_nofpu/bin/mips-linux-strip
configure:2343: checking for style of include used by make
configure:2371: result: GNU
configure:2401: checking for mips-linux-gcc
configure:2428: result: /opt/toolchain_mips_nofpu/bin/mips-linux-gcc 
configure:2700: checking for C compiler version
configure:2708: /opt/toolchain_mips_nofpu/bin/mips-linux-gcc  --version >&5
mips-linux-gcc (GCC) 3.3.5
Copyright (C) 2003 Free Software Foundation, Inc.
This is free software; see the source for copying conditions.  There is NO
warranty; not even for MERCHANTABILITY or FITNESS FOR A PARTICULAR PURPOSE.

configure:2712: $? = 0
configure:2719: /opt/toolchain_mips_nofpu/bin/mips-linux-gcc  -v >&5
Reading specs from /opt/toolchain_mips_nofpu/bin-ccache/../lib/gcc-lib/mips-linux-uclibc/3.3.5/specs
Configured with: /opt/gcc-3.3.5/toolchain_build_mips_nofpu/gcc-3.3.5/configure --prefix=/opt/toolchain_mips_nofpu --build=i386-pc-linux-gnu --host=i386-pc-linux-gnu --target=mips-linux-uclibc --enable-languages=c,c++ --enable-shared --disable-__cxa_atexit --enable-target-optspace --with-gnu-ld --disable-nls --enable-multilib --without-float --enable-sjlj-exceptions
Thread model: posix
gcc version 3.3.5
configure:2723: $? = 0
configure:2730: /opt/toolchain_mips_nofpu/bin/mips-linux-gcc  -V >&5
mips-linux-gcc: `-V' option must have argument
configure:2734: $? = 1
configure:2757: checking for C compiler default output file name
configure:2779: /opt/toolchain_mips_nofpu/bin/mips-linux-gcc   -mips1 -msoft-float  -fPIC -Dlinux -D__linux__ -Dunix -DEMBED 	 -D_LINUX_2_6_ -nostdinc -I/home/jiunming/uClinux/uClinux-dist26-090715/lib/uClibc/include -I/home/jiunming/uClinux/uClinux-dist26-090715/lib/libcrypt -I/home/jiunming/uClinux/uClinux-dist26-090715/lib/zlib -I/home/jiunming/uClinux/uClinux-dist26-090715 -idirafter /opt/toolchain_mips_nofpu/bin-ccache/../lib/gcc-lib/mips-linux-uclibc/3.3.5//include -shared-libgcc -I/home/jiunming/uClinux/uClinux-dist26-090715/linux-2.6.x/include -I/home/jiunming/uClinux/uClinux-dist26-090715/user/usbtools/preinstall/include   -nostartfiles /home/jiunming/uClinux/uClinux-dist26-090715/lib/uClibc/lib/crt0.o -L/home/jiunming/uClinux/uClinux-dist26-090715/lib/uClibc/. -L/home/jiunming/uClinux/uClinux-dist26-090715/lib/uClibc/lib -L/home/jiunming/uClinux/uClinux-dist26-090715/lib/libm -L/home/jiunming/uClinux/uClinux-dist26-090715/lib/libnet -L/home/jiunming/uClinux/uClinux-dist26-090715/lib/libdes -L/home/jiunming/uClinux/uClinux-dist26-090715/lib/libaes -L/home/jiunming/uClinux/uClinux-dist26-090715/lib/libpcap -L/home/jiunming/uClinux/uClinux-dist26-090715/lib/libcrypt_old -L/home/jiunming/uClinux/uClinux-dist26-090715/lib/libssl conftest.c  >&5
configure:2783: $? = 0
configure:2821: result: a.out
configure:2840: checking whether the C compiler works
configure:2850: ./a.out
./configure: line 2852: ./a.out: cannot execute binary file
configure:2854: $? = 126
configure:2873: result: yes
configure:2880: checking whether we are cross compiling
configure:2882: result: yes
configure:2885: checking for suffix of executables
configure:2892: /opt/toolchain_mips_nofpu/bin/mips-linux-gcc  -o conftest  -mips1 -msoft-float  -fPIC -Dlinux -D__linux__ -Dunix -DEMBED 	 -D_LINUX_2_6_ -nostdinc -I/home/jiunming/uClinux/uClinux-dist26-090715/lib/uClibc/include -I/home/jiunming/uClinux/uClinux-dist26-090715/lib/libcrypt -I/home/jiunming/uClinux/uClinux-dist26-090715/lib/zlib -I/home/jiunming/uClinux/uClinux-dist26-090715 -idirafter /opt/toolchain_mips_nofpu/bin-ccache/../lib/gcc-lib/mips-linux-uclibc/3.3.5//include -shared-libgcc -I/home/jiunming/uClinux/uClinux-dist26-090715/linux-2.6.x/include -I/home/jiunming/uClinux/uClinux-dist26-090715/user/usbtools/preinstall/include   -nostartfiles /home/jiunming/uClinux/uClinux-dist26-090715/lib/uClibc/lib/crt0.o -L/home/jiunming/uClinux/uClinux-dist26-090715/lib/uClibc/. -L/home/jiunming/uClinux/uClinux-dist26-090715/lib/uClibc/lib -L/home/jiunming/uClinux/uClinux-dist26-090715/lib/libm -L/home/jiunming/uClinux/uClinux-dist26-090715/lib/libnet -L/home/jiunming/uClinux/uClinux-dist26-090715/lib/libdes -L/home/jiunming/uClinux/uClinux-dist26-090715/lib/libaes -L/home/jiunming/uClinux/uClinux-dist26-090715/lib/libpcap -L/home/jiunming/uClinux/uClinux-dist26-090715/lib/libcrypt_old -L/home/jiunming/uClinux/uClinux-dist26-090715/lib/libssl conftest.c  >&5
configure:2896: $? = 0
configure:2922: result: 
configure:2928: checking for suffix of object files
configure:2954: /opt/toolchain_mips_nofpu/bin/mips-linux-gcc  -c  -mips1 -msoft-float  -fPIC -Dlinux -D__linux__ -Dunix -DEMBED 	 -D_LINUX_2_6_ -nostdinc -I/home/jiunming/uClinux/uClinux-dist26-090715/lib/uClibc/include -I/home/jiunming/uClinux/uClinux-dist26-090715/lib/libcrypt -I/home/jiunming/uClinux/uClinux-dist26-090715/lib/zlib -I/home/jiunming/uClinux/uClinux-dist26-090715 -idirafter /opt/toolchain_mips_nofpu/bin-ccache/../lib/gcc-lib/mips-linux-uclibc/3.3.5//include -shared-libgcc -I/home/jiunming/uClinux/uClinux-dist26-090715/linux-2.6.x/include -I/home/jiunming/uClinux/uClinux-dist26-090715/user/usbtools/preinstall/include  conftest.c >&5
configure:2958: $? = 0
configure:2983: result: o
configure:2987: checking whether we are using the GNU C compiler
configure:3016: /opt/toolchain_mips_nofpu/bin/mips-linux-gcc  -c  -mips1 -msoft-float  -fPIC -Dlinux -D__linux__ -Dunix -DEMBED 	 -D_LINUX_2_6_ -nostdinc -I/home/jiunming/uClinux/uClinux-dist26-090715/lib/uClibc/include -I/home/jiunming/uClinux/uClinux-dist26-090715/lib/libcrypt -I/home/jiunming/uClinux/uClinux-dist26-090715/lib/zlib -I/home/jiunming/uClinux/uClinux-dist26-090715 -idirafter /opt/toolchain_mips_nofpu/bin-ccache/../lib/gcc-lib/mips-linux-uclibc/3.3.5//include -shared-libgcc -I/home/jiunming/uClinux/uClinux-dist26-090715/linux-2.6.x/include -I/home/jiunming/uClinux/uClinux-dist26-090715/user/usbtools/preinstall/include  conftest.c >&5
configure:3023: $? = 0
configure:3040: result: yes
configure:3049: checking whether /opt/toolchain_mips_nofpu/bin/mips-linux-gcc  accepts -g
configure:3079: /opt/toolchain_mips_nofpu/bin/mips-linux-gcc  -c -g  conftest.c >&5
configure:3086: $? = 0
configure:3187: result: yes
configure:3204: checking for /opt/toolchain_mips_nofpu/bin/mips-linux-gcc  option to accept ISO C89
configure:3278: /opt/toolchain_mips_nofpu/bin/mips-linux-gcc   -c  -mips1 -msoft-float  -fPIC -Dlinux -D__linux__ -Dunix -DEMBED 	 -D_LINUX_2_6_ -nostdinc -I/home/jiunming/uClinux/uClinux-dist26-090715/lib/uClibc/include -I/home/jiunming/uClinux/uClinux-dist26-090715/lib/libcrypt -I/home/jiunming/uClinux/uClinux-dist26-090715/lib/zlib -I/home/jiunming/uClinux/uClinux-dist26-090715 -idirafter /opt/toolchain_mips_nofpu/bin-ccache/../lib/gcc-lib/mips-linux-uclibc/3.3.5//include -shared-libgcc -I/home/jiunming/uClinux/uClinux-dist26-090715/linux-2.6.x/include -I/home/jiunming/uClinux/uClinux-dist26-090715/user/usbtools/preinstall/include  conftest.c >&5
configure:3285: $? = 0
configure:3308: result: none needed
configure:3328: checking dependency style of /opt/toolchain_mips_nofpu/bin/mips-linux-gcc 
configure:3419: result: gcc3
configure:3440: checking how to run the C preprocessor
configure:3480: /opt/toolchain_mips_nofpu/bin/mips-linux-gcc  -E  conftest.c
configure:3487: $? = 0
configure:3518: /opt/toolchain_mips_nofpu/bin/mips-linux-gcc  -E  conftest.c
conftest.c:10:28: ac_nonexistent.h: No such file or directory
configure:3525: $? = 1
configure: failed program was:
| /* confdefs.h.  */
| #define PACKAGE_NAME "usbutils"
| #define PACKAGE_TARNAME "usbutils"
| #define PACKAGE_VERSION "0.84"
| #define PACKAGE_STRING "usbutils 0.84"
| #define PACKAGE_BUGREPORT "linux-usb@vger.kernel.org"
| #define PACKAGE "usbutils"
| #define VERSION "0.84"
| /* end confdefs.h.  */
| #include <ac_nonexistent.h>
configure:3558: result: /opt/toolchain_mips_nofpu/bin/mips-linux-gcc  -E
configure:3587: /opt/toolchain_mips_nofpu/bin/mips-linux-gcc  -E  conftest.c
configure:3594: $? = 0
configure:3625: /opt/toolchain_mips_nofpu/bin/mips-linux-gcc  -E  conftest.c
conftest.c:10:28: ac_nonexistent.h: No such file or directory
configure:3632: $? = 1
configure: failed program was:
| /* confdefs.h.  */
| #define PACKAGE_NAME "usbutils"
| #define PACKAGE_TARNAME "usbutils"
| #define PACKAGE_VERSION "0.84"
| #define PACKAGE_STRING "usbutils 0.84"
| #define PACKAGE_BUGREPORT "linux-usb@vger.kernel.org"
| #define PACKAGE "usbutils"
| #define VERSION "0.84"
| /* end confdefs.h.  */
| #include <ac_nonexistent.h>
configure:3672: checking for grep that handles long lines and -e
configure:3732: result: /bin/grep
configure:3737: checking for egrep
configure:3801: result: /bin/grep -E
configure:3806: checking for ANSI C header files
configure:3836: /opt/toolchain_mips_nofpu/bin/mips-linux-gcc  -c  -mips1 -msoft-float  -fPIC -Dlinux -D__linux__ -Dunix -DEMBED 	 -D_LINUX_2_6_ -nostdinc -I/home/jiunming/uClinux/uClinux-dist26-090715/lib/uClibc/include -I/home/jiunming/uClinux/uClinux-dist26-090715/lib/libcrypt -I/home/jiunming/uClinux/uClinux-dist26-090715/lib/zlib -I/home/jiunming/uClinux/uClinux-dist26-090715 -idirafter /opt/toolchain_mips_nofpu/bin-ccache/../lib/gcc-lib/mips-linux-uclibc/3.3.5//include -shared-libgcc -I/home/jiunming/uClinux/uClinux-dist26-090715/linux-2.6.x/include -I/home/jiunming/uClinux/uClinux-dist26-090715/user/usbtools/preinstall/include  conftest.c >&5
configure:3843: $? = 0
configure:3974: result: yes
configure:3998: checking for sys/types.h
configure:4019: /opt/toolchain_mips_nofpu/bin/mips-linux-gcc  -c  -mips1 -msoft-float  -fPIC -Dlinux -D__linux__ -Dunix -DEMBED 	 -D_LINUX_2_6_ -nostdinc -I/home/jiunming/uClinux/uClinux-dist26-090715/lib/uClibc/include -I/home/jiunming/uClinux/uClinux-dist26-090715/lib/libcrypt -I/home/jiunming/uClinux/uClinux-dist26-090715/lib/zlib -I/home/jiunming/uClinux/uClinux-dist26-090715 -idirafter /opt/toolchain_mips_nofpu/bin-ccache/../lib/gcc-lib/mips-linux-uclibc/3.3.5//include -shared-libgcc -I/home/jiunming/uClinux/uClinux-dist26-090715/linux-2.6.x/include -I/home/jiunming/uClinux/uClinux-dist26-090715/user/usbtools/preinstall/include  conftest.c >&5
configure:4026: $? = 0
configure:4043: result: yes
configure:3998: checking for sys/stat.h
configure:4019: /opt/toolchain_mips_nofpu/bin/mips-linux-gcc  -c  -mips1 -msoft-float  -fPIC -Dlinux -D__linux__ -Dunix -DEMBED 	 -D_LINUX_2_6_ -nostdinc -I/home/jiunming/uClinux/uClinux-dist26-090715/lib/uClibc/include -I/home/jiunming/uClinux/uClinux-dist26-090715/lib/libcrypt -I/home/jiunming/uClinux/uClinux-dist26-090715/lib/zlib -I/home/jiunming/uClinux/uClinux-dist26-090715 -idirafter /opt/toolchain_mips_nofpu/bin-ccache/../lib/gcc-lib/mips-linux-uclibc/3.3.5//include -shared-libgcc -I/home/jiunming/uClinux/uClinux-dist26-090715/linux-2.6.x/include -I/home/jiunming/uClinux/uClinux-dist26-090715/user/usbtools/preinstall/include  conftest.c >&5
configure:4026: $? = 0
configure:4043: result: yes
configure:3998: checking for stdlib.h
configure:4019: /opt/toolchain_mips_nofpu/bin/mips-linux-gcc  -c  -mips1 -msoft-float  -fPIC -Dlinux -D__linux__ -Dunix -DEMBED 	 -D_LINUX_2_6_ -nostdinc -I/home/jiunming/uClinux/uClinux-dist26-090715/lib/uClibc/include -I/home/jiunming/uClinux/uClinux-dist26-090715/lib/libcrypt -I/home/jiunming/uClinux/uClinux-dist26-090715/lib/zlib -I/home/jiunming/uClinux/uClinux-dist26-090715 -idirafter /opt/toolchain_mips_nofpu/bin-ccache/../lib/gcc-lib/mips-linux-uclibc/3.3.5//include -shared-libgcc -I/home/jiunming/uClinux/uClinux-dist26-090715/linux-2.6.x/include -I/home/jiunming/uClinux/uClinux-dist26-090715/user/usbtools/preinstall/include  conftest.c >&5
configure:4026: $? = 0
configure:4043: result: yes
configure:3998: checking for string.h
configure:4019: /opt/toolchain_mips_nofpu/bin/mips-linux-gcc  -c  -mips1 -msoft-float  -fPIC -Dlinux -D__linux__ -Dunix -DEMBED 	 -D_LINUX_2_6_ -nostdinc -I/home/jiunming/uClinux/uClinux-dist26-090715/lib/uClibc/include -I/home/jiunming/uClinux/uClinux-dist26-090715/lib/libcrypt -I/home/jiunming/uClinux/uClinux-dist26-090715/lib/zlib -I/home/jiunming/uClinux/uClinux-dist26-090715 -idirafter /opt/toolchain_mips_nofpu/bin-ccache/../lib/gcc-lib/mips-linux-uclibc/3.3.5//include -shared-libgcc -I/home/jiunming/uClinux/uClinux-dist26-090715/linux-2.6.x/include -I/home/jiunming/uClinux/uClinux-dist26-090715/user/usbtools/preinstall/include  conftest.c >&5
configure:4026: $? = 0
configure:4043: result: yes
configure:3998: checking for memory.h
configure:4019: /opt/toolchain_mips_nofpu/bin/mips-linux-gcc  -c  -mips1 -msoft-float  -fPIC -Dlinux -D__linux__ -Dunix -DEMBED 	 -D_LINUX_2_6_ -nostdinc -I/home/jiunming/uClinux/uClinux-dist26-090715/lib/uClibc/include -I/home/jiunming/uClinux/uClinux-dist26-090715/lib/libcrypt -I/home/jiunming/uClinux/uClinux-dist26-090715/lib/zlib -I/home/jiunming/uClinux/uClinux-dist26-090715 -idirafter /opt/toolchain_mips_nofpu/bin-ccache/../lib/gcc-lib/mips-linux-uclibc/3.3.5//include -shared-libgcc -I/home/jiunming/uClinux/uClinux-dist26-090715/linux-2.6.x/include -I/home/jiunming/uClinux/uClinux-dist26-090715/user/usbtools/preinstall/include  conftest.c >&5
configure:4026: $? = 0
configure:4043: result: yes
configure:3998: checking for strings.h
configure:4019: /opt/toolchain_mips_nofpu/bin/mips-linux-gcc  -c  -mips1 -msoft-float  -fPIC -Dlinux -D__linux__ -Dunix -DEMBED 	 -D_LINUX_2_6_ -nostdinc -I/home/jiunming/uClinux/uClinux-dist26-090715/lib/uClibc/include -I/home/jiunming/uClinux/uClinux-dist26-090715/lib/libcrypt -I/home/jiunming/uClinux/uClinux-dist26-090715/lib/zlib -I/home/jiunming/uClinux/uClinux-dist26-090715 -idirafter /opt/toolchain_mips_nofpu/bin-ccache/../lib/gcc-lib/mips-linux-uclibc/3.3.5//include -shared-libgcc -I/home/jiunming/uClinux/uClinux-dist26-090715/linux-2.6.x/include -I/home/jiunming/uClinux/uClinux-dist26-090715/user/usbtools/preinstall/include  conftest.c >&5
configure:4026: $? = 0
configure:4043: result: yes
configure:3998: checking for inttypes.h
configure:4019: /opt/toolchain_mips_nofpu/bin/mips-linux-gcc  -c  -mips1 -msoft-float  -fPIC -Dlinux -D__linux__ -Dunix -DEMBED 	 -D_LINUX_2_6_ -nostdinc -I/home/jiunming/uClinux/uClinux-dist26-090715/lib/uClibc/include -I/home/jiunming/uClinux/uClinux-dist26-090715/lib/libcrypt -I/home/jiunming/uClinux/uClinux-dist26-090715/lib/zlib -I/home/jiunming/uClinux/uClinux-dist26-090715 -idirafter /opt/toolchain_mips_nofpu/bin-ccache/../lib/gcc-lib/mips-linux-uclibc/3.3.5//include -shared-libgcc -I/home/jiunming/uClinux/uClinux-dist26-090715/linux-2.6.x/include -I/home/jiunming/uClinux/uClinux-dist26-090715/user/usbtools/preinstall/include  conftest.c >&5
configure:4026: $? = 0
configure:4043: result: yes
configure:3998: checking for stdint.h
configure:4019: /opt/toolchain_mips_nofpu/bin/mips-linux-gcc  -c  -mips1 -msoft-float  -fPIC -Dlinux -D__linux__ -Dunix -DEMBED 	 -D_LINUX_2_6_ -nostdinc -I/home/jiunming/uClinux/uClinux-dist26-090715/lib/uClibc/include -I/home/jiunming/uClinux/uClinux-dist26-090715/lib/libcrypt -I/home/jiunming/uClinux/uClinux-dist26-090715/lib/zlib -I/home/jiunming/uClinux/uClinux-dist26-090715 -idirafter /opt/toolchain_mips_nofpu/bin-ccache/../lib/gcc-lib/mips-linux-uclibc/3.3.5//include -shared-libgcc -I/home/jiunming/uClinux/uClinux-dist26-090715/linux-2.6.x/include -I/home/jiunming/uClinux/uClinux-dist26-090715/user/usbtools/preinstall/include  conftest.c >&5
configure:4026: $? = 0
configure:4043: result: yes
configure:3998: checking for unistd.h
configure:4019: /opt/toolchain_mips_nofpu/bin/mips-linux-gcc  -c  -mips1 -msoft-float  -fPIC -Dlinux -D__linux__ -Dunix -DEMBED 	 -D_LINUX_2_6_ -nostdinc -I/home/jiunming/uClinux/uClinux-dist26-090715/lib/uClibc/include -I/home/jiunming/uClinux/uClinux-dist26-090715/lib/libcrypt -I/home/jiunming/uClinux/uClinux-dist26-090715/lib/zlib -I/home/jiunming/uClinux/uClinux-dist26-090715 -idirafter /opt/toolchain_mips_nofpu/bin-ccache/../lib/gcc-lib/mips-linux-uclibc/3.3.5//include -shared-libgcc -I/home/jiunming/uClinux/uClinux-dist26-090715/linux-2.6.x/include -I/home/jiunming/uClinux/uClinux-dist26-090715/user/usbtools/preinstall/include  conftest.c >&5
configure:4026: $? = 0
configure:4043: result: yes
configure:4068: checking minix/config.h usability
configure:4085: /opt/toolchain_mips_nofpu/bin/mips-linux-gcc  -c  -mips1 -msoft-float  -fPIC -Dlinux -D__linux__ -Dunix -DEMBED 	 -D_LINUX_2_6_ -nostdinc -I/home/jiunming/uClinux/uClinux-dist26-090715/lib/uClibc/include -I/home/jiunming/uClinux/uClinux-dist26-090715/lib/libcrypt -I/home/jiunming/uClinux/uClinux-dist26-090715/lib/zlib -I/home/jiunming/uClinux/uClinux-dist26-090715 -idirafter /opt/toolchain_mips_nofpu/bin-ccache/../lib/gcc-lib/mips-linux-uclibc/3.3.5//include -shared-libgcc -I/home/jiunming/uClinux/uClinux-dist26-090715/linux-2.6.x/include -I/home/jiunming/uClinux/uClinux-dist26-090715/user/usbtools/preinstall/include  conftest.c >&5
conftest.c:53:26: minix/config.h: No such file or directory
configure:4092: $? = 1
configure: failed program was:
| /* confdefs.h.  */
| #define PACKAGE_NAME "usbutils"
| #define PACKAGE_TARNAME "usbutils"
| #define PACKAGE_VERSION "0.84"
| #define PACKAGE_STRING "usbutils 0.84"
| #define PACKAGE_BUGREPORT "linux-usb@vger.kernel.org"
| #define PACKAGE "usbutils"
| #define VERSION "0.84"
| #define STDC_HEADERS 1
| #define HAVE_SYS_TYPES_H 1
| #define HAVE_SYS_STAT_H 1
| #define HAVE_STDLIB_H 1
| #define HAVE_STRING_H 1
| #define HAVE_MEMORY_H 1
| #define HAVE_STRINGS_H 1
| #define HAVE_INTTYPES_H 1
| #define HAVE_STDINT_H 1
| #define HAVE_UNISTD_H 1
| /* end confdefs.h.  */
| #include <stdio.h>
| #ifdef HAVE_SYS_TYPES_H
| # include <sys/types.h>
| #endif
| #ifdef HAVE_SYS_STAT_H
| # include <sys/stat.h>
| #endif
| #ifdef STDC_HEADERS
| # include <stdlib.h>
| # include <stddef.h>
| #else
| # ifdef HAVE_STDLIB_H
| #  include <stdlib.h>
| # endif
| #endif
| #ifdef HAVE_STRING_H
| # if !defined STDC_HEADERS && defined HAVE_MEMORY_H
| #  include <memory.h>
| # endif
| # include <string.h>
| #endif
| #ifdef HAVE_STRINGS_H
| # include <strings.h>
| #endif
| #ifdef HAVE_INTTYPES_H
| # include <inttypes.h>
| #endif
| #ifdef HAVE_STDINT_H
| # include <stdint.h>
| #endif
| #ifdef HAVE_UNISTD_H
| # include <unistd.h>
| #endif
| #include <minix/config.h>
configure:4106: result: no
configure:4110: checking minix/config.h presence
configure:4125: /opt/toolchain_mips_nofpu/bin/mips-linux-gcc  -E  conftest.c
conftest.c:20:26: minix/config.h: No such file or directory
configure:4132: $? = 1
configure: failed program was:
| /* confdefs.h.  */
| #define PACKAGE_NAME "usbutils"
| #define PACKAGE_TARNAME "usbutils"
| #define PACKAGE_VERSION "0.84"
| #define PACKAGE_STRING "usbutils 0.84"
| #define PACKAGE_BUGREPORT "linux-usb@vger.kernel.org"
| #define PACKAGE "usbutils"
| #define VERSION "0.84"
| #define STDC_HEADERS 1
| #define HAVE_SYS_TYPES_H 1
| #define HAVE_SYS_STAT_H 1
| #define HAVE_STDLIB_H 1
| #define HAVE_STRING_H 1
| #define HAVE_MEMORY_H 1
| #define HAVE_STRINGS_H 1
| #define HAVE_INTTYPES_H 1
| #define HAVE_STDINT_H 1
| #define HAVE_UNISTD_H 1
| /* end confdefs.h.  */
| #include <minix/config.h>
configure:4146: result: no
configure:4179: checking for minix/config.h
configure:4186: result: no
configure:4217: checking whether it is safe to define __EXTENSIONS__
configure:4245: /opt/toolchain_mips_nofpu/bin/mips-linux-gcc  -c  -mips1 -msoft-float  -fPIC -Dlinux -D__linux__ -Dunix -DEMBED 	 -D_LINUX_2_6_ -nostdinc -I/home/jiunming/uClinux/uClinux-dist26-090715/lib/uClibc/include -I/home/jiunming/uClinux/uClinux-dist26-090715/lib/libcrypt -I/home/jiunming/uClinux/uClinux-dist26-090715/lib/zlib -I/home/jiunming/uClinux/uClinux-dist26-090715 -idirafter /opt/toolchain_mips_nofpu/bin-ccache/../lib/gcc-lib/mips-linux-uclibc/3.3.5//include -shared-libgcc -I/home/jiunming/uClinux/uClinux-dist26-090715/linux-2.6.x/include -I/home/jiunming/uClinux/uClinux-dist26-090715/user/usbtools/preinstall/include  conftest.c >&5
configure:4252: $? = 0
configure:4267: result: yes
configure:4298: checking for special C compiler options needed for large files
configure:4393: result: no
configure:4399: checking for _FILE_OFFSET_BITS value needed for large files
configure:4434: /opt/toolchain_mips_nofpu/bin/mips-linux-gcc  -c  -mips1 -msoft-float  -fPIC -Dlinux -D__linux__ -Dunix -DEMBED 	 -D_LINUX_2_6_ -nostdinc -I/home/jiunming/uClinux/uClinux-dist26-090715/lib/uClibc/include -I/home/jiunming/uClinux/uClinux-dist26-090715/lib/libcrypt -I/home/jiunming/uClinux/uClinux-dist26-090715/lib/zlib -I/home/jiunming/uClinux/uClinux-dist26-090715 -idirafter /opt/toolchain_mips_nofpu/bin-ccache/../lib/gcc-lib/mips-linux-uclibc/3.3.5//include -shared-libgcc -I/home/jiunming/uClinux/uClinux-dist26-090715/linux-2.6.x/include -I/home/jiunming/uClinux/uClinux-dist26-090715/user/usbtools/preinstall/include  conftest.c >&5
conftest.c:31: warning: left shift count >= width of type
conftest.c:31: warning: left shift count >= width of type
conftest.c:33: error: size of array `off_t_is_large' is negative
configure:4441: $? = 1
configure: failed program was:
| /* confdefs.h.  */
| #define PACKAGE_NAME "usbutils"
| #define PACKAGE_TARNAME "usbutils"
| #define PACKAGE_VERSION "0.84"
| #define PACKAGE_STRING "usbutils 0.84"
| #define PACKAGE_BUGREPORT "linux-usb@vger.kernel.org"
| #define PACKAGE "usbutils"
| #define VERSION "0.84"
| #define STDC_HEADERS 1
| #define HAVE_SYS_TYPES_H 1
| #define HAVE_SYS_STAT_H 1
| #define HAVE_STDLIB_H 1
| #define HAVE_STRING_H 1
| #define HAVE_MEMORY_H 1
| #define HAVE_STRINGS_H 1
| #define HAVE_INTTYPES_H 1
| #define HAVE_STDINT_H 1
| #define HAVE_UNISTD_H 1
| #define __EXTENSIONS__ 1
| #define _ALL_SOURCE 1
| #define _GNU_SOURCE 1
| #define _POSIX_PTHREAD_SEMANTICS 1
| #define _TANDEM_SOURCE 1
| /* end confdefs.h.  */
| #include <sys/types.h>
|  /* Check that off_t can represent 2**63 - 1 correctly.
|     We can't simply define LARGE_OFF_T to be 9223372036854775807,
|     since some C++ compilers masquerading as C compilers
|     incorrectly reject 9223372036854775807.  */
| #define LARGE_OFF_T (((off_t) 1 << 62) - 1 + ((off_t) 1 << 62))
|   int off_t_is_large[(LARGE_OFF_T % 2147483629 == 721
| 		       && LARGE_OFF_T % 2147483647 == 1)
| 		      ? 1 : -1];
| int
| main ()
| {
| 
|   ;
|   return 0;
| }
configure:4485: /opt/toolchain_mips_nofpu/bin/mips-linux-gcc  -c  -mips1 -msoft-float  -fPIC -Dlinux -D__linux__ -Dunix -DEMBED 	 -D_LINUX_2_6_ -nostdinc -I/home/jiunming/uClinux/uClinux-dist26-090715/lib/uClibc/include -I/home/jiunming/uClinux/uClinux-dist26-090715/lib/libcrypt -I/home/jiunming/uClinux/uClinux-dist26-090715/lib/zlib -I/home/jiunming/uClinux/uClinux-dist26-090715 -idirafter /opt/toolchain_mips_nofpu/bin-ccache/../lib/gcc-lib/mips-linux-uclibc/3.3.5//include -shared-libgcc -I/home/jiunming/uClinux/uClinux-dist26-090715/linux-2.6.x/include -I/home/jiunming/uClinux/uClinux-dist26-090715/user/usbtools/preinstall/include  conftest.c >&5
In file included from /home/jiunming/uClinux/uClinux-dist26-090715/lib/uClibc/include/sys/types.h:26,
                 from conftest.c:26:
/home/jiunming/uClinux/uClinux-dist26-090715/lib/uClibc/include/features.h:348:2: #error It appears you have defined _FILE_OFFSET_BITS=64. Unfortunately, uClibc was built without large file support enabled.
configure:4492: $? = 1
configure: failed program was:
| /* confdefs.h.  */
| #define PACKAGE_NAME "usbutils"
| #define PACKAGE_TARNAME "usbutils"
| #define PACKAGE_VERSION "0.84"
| #define PACKAGE_STRING "usbutils 0.84"
| #define PACKAGE_BUGREPORT "linux-usb@vger.kernel.org"
| #define PACKAGE "usbutils"
| #define VERSION "0.84"
| #define STDC_HEADERS 1
| #define HAVE_SYS_TYPES_H 1
| #define HAVE_SYS_STAT_H 1
| #define HAVE_STDLIB_H 1
| #define HAVE_STRING_H 1
| #define HAVE_MEMORY_H 1
| #define HAVE_STRINGS_H 1
| #define HAVE_INTTYPES_H 1
| #define HAVE_STDINT_H 1
| #define HAVE_UNISTD_H 1
| #define __EXTENSIONS__ 1
| #define _ALL_SOURCE 1
| #define _GNU_SOURCE 1
| #define _POSIX_PTHREAD_SEMANTICS 1
| #define _TANDEM_SOURCE 1
| /* end confdefs.h.  */
| #define _FILE_OFFSET_BITS 64
| #include <sys/types.h>
|  /* Check that off_t can represent 2**63 - 1 correctly.
|     We can't simply define LARGE_OFF_T to be 9223372036854775807,
|     since some C++ compilers masquerading as C compilers
|     incorrectly reject 9223372036854775807.  */
| #define LARGE_OFF_T (((off_t) 1 << 62) - 1 + ((off_t) 1 << 62))
|   int off_t_is_large[(LARGE_OFF_T % 2147483629 == 721
| 		       && LARGE_OFF_T % 2147483647 == 1)
| 		      ? 1 : -1];
| int
| main ()
| {
| 
|   ;
|   return 0;
| }
configure:4510: result: unknown
configure:4522: checking for _LARGE_FILES value needed for large files
configure:4557: /opt/toolchain_mips_nofpu/bin/mips-linux-gcc  -c  -mips1 -msoft-float  -fPIC -Dlinux -D__linux__ -Dunix -DEMBED 	 -D_LINUX_2_6_ -nostdinc -I/home/jiunming/uClinux/uClinux-dist26-090715/lib/uClibc/include -I/home/jiunming/uClinux/uClinux-dist26-090715/lib/libcrypt -I/home/jiunming/uClinux/uClinux-dist26-090715/lib/zlib -I/home/jiunming/uClinux/uClinux-dist26-090715 -idirafter /opt/toolchain_mips_nofpu/bin-ccache/../lib/gcc-lib/mips-linux-uclibc/3.3.5//include -shared-libgcc -I/home/jiunming/uClinux/uClinux-dist26-090715/linux-2.6.x/include -I/home/jiunming/uClinux/uClinux-dist26-090715/user/usbtools/preinstall/include  conftest.c >&5
conftest.c:31: warning: left shift count >= width of type
conftest.c:31: warning: left shift count >= width of type
conftest.c:33: error: size of array `off_t_is_large' is negative
configure:4564: $? = 1
configure: failed program was:
| /* confdefs.h.  */
| #define PACKAGE_NAME "usbutils"
| #define PACKAGE_TARNAME "usbutils"
| #define PACKAGE_VERSION "0.84"
| #define PACKAGE_STRING "usbutils 0.84"
| #define PACKAGE_BUGREPORT "linux-usb@vger.kernel.org"
| #define PACKAGE "usbutils"
| #define VERSION "0.84"
| #define STDC_HEADERS 1
| #define HAVE_SYS_TYPES_H 1
| #define HAVE_SYS_STAT_H 1
| #define HAVE_STDLIB_H 1
| #define HAVE_STRING_H 1
| #define HAVE_MEMORY_H 1
| #define HAVE_STRINGS_H 1
| #define HAVE_INTTYPES_H 1
| #define HAVE_STDINT_H 1
| #define HAVE_UNISTD_H 1
| #define __EXTENSIONS__ 1
| #define _ALL_SOURCE 1
| #define _GNU_SOURCE 1
| #define _POSIX_PTHREAD_SEMANTICS 1
| #define _TANDEM_SOURCE 1
| /* end confdefs.h.  */
| #include <sys/types.h>
|  /* Check that off_t can represent 2**63 - 1 correctly.
|     We can't simply define LARGE_OFF_T to be 9223372036854775807,
|     since some C++ compilers masquerading as C compilers
|     incorrectly reject 9223372036854775807.  */
| #define LARGE_OFF_T (((off_t) 1 << 62) - 1 + ((off_t) 1 << 62))
|   int off_t_is_large[(LARGE_OFF_T % 2147483629 == 721
| 		       && LARGE_OFF_T % 2147483647 == 1)
| 		      ? 1 : -1];
| int
| main ()
| {
| 
|   ;
|   return 0;
| }
configure:4608: /opt/toolchain_mips_nofpu/bin/mips-linux-gcc  -c  -mips1 -msoft-float  -fPIC -Dlinux -D__linux__ -Dunix -DEMBED 	 -D_LINUX_2_6_ -nostdinc -I/home/jiunming/uClinux/uClinux-dist26-090715/lib/uClibc/include -I/home/jiunming/uClinux/uClinux-dist26-090715/lib/libcrypt -I/home/jiunming/uClinux/uClinux-dist26-090715/lib/zlib -I/home/jiunming/uClinux/uClinux-dist26-090715 -idirafter /opt/toolchain_mips_nofpu/bin-ccache/../lib/gcc-lib/mips-linux-uclibc/3.3.5//include -shared-libgcc -I/home/jiunming/uClinux/uClinux-dist26-090715/linux-2.6.x/include -I/home/jiunming/uClinux/uClinux-dist26-090715/user/usbtools/preinstall/include  conftest.c >&5
conftest.c:32: warning: left shift count >= width of type
conftest.c:32: warning: left shift count >= width of type
conftest.c:34: error: size of array `off_t_is_large' is negative
configure:4615: $? = 1
configure: failed program was:
| /* confdefs.h.  */
| #define PACKAGE_NAME "usbutils"
| #define PACKAGE_TARNAME "usbutils"
| #define PACKAGE_VERSION "0.84"
| #define PACKAGE_STRING "usbutils 0.84"
| #define PACKAGE_BUGREPORT "linux-usb@vger.kernel.org"
| #define PACKAGE "usbutils"
| #define VERSION "0.84"
| #define STDC_HEADERS 1
| #define HAVE_SYS_TYPES_H 1
| #define HAVE_SYS_STAT_H 1
| #define HAVE_STDLIB_H 1
| #define HAVE_STRING_H 1
| #define HAVE_MEMORY_H 1
| #define HAVE_STRINGS_H 1
| #define HAVE_INTTYPES_H 1
| #define HAVE_STDINT_H 1
| #define HAVE_UNISTD_H 1
| #define __EXTENSIONS__ 1
| #define _ALL_SOURCE 1
| #define _GNU_SOURCE 1
| #define _POSIX_PTHREAD_SEMANTICS 1
| #define _TANDEM_SOURCE 1
| /* end confdefs.h.  */
| #define _LARGE_FILES 1
| #include <sys/types.h>
|  /* Check that off_t can represent 2**63 - 1 correctly.
|     We can't simply define LARGE_OFF_T to be 9223372036854775807,
|     since some C++ compilers masquerading as C compilers
|     incorrectly reject 9223372036854775807.  */
| #define LARGE_OFF_T (((off_t) 1 << 62) - 1 + ((off_t) 1 << 62))
|   int off_t_is_large[(LARGE_OFF_T % 2147483629 == 721
| 		       && LARGE_OFF_T % 2147483647 == 1)
| 		      ? 1 : -1];
| int
| main ()
| {
| 
|   ;
|   return 0;
| }
configure:4633: result: unknown
configure:4753: checking for mips-linux-pkg-config
configure:4786: result: no
configure:4796: checking for pkg-config
configure:4814: found /usr/bin/pkg-config
configure:4826: result: /usr/bin/pkg-config
configure:4838: WARNING: using cross tools not prefixed with host triplet
configure:4851: checking pkg-config is at least version 0.9.0
configure:4854: result: yes
configure:4865: checking for LIBUSB
configure:4968: result: yes
configure:5103: creating ./config.status

## ---------------------- ##
## Running config.status. ##
## ---------------------- ##

This file was extended by usbutils config.status 0.84, which was
generated by GNU Autoconf 2.63.  Invocation command line was

  CONFIG_FILES    = 
  CONFIG_HEADERS  = 
  CONFIG_LINKS    = 
  CONFIG_COMMANDS = 
  $ ./config.status 

on tamama

config.status:786: creating Makefile
config.status:786: creating config.h
config.status:1060: executing depfiles commands
configure:6452: result:
	usbutils 0.84
	=============

	prefix:                 /home/jiunming/uClinux/uClinux-dist26-090715/user/usbtools/preinstall
	datarootdir:            ${prefix}/share
	datadir:                ${datarootdir}
	mandir:                 ${datarootdir}/man

	usb.ids:                ${datarootdir}/usb.ids
	zlib:                   

	compiler:               /opt/toolchain_mips_nofpu/bin/mips-linux-gcc 
	cflags:                  -mips1 -msoft-float  -fPIC -Dlinux -D__linux__ -Dunix -DEMBED 	 -D_LINUX_2_6_ -nostdinc -I/home/jiunming/uClinux/uClinux-dist26-090715/lib/uClibc/include -I/home/jiunming/uClinux/uClinux-dist26-090715/lib/libcrypt -I/home/jiunming/uClinux/uClinux-dist26-090715/lib/zlib -I/home/jiunming/uClinux/uClinux-dist26-090715 -idirafter /opt/toolchain_mips_nofpu/bin-ccache/../lib/gcc-lib/mips-linux-uclibc/3.3.5//include -shared-libgcc -I/home/jiunming/uClinux/uClinux-dist26-090715/linux-2.6.x/include -I/home/jiunming/uClinux/uClinux-dist26-090715/user/usbtools/preinstall/include
	ldflags:                 -nostartfiles /home/jiunming/uClinux/uClinux-dist26-090715/lib/uClibc/lib/crt0.o -L/home/jiunming/uClinux/uClinux-dist26-090715/lib/uClibc/. -L/home/jiunming/uClinux/uClinux-dist26-090715/lib/uClibc/lib -L/home/jiunming/uClinux/uClinux-dist26-090715/lib/libm -L/home/jiunming/uClinux/uClinux-dist26-090715/lib/libnet -L/home/jiunming/uClinux/uClinux-dist26-090715/lib/libdes -L/home/jiunming/uClinux/uClinux-dist26-090715/lib/libaes -L/home/jiunming/uClinux/uClinux-dist26-090715/lib/libpcap -L/home/jiunming/uClinux/uClinux-dist26-090715/lib/libcrypt_old -L/home/jiunming/uClinux/uClinux-dist26-090715/lib/libssl


## ---------------- ##
## Cache variables. ##
## ---------------- ##

ac_cv_c_compiler_gnu=yes
ac_cv_env_CC_set=set
ac_cv_env_CC_value='/opt/toolchain_mips_nofpu/bin/mips-linux-gcc '
ac_cv_env_CFLAGS_set=set
ac_cv_env_CFLAGS_value=' -mips1 -msoft-float  -fPIC -Dlinux -D__linux__ -Dunix -DEMBED 	 -D_LINUX_2_6_ -nostdinc -I/home/jiunming/uClinux/uClinux-dist26-090715/lib/uClibc/include -I/home/jiunming/uClinux/uClinux-dist26-090715/lib/libcrypt -I/home/jiunming/uClinux/uClinux-dist26-090715/lib/zlib -I/home/jiunming/uClinux/uClinux-dist26-090715 -idirafter /opt/toolchain_mips_nofpu/bin-ccache/../lib/gcc-lib/mips-linux-uclibc/3.3.5//include -shared-libgcc -I/home/jiunming/uClinux/uClinux-dist26-090715/linux-2.6.x/include -I/home/jiunming/uClinux/uClinux-dist26-090715/user/usbtools/preinstall/include'
ac_cv_env_CPPFLAGS_set=
ac_cv_env_CPPFLAGS_value=
ac_cv_env_CPP_set=
ac_cv_env_CPP_value=
ac_cv_env_LDFLAGS_set=set
ac_cv_env_LDFLAGS_value=' -nostartfiles /home/jiunming/uClinux/uClinux-dist26-090715/lib/uClibc/lib/crt0.o -L/home/jiunming/uClinux/uClinux-dist26-090715/lib/uClibc/. -L/home/jiunming/uClinux/uClinux-dist26-090715/lib/uClibc/lib -L/home/jiunming/uClinux/uClinux-dist26-090715/lib/libm -L/home/jiunming/uClinux/uClinux-dist26-090715/lib/libnet -L/home/jiunming/uClinux/uClinux-dist26-090715/lib/libdes -L/home/jiunming/uClinux/uClinux-dist26-090715/lib/libaes -L/home/jiunming/uClinux/uClinux-dist26-090715/lib/libpcap -L/home/jiunming/uClinux/uClinux-dist26-090715/lib/libcrypt_old -L/home/jiunming/uClinux/uClinux-dist26-090715/lib/libssl'
ac_cv_env_LIBS_set=
ac_cv_env_LIBS_value=
ac_cv_env_LIBUSB_CFLAGS_set=set
ac_cv_env_LIBUSB_CFLAGS_value=-I/home/jiunming/uClinux/uClinux-dist26-090715/user/usbtools/preinstall/include
ac_cv_env_LIBUSB_LIBS_set=set
ac_cv_env_LIBUSB_LIBS_value='-L/home/jiunming/uClinux/uClinux-dist26-090715/user/usbtools/preinstall/lib -lusb'
ac_cv_env_PKG_CONFIG_set=
ac_cv_env_PKG_CONFIG_value=
ac_cv_env_build_alias_set=
ac_cv_env_build_alias_value=
ac_cv_env_host_alias_set=set
ac_cv_env_host_alias_value=mips-linux
ac_cv_env_target_alias_set=
ac_cv_env_target_alias_value=
ac_cv_header_inttypes_h=yes
ac_cv_header_memory_h=yes
ac_cv_header_minix_config_h=no
ac_cv_header_stdc=yes
ac_cv_header_stdint_h=yes
ac_cv_header_stdlib_h=yes
ac_cv_header_string_h=yes
ac_cv_header_strings_h=yes
ac_cv_header_sys_stat_h=yes
ac_cv_header_sys_types_h=yes
ac_cv_header_unistd_h=yes
ac_cv_objext=o
ac_cv_path_EGREP='/bin/grep -E'
ac_cv_path_GREP=/bin/grep
ac_cv_path_ac_pt_PKG_CONFIG=/usr/bin/pkg-config
ac_cv_path_install='/usr/bin/install -c'
ac_cv_path_mkdir=/bin/mkdir
ac_cv_prog_AWK=gawk
ac_cv_prog_CC='/opt/toolchain_mips_nofpu/bin/mips-linux-gcc '
ac_cv_prog_CPP='/opt/toolchain_mips_nofpu/bin/mips-linux-gcc  -E'
ac_cv_prog_STRIP=/opt/toolchain_mips_nofpu/bin/mips-linux-strip
ac_cv_prog_cc_c89=
ac_cv_prog_cc_g=yes
ac_cv_prog_make_make_set=yes
ac_cv_safe_to_define___extensions__=yes
ac_cv_sys_file_offset_bits=unknown
ac_cv_sys_large_files=unknown
ac_cv_sys_largefile_CC=no
am_cv_CC_dependencies_compiler_type=gcc3
pkg_cv_LIBUSB_CFLAGS=-I/home/jiunming/uClinux/uClinux-dist26-090715/user/usbtools/preinstall/include
pkg_cv_LIBUSB_LIBS='-L/home/jiunming/uClinux/uClinux-dist26-090715/user/usbtools/preinstall/lib -lusb'

## ----------------- ##
## Output variables. ##
## ----------------- ##

ACLOCAL='${SHELL} /home/jiunming/uClinux/uClinux-dist26-090715/user/usbtools/usbutils-0.84/missing --run aclocal-1.10'
AMDEPBACKSLASH='\'
AMDEP_FALSE='#'
AMDEP_TRUE=''
AMTAR='${SHELL} /home/jiunming/uClinux/uClinux-dist26-090715/user/usbtools/usbutils-0.84/missing --run tar'
AUTOCONF='${SHELL} /home/jiunming/uClinux/uClinux-dist26-090715/user/usbtools/usbutils-0.84/missing --run autoconf'
AUTOHEADER='${SHELL} /home/jiunming/uClinux/uClinux-dist26-090715/user/usbtools/usbutils-0.84/missing --run autoheader'
AUTOMAKE='${SHELL} /home/jiunming/uClinux/uClinux-dist26-090715/user/usbtools/usbutils-0.84/missing --run automake-1.10'
AWK='gawk'
CC='/opt/toolchain_mips_nofpu/bin/mips-linux-gcc '
CCDEPMODE='depmode=gcc3'
CFLAGS=' -mips1 -msoft-float  -fPIC -Dlinux -D__linux__ -Dunix -DEMBED 	 -D_LINUX_2_6_ -nostdinc -I/home/jiunming/uClinux/uClinux-dist26-090715/lib/uClibc/include -I/home/jiunming/uClinux/uClinux-dist26-090715/lib/libcrypt -I/home/jiunming/uClinux/uClinux-dist26-090715/lib/zlib -I/home/jiunming/uClinux/uClinux-dist26-090715 -idirafter /opt/toolchain_mips_nofpu/bin-ccache/../lib/gcc-lib/mips-linux-uclibc/3.3.5//include -shared-libgcc -I/home/jiunming/uClinux/uClinux-dist26-090715/linux-2.6.x/include -I/home/jiunming/uClinux/uClinux-dist26-090715/user/usbtools/preinstall/include'
CPP='/opt/toolchain_mips_nofpu/bin/mips-linux-gcc  -E'
CPPFLAGS=''
CYGPATH_W='echo'
DEFS='-DHAVE_CONFIG_H'
DEPDIR='.deps'
ECHO_C=''
ECHO_N='-n'
ECHO_T=''
EGREP='/bin/grep -E'
EXEEXT=''
GREP='/bin/grep'
HAVE_ZLIB_FALSE=''
HAVE_ZLIB_TRUE='#'
INSTALL_DATA='${INSTALL} -m 644'
INSTALL_PROGRAM='${INSTALL}'
INSTALL_SCRIPT='${INSTALL}'
INSTALL_STRIP_PROGRAM='$(install_sh) -c -s'
LDFLAGS=' -nostartfiles /home/jiunming/uClinux/uClinux-dist26-090715/lib/uClibc/lib/crt0.o -L/home/jiunming/uClinux/uClinux-dist26-090715/lib/uClibc/. -L/home/jiunming/uClinux/uClinux-dist26-090715/lib/uClibc/lib -L/home/jiunming/uClinux/uClinux-dist26-090715/lib/libm -L/home/jiunming/uClinux/uClinux-dist26-090715/lib/libnet -L/home/jiunming/uClinux/uClinux-dist26-090715/lib/libdes -L/home/jiunming/uClinux/uClinux-dist26-090715/lib/libaes -L/home/jiunming/uClinux/uClinux-dist26-090715/lib/libpcap -L/home/jiunming/uClinux/uClinux-dist26-090715/lib/libcrypt_old -L/home/jiunming/uClinux/uClinux-dist26-090715/lib/libssl'
LIBOBJS=''
LIBS=''
LIBUSB_CFLAGS='-I/home/jiunming/uClinux/uClinux-dist26-090715/user/usbtools/preinstall/include'
LIBUSB_LIBS='-L/home/jiunming/uClinux/uClinux-dist26-090715/user/usbtools/preinstall/lib -lusb'
LTLIBOBJS=''
MAKEINFO='${SHELL} /home/jiunming/uClinux/uClinux-dist26-090715/user/usbtools/usbutils-0.84/missing --run makeinfo'
MKDIR_P='/bin/mkdir -p'
OBJEXT='o'
PACKAGE='usbutils'
PACKAGE_BUGREPORT='linux-usb@vger.kernel.org'
PACKAGE_NAME='usbutils'
PACKAGE_STRING='usbutils 0.84'
PACKAGE_TARNAME='usbutils'
PACKAGE_VERSION='0.84'
PATH_SEPARATOR=':'
PKG_CONFIG='/usr/bin/pkg-config'
SET_MAKE=''
SHELL='/bin/sh'
STRIP='/opt/toolchain_mips_nofpu/bin/mips-linux-strip'
VERSION='0.84'
ac_ct_CC=''
am__fastdepCC_FALSE='#'
am__fastdepCC_TRUE=''
am__include='include'
am__isrc=''
am__leading_dot='.'
am__quote=''
am__tar='${AMTAR} chof - "$$tardir"'
am__untar='${AMTAR} xf -'
bindir='${exec_prefix}/bin'
build_alias=''
datadir='${datarootdir}'
datarootdir='${prefix}/share'
docdir='${datarootdir}/doc/${PACKAGE_TARNAME}'
dvidir='${docdir}'
exec_prefix='/home/jiunming/uClinux/uClinux-dist26-090715/user/usbtools/preinstall'
host_alias='mips-linux'
htmldir='${docdir}'
includedir='${prefix}/include'
infodir='${datarootdir}/info'
install_sh='$(SHELL) /home/jiunming/uClinux/uClinux-dist26-090715/user/usbtools/usbutils-0.84/install-sh'
libdir='${exec_prefix}/lib'
libexecdir='${exec_prefix}/libexec'
localedir='${datarootdir}/locale'
localstatedir='${prefix}/var'
mandir='${datarootdir}/man'
mkdir_p='/bin/mkdir -p'
oldincludedir='/usr/include'
pdfdir='${docdir}'
prefix='/home/jiunming/uClinux/uClinux-dist26-090715/user/usbtools/preinstall'
program_transform_name='s,x,x,'
psdir='${docdir}'
sbindir='${exec_prefix}/sbin'
sharedstatedir='${prefix}/com'
sysconfdir='${prefix}/etc'
target_alias=''

## ----------- ##
## confdefs.h. ##
## ----------- ##

#define PACKAGE_NAME "usbutils"
#define PACKAGE_TARNAME "usbutils"
#define PACKAGE_VERSION "0.84"
#define PACKAGE_STRING "usbutils 0.84"
#define PACKAGE_BUGREPORT "linux-usb@vger.kernel.org"
#define PACKAGE "usbutils"
#define VERSION "0.84"
#define STDC_HEADERS 1
#define HAVE_SYS_TYPES_H 1
#define HAVE_SYS_STAT_H 1
#define HAVE_STDLIB_H 1
#define HAVE_STRING_H 1
#define HAVE_MEMORY_H 1
#define HAVE_STRINGS_H 1
#define HAVE_INTTYPES_H 1
#define HAVE_STDINT_H 1
#define HAVE_UNISTD_H 1
#define __EXTENSIONS__ 1
#define _ALL_SOURCE 1
#define _GNU_SOURCE 1
#define _POSIX_PTHREAD_SEMANTICS 1
#define _TANDEM_SOURCE 1

configure: exit 0
