This file contains any messages produced by compilers while
running configure, to aid debugging if configure makes a mistake.

It was created by Iperf configure 2.0.4, which was
generated by GNU Autoconf 2.60.  Invocation command line was

  $ ./configure --host=mips-linux --disable-threads --disable-web100

## --------- ##
## Platform. ##
## --------- ##

hostname = ubuntu
uname -m = i686
uname -r = 2.6.35-22-generic
uname -s = Linux
uname -v = #33-Ubuntu SMP Sun Sep 19 20:34:50 UTC 2010

/usr/bin/uname -p = unknown
/bin/uname -X     = unknown

/bin/arch              = unknown
/usr/bin/arch -k       = unknown
/usr/convex/getsysinfo = unknown
/usr/bin/hostinfo      = unknown
/bin/machine           = unknown
/usr/bin/oslevel       = unknown
/bin/universe          = unknown

PATH: /usr/local/sbin
PATH: /usr/local/bin
PATH: /usr/sbin
PATH: /usr/bin
PATH: /sbin
PATH: /bin
PATH: /usr/games
PATH: /rsdk-1.3.6-5181-EB-2.6.30-0.9.30/bin


## ----------- ##
## Core tests. ##
## ----------- ##

configure:1791: checking for a BSD-compatible install
configure:1847: result: /usr/bin/install -c
configure:1858: checking whether build environment is sane
configure:1901: result: yes
configure:1966: checking for gawk
configure:1982: found /usr/bin/gawk
configure:1993: result: gawk
configure:2004: checking whether make sets $(MAKE)
configure:2025: result: yes
configure:2101: checking for mips-linux-strip
configure:2117: found /rsdk-1.3.6-5181-EB-2.6.30-0.9.30/bin/mips-linux-strip
configure:2128: result: mips-linux-strip
configure:2361: checking for C++ compiler version
configure:2368: rsdk-linux-c++ --version >&5
rsdk-linux-c++ (GCC) 3.4.6-1.3.6
Copyright (C) 2006 Free Software Foundation, Inc.
This is free software; see the source for copying conditions.  There is NO
warranty; not even for MERCHANTABILITY or FITNESS FOR A PARTICULAR PURPOSE.

configure:2371: $? = 0
configure:2378: rsdk-linux-c++ -v >&5
Reading specs from /home/krammer/toolchain/rsdk-1.3.6-5181-EB-2.6.30-0.9.30/bin/../lib/gcc/mips-linux/3.4.6-1.3.6/specs
Configured with: RSDK Builder release 1.3
Thread model: posix
gcc version 3.4.6-1.3.6
configure:2381: $? = 0
configure:2388: rsdk-linux-c++ -V >&5
rsdk-linux-c++: `-V' option must have argument
configure:2391: $? = 1
configure:2414: checking for C++ compiler default output file name
configure:2441: rsdk-linux-c++   -static conftest.cpp  >&5
configure:2444: $? = 0
configure:2490: result: a.out
configure:2495: checking whether the C++ compiler works
configure:2505: ./a.out
./configure: line 2506: ./a.out: cannot execute binary file
configure:2508: $? = 126
configure:2525: result: yes
configure:2532: checking whether we are cross compiling
configure:2534: result: yes
configure:2537: checking for suffix of executables
configure:2544: rsdk-linux-c++ -o conftest   -static conftest.cpp  >&5
configure:2547: $? = 0
configure:2571: result: 
configure:2577: checking for suffix of object files
configure:2603: rsdk-linux-c++ -c   conftest.cpp >&5
configure:2606: $? = 0
configure:2629: result: o
configure:2633: checking whether we are using the GNU C++ compiler
configure:2662: rsdk-linux-c++ -c   conftest.cpp >&5
configure:2668: $? = 0
configure:2675: test -z "$ac_cxx_werror_flag" || test ! -s conftest.err
configure:2678: $? = 0
configure:2685: test -s conftest.o
configure:2688: $? = 0
configure:2702: result: yes
configure:2707: checking whether rsdk-linux-c++ accepts -g
configure:2737: rsdk-linux-c++ -c -g  conftest.cpp >&5
configure:2743: $? = 0
configure:2750: test -z "$ac_cxx_werror_flag" || test ! -s conftest.err
configure:2753: $? = 0
configure:2760: test -s conftest.o
configure:2763: $? = 0
configure:2893: result: yes
configure:2927: checking for style of include used by make
configure:2955: result: GNU
configure:2983: checking dependency style of rsdk-linux-c++
configure:3073: result: gcc3
configure:3099: checking for mips-linux-gcc
configure:3126: result: rsdk-linux-gcc
configure:3404: checking for C compiler version
configure:3411: rsdk-linux-gcc --version >&5
mips-linux-gcc (GCC) 3.4.6-1.3.6
Copyright (C) 2006 Free Software Foundation, Inc.
This is free software; see the source for copying conditions.  There is NO
warranty; not even for MERCHANTABILITY or FITNESS FOR A PARTICULAR PURPOSE.

configure:3414: $? = 0
configure:3421: rsdk-linux-gcc -v >&5
Reading specs from /home/krammer/toolchain/rsdk-1.3.6-5181-EB-2.6.30-0.9.30/bin/../lib/gcc/mips-linux/3.4.6-1.3.6/specs
Configured with: RSDK Builder release 1.3
Thread model: posix
gcc version 3.4.6-1.3.6
configure:3424: $? = 0
configure:3431: rsdk-linux-gcc -V >&5
mips-linux-gcc: `-V' must come at the start of the command line
configure:3434: $? = 1
configure:3437: checking whether we are using the GNU C compiler
configure:3466: rsdk-linux-gcc -c   conftest.c >&5
configure:3472: $? = 0
configure:3479: test -z "$ac_c_werror_flag" || test ! -s conftest.err
configure:3482: $? = 0
configure:3489: test -s conftest.o
configure:3492: $? = 0
configure:3506: result: yes
configure:3511: checking whether rsdk-linux-gcc accepts -g
configure:3541: rsdk-linux-gcc -c -g  conftest.c >&5
configure:3547: $? = 0
configure:3554: test -z "$ac_c_werror_flag" || test ! -s conftest.err
configure:3557: $? = 0
configure:3564: test -s conftest.o
configure:3567: $? = 0
configure:3697: result: yes
configure:3714: checking for rsdk-linux-gcc option to accept ISO C89
configure:3788: rsdk-linux-gcc  -c -g -O2  conftest.c >&5
configure:3794: $? = 0
configure:3801: test -z "$ac_c_werror_flag" || test ! -s conftest.err
configure:3804: $? = 0
configure:3811: test -s conftest.o
configure:3814: $? = 0
configure:3834: result: none needed
configure:3854: checking dependency style of rsdk-linux-gcc
configure:3944: result: gcc3
configure:3964: checking for strerror in -lcposix
configure:3999: rsdk-linux-gcc -o conftest  -O2   -static conftest.c -lcposix   >&5
/home/krammer/toolchain/rsdk-1.3.6-5181-EB-2.6.30-0.9.30/bin/../lib/gcc/mips-linux/3.4.6-1.3.6/../../../../mips-linux/bin/ld: cannot find -lcposix
collect2: ld returned 1 exit status
configure:4005: $? = 1
configure: failed program was:
| /* confdefs.h.  */
| #define PACKAGE_NAME "Iperf"
| #define PACKAGE_TARNAME "iperf"
| #define PACKAGE_VERSION "2.0.4"
| #define PACKAGE_STRING "Iperf 2.0.4"
| #define PACKAGE_BUGREPORT ""
| #define PACKAGE "iperf"
| #define VERSION "2.0.4"
| /* end confdefs.h.  */
| 
| /* Override any GCC internal prototype to avoid an error.
|    Use char because int might match the return type of a GCC
|    builtin and then its argument prototype would still apply.  */
| #ifdef __cplusplus
| extern "C"
| #endif
| char strerror ();
| int
| main ()
| {
| return strerror ();
|   ;
|   return 0;
| }
configure:4039: result: no
configure:4060: checking for a BSD-compatible install
configure:4116: result: /usr/bin/install -c
configure:4127: checking whether make sets $(MAKE)
configure:4148: result: yes
configure:4160: checking for mips-linux-ranlib
configure:4176: found /rsdk-1.3.6-5181-EB-2.6.30-0.9.30/bin/mips-linux-ranlib
configure:4187: result: mips-linux-ranlib
configure:4265: checking build system type
configure:4283: result: i686-pc-linux-gnu
configure:4305: checking host system type
configure:4320: result: mips-unknown-linux-gnu
configure:4888: checking for gethostbyname
configure:4944: rsdk-linux-gcc -o conftest  -O2   -static conftest.c  >&5
configure:4950: $? = 0
configure:4957: test -z "$ac_c_werror_flag" || test ! -s conftest.err
configure:4960: $? = 0
configure:4967: test -s conftest
configure:4970: $? = 0
configure:4983: result: yes
configure:5077: checking for socket
configure:5133: rsdk-linux-gcc -o conftest  -O2   -static conftest.c  >&5
configure:5139: $? = 0
configure:5146: test -z "$ac_c_werror_flag" || test ! -s conftest.err
configure:5149: $? = 0
configure:5156: test -s conftest
configure:5159: $? = 0
configure:5172: result: yes
configure:5272: checking how to run the C preprocessor
configure:5312: rsdk-linux-gcc -E  conftest.c
configure:5318: $? = 0
configure:5356: rsdk-linux-gcc -E  conftest.c
conftest.c:10:28: ac_nonexistent.h: No such file or directory
configure:5362: $? = 1
configure: failed program was:
| /* confdefs.h.  */
| #define PACKAGE_NAME "Iperf"
| #define PACKAGE_TARNAME "iperf"
| #define PACKAGE_VERSION "2.0.4"
| #define PACKAGE_STRING "Iperf 2.0.4"
| #define PACKAGE_BUGREPORT ""
| #define PACKAGE "iperf"
| #define VERSION "2.0.4"
| /* end confdefs.h.  */
| #include <ac_nonexistent.h>
configure:5402: result: rsdk-linux-gcc -E
configure:5431: rsdk-linux-gcc -E  conftest.c
configure:5437: $? = 0
configure:5475: rsdk-linux-gcc -E  conftest.c
conftest.c:10:28: ac_nonexistent.h: No such file or directory
configure:5481: $? = 1
configure: failed program was:
| /* confdefs.h.  */
| #define PACKAGE_NAME "Iperf"
| #define PACKAGE_TARNAME "iperf"
| #define PACKAGE_VERSION "2.0.4"
| #define PACKAGE_STRING "Iperf 2.0.4"
| #define PACKAGE_BUGREPORT ""
| #define PACKAGE "iperf"
| #define VERSION "2.0.4"
| /* end confdefs.h.  */
| #include <ac_nonexistent.h>
configure:5526: checking for grep that handles long lines and -e
configure:5600: result: /bin/grep
configure:5605: checking for egrep
configure:5683: result: /bin/grep -E
configure:5688: checking for ANSI C header files
configure:5718: rsdk-linux-gcc -c  -O2   conftest.c >&5
configure:5724: $? = 0
configure:5731: test -z "$ac_c_werror_flag" || test ! -s conftest.err
configure:5734: $? = 0
configure:5741: test -s conftest.o
configure:5744: $? = 0
configure:5869: result: yes
configure:5893: checking for sys/types.h
configure:5914: rsdk-linux-gcc -c  -O2   conftest.c >&5
configure:5920: $? = 0
configure:5927: test -z "$ac_c_werror_flag" || test ! -s conftest.err
configure:5930: $? = 0
configure:5937: test -s conftest.o
configure:5940: $? = 0
configure:5953: result: yes
configure:5893: checking for sys/stat.h
configure:5914: rsdk-linux-gcc -c  -O2   conftest.c >&5
configure:5920: $? = 0
configure:5927: test -z "$ac_c_werror_flag" || test ! -s conftest.err
configure:5930: $? = 0
configure:5937: test -s conftest.o
configure:5940: $? = 0
configure:5953: result: yes
configure:5893: checking for stdlib.h
configure:5914: rsdk-linux-gcc -c  -O2   conftest.c >&5
configure:5920: $? = 0
configure:5927: test -z "$ac_c_werror_flag" || test ! -s conftest.err
configure:5930: $? = 0
configure:5937: test -s conftest.o
configure:5940: $? = 0
configure:5953: result: yes
configure:5893: checking for string.h
configure:5914: rsdk-linux-gcc -c  -O2   conftest.c >&5
configure:5920: $? = 0
configure:5927: test -z "$ac_c_werror_flag" || test ! -s conftest.err
configure:5930: $? = 0
configure:5937: test -s conftest.o
configure:5940: $? = 0
configure:5953: result: yes
configure:5893: checking for memory.h
configure:5914: rsdk-linux-gcc -c  -O2   conftest.c >&5
configure:5920: $? = 0
configure:5927: test -z "$ac_c_werror_flag" || test ! -s conftest.err
configure:5930: $? = 0
configure:5937: test -s conftest.o
configure:5940: $? = 0
configure:5953: result: yes
configure:5893: checking for strings.h
configure:5914: rsdk-linux-gcc -c  -O2   conftest.c >&5
configure:5920: $? = 0
configure:5927: test -z "$ac_c_werror_flag" || test ! -s conftest.err
configure:5930: $? = 0
configure:5937: test -s conftest.o
configure:5940: $? = 0
configure:5953: result: yes
configure:5893: checking for inttypes.h
configure:5914: rsdk-linux-gcc -c  -O2   conftest.c >&5
configure:5920: $? = 0
configure:5927: test -z "$ac_c_werror_flag" || test ! -s conftest.err
configure:5930: $? = 0
configure:5937: test -s conftest.o
configure:5940: $? = 0
configure:5953: result: yes
configure:5893: checking for stdint.h
configure:5914: rsdk-linux-gcc -c  -O2   conftest.c >&5
configure:5920: $? = 0
configure:5927: test -z "$ac_c_werror_flag" || test ! -s conftest.err
configure:5930: $? = 0
configure:5937: test -s conftest.o
configure:5940: $? = 0
configure:5953: result: yes
configure:5893: checking for unistd.h
configure:5914: rsdk-linux-gcc -c  -O2   conftest.c >&5
configure:5920: $? = 0
configure:5927: test -z "$ac_c_werror_flag" || test ! -s conftest.err
configure:5930: $? = 0
configure:5937: test -s conftest.o
configure:5940: $? = 0
configure:5953: result: yes
configure:5990: checking arpa/inet.h usability
configure:6007: rsdk-linux-gcc -c  -O2   conftest.c >&5
configure:6013: $? = 0
configure:6020: test -z "$ac_c_werror_flag" || test ! -s conftest.err
configure:6023: $? = 0
configure:6030: test -s conftest.o
configure:6033: $? = 0
configure:6044: result: yes
configure:6048: checking arpa/inet.h presence
configure:6063: rsdk-linux-gcc -E  conftest.c
configure:6069: $? = 0
configure:6090: result: yes
configure:6118: checking for arpa/inet.h
configure:6126: result: yes
configure:5990: checking libintl.h usability
configure:6007: rsdk-linux-gcc -c  -O2   conftest.c >&5
conftest.c:54:21: libintl.h: No such file or directory
configure:6013: $? = 1
configure: failed program was:
| /* confdefs.h.  */
| #define PACKAGE_NAME "Iperf"
| #define PACKAGE_TARNAME "iperf"
| #define PACKAGE_VERSION "2.0.4"
| #define PACKAGE_STRING "Iperf 2.0.4"
| #define PACKAGE_BUGREPORT ""
| #define PACKAGE "iperf"
| #define VERSION "2.0.4"
| #define STDC_HEADERS 1
| #define HAVE_SYS_TYPES_H 1
| #define HAVE_SYS_STAT_H 1
| #define HAVE_STDLIB_H 1
| #define HAVE_STRING_H 1
| #define HAVE_MEMORY_H 1
| #define HAVE_STRINGS_H 1
| #define HAVE_INTTYPES_H 1
| #define HAVE_STDINT_H 1
| #define HAVE_UNISTD_H 1
| #define HAVE_ARPA_INET_H 1
| /* end confdefs.h.  */
| #include <stdio.h>
| #if HAVE_SYS_TYPES_H
| # include <sys/types.h>
| #endif
| #if HAVE_SYS_STAT_H
| # include <sys/stat.h>
| #endif
| #if STDC_HEADERS
| # include <stdlib.h>
| # include <stddef.h>
| #else
| # if HAVE_STDLIB_H
| #  include <stdlib.h>
| # endif
| #endif
| #if HAVE_STRING_H
| # if !STDC_HEADERS && HAVE_MEMORY_H
| #  include <memory.h>
| # endif
| # include <string.h>
| #endif
| #if HAVE_STRINGS_H
| # include <strings.h>
| #endif
| #if HAVE_INTTYPES_H
| # include <inttypes.h>
| #endif
| #if HAVE_STDINT_H
| # include <stdint.h>
| #endif
| #if HAVE_UNISTD_H
| # include <unistd.h>
| #endif
| #include <libintl.h>
configure:6044: result: no
configure:6048: checking libintl.h presence
configure:6063: rsdk-linux-gcc -E  conftest.c
conftest.c:21:21: libintl.h: No such file or directory
configure:6069: $? = 1
configure: failed program was:
| /* confdefs.h.  */
| #define PACKAGE_NAME "Iperf"
| #define PACKAGE_TARNAME "iperf"
| #define PACKAGE_VERSION "2.0.4"
| #define PACKAGE_STRING "Iperf 2.0.4"
| #define PACKAGE_BUGREPORT ""
| #define PACKAGE "iperf"
| #define VERSION "2.0.4"
| #define STDC_HEADERS 1
| #define HAVE_SYS_TYPES_H 1
| #define HAVE_SYS_STAT_H 1
| #define HAVE_STDLIB_H 1
| #define HAVE_STRING_H 1
| #define HAVE_MEMORY_H 1
| #define HAVE_STRINGS_H 1
| #define HAVE_INTTYPES_H 1
| #define HAVE_STDINT_H 1
| #define HAVE_UNISTD_H 1
| #define HAVE_ARPA_INET_H 1
| /* end confdefs.h.  */
| #include <libintl.h>
configure:6090: result: no
configure:6118: checking for libintl.h
configure:6126: result: no
configure:5990: checking netdb.h usability
configure:6007: rsdk-linux-gcc -c  -O2   conftest.c >&5
configure:6013: $? = 0
configure:6020: test -z "$ac_c_werror_flag" || test ! -s conftest.err
configure:6023: $? = 0
configure:6030: test -s conftest.o
configure:6033: $? = 0
configure:6044: result: yes
configure:6048: checking netdb.h presence
configure:6063: rsdk-linux-gcc -E  conftest.c
configure:6069: $? = 0
configure:6090: result: yes
configure:6118: checking for netdb.h
configure:6126: result: yes
configure:5990: checking netinet/in.h usability
configure:6007: rsdk-linux-gcc -c  -O2   conftest.c >&5
configure:6013: $? = 0
configure:6020: test -z "$ac_c_werror_flag" || test ! -s conftest.err
configure:6023: $? = 0
configure:6030: test -s conftest.o
configure:6033: $? = 0
configure:6044: result: yes
configure:6048: checking netinet/in.h presence
configure:6063: rsdk-linux-gcc -E  conftest.c
configure:6069: $? = 0
configure:6090: result: yes
configure:6118: checking for netinet/in.h
configure:6126: result: yes
configure:5980: checking for stdlib.h
configure:5986: result: yes
configure:5980: checking for string.h
configure:5986: result: yes
configure:5980: checking for strings.h
configure:5986: result: yes
configure:5990: checking sys/socket.h usability
configure:6007: rsdk-linux-gcc -c  -O2   conftest.c >&5
configure:6013: $? = 0
configure:6020: test -z "$ac_c_werror_flag" || test ! -s conftest.err
configure:6023: $? = 0
configure:6030: test -s conftest.o
configure:6033: $? = 0
configure:6044: result: yes
configure:6048: checking sys/socket.h presence
configure:6063: rsdk-linux-gcc -E  conftest.c
configure:6069: $? = 0
configure:6090: result: yes
configure:6118: checking for sys/socket.h
configure:6126: result: yes
configure:5990: checking sys/time.h usability
configure:6007: rsdk-linux-gcc -c  -O2   conftest.c >&5
configure:6013: $? = 0
configure:6020: test -z "$ac_c_werror_flag" || test ! -s conftest.err
configure:6023: $? = 0
configure:6030: test -s conftest.o
configure:6033: $? = 0
configure:6044: result: yes
configure:6048: checking sys/time.h presence
configure:6063: rsdk-linux-gcc -E  conftest.c
configure:6069: $? = 0
configure:6090: result: yes
configure:6118: checking for sys/time.h
configure:6126: result: yes
configure:5990: checking syslog.h usability
configure:6007: rsdk-linux-gcc -c  -O2   conftest.c >&5
configure:6013: $? = 0
configure:6020: test -z "$ac_c_werror_flag" || test ! -s conftest.err
configure:6023: $? = 0
configure:6030: test -s conftest.o
configure:6033: $? = 0
configure:6044: result: yes
configure:6048: checking syslog.h presence
configure:6063: rsdk-linux-gcc -E  conftest.c
configure:6069: $? = 0
configure:6090: result: yes
configure:6118: checking for syslog.h
configure:6126: result: yes
configure:5980: checking for unistd.h
configure:5986: result: yes
configure:6141: checking for an ANSI C-conforming const
configure:6216: rsdk-linux-gcc -c  -O2   conftest.c >&5
configure:6222: $? = 0
configure:6229: test -z "$ac_c_werror_flag" || test ! -s conftest.err
configure:6232: $? = 0
configure:6239: test -s conftest.o
configure:6242: $? = 0
configure:6254: result: yes
configure:6264: checking for size_t
configure:6294: rsdk-linux-gcc -c  -O2   conftest.c >&5
configure:6300: $? = 0
configure:6307: test -z "$ac_c_werror_flag" || test ! -s conftest.err
configure:6310: $? = 0
configure:6317: test -s conftest.o
configure:6320: $? = 0
configure:6332: result: yes
configure:6344: checking for ssize_t
configure:6374: rsdk-linux-gcc -c  -O2   conftest.c >&5
configure:6380: $? = 0
configure:6387: test -z "$ac_c_werror_flag" || test ! -s conftest.err
configure:6390: $? = 0
configure:6397: test -s conftest.o
configure:6400: $? = 0
configure:6412: result: yes
configure:6428: checking whether time.h and sys/time.h may both be included
configure:6458: rsdk-linux-gcc -c  -O2   conftest.c >&5
configure:6464: $? = 0
configure:6471: test -z "$ac_c_werror_flag" || test ! -s conftest.err
configure:6474: $? = 0
configure:6481: test -s conftest.o
configure:6484: $? = 0
configure:6496: result: yes
configure:6506: checking whether struct tm is in sys/time.h or time.h
configure:6534: rsdk-linux-gcc -c  -O2   conftest.c >&5
configure:6540: $? = 0
configure:6547: test -z "$ac_c_werror_flag" || test ! -s conftest.err
configure:6550: $? = 0
configure:6557: test -s conftest.o
configure:6560: $? = 0
configure:6572: result: time.h
configure:6584: checking for stdint types
configure:6617: rsdk-linux-gcc -c   conftest.c >&5
configure:6623: $? = 0
configure:6630: test -z "$ac_c_werror_flag" || test ! -s conftest.err
configure:6633: $? = 0
configure:6640: test -s conftest.o
configure:6643: $? = 0
configure:6673: result: stdint.h (shortcircuit)
configure:10005: result: make use of stdint.h in include/iperf-int.h (assuming C99 compatible system)
configure:10014: checking 3rd argument of accept
configure:10053: rsdk-linux-c++ -c  -O2   conftest.cpp >&5
configure:10059: $? = 0
configure:10066: test -z "$ac_cxx_werror_flag" || test ! -s conftest.err
configure:10069: $? = 0
configure:10076: test -s conftest.o
configure:10079: $? = 0
configure:10421: result: socklen_t
configure:10434: checking for pid_t
configure:10464: rsdk-linux-gcc -c  -O2   conftest.c >&5
configure:10470: $? = 0
configure:10477: test -z "$ac_c_werror_flag" || test ! -s conftest.err
configure:10480: $? = 0
configure:10487: test -s conftest.o
configure:10490: $? = 0
configure:10502: result: yes
configure:10529: checking vfork.h usability
configure:10546: rsdk-linux-gcc -c  -O2   conftest.c >&5
conftest.c:66:19: vfork.h: No such file or directory
configure:10552: $? = 1
configure: failed program was:
| /* confdefs.h.  */
| #define PACKAGE_NAME "Iperf"
| #define PACKAGE_TARNAME "iperf"
| #define PACKAGE_VERSION "2.0.4"
| #define PACKAGE_STRING "Iperf 2.0.4"
| #define PACKAGE_BUGREPORT ""
| #define PACKAGE "iperf"
| #define VERSION "2.0.4"
| #define STDC_HEADERS 1
| #define HAVE_SYS_TYPES_H 1
| #define HAVE_SYS_STAT_H 1
| #define HAVE_STDLIB_H 1
| #define HAVE_STRING_H 1
| #define HAVE_MEMORY_H 1
| #define HAVE_STRINGS_H 1
| #define HAVE_INTTYPES_H 1
| #define HAVE_STDINT_H 1
| #define HAVE_UNISTD_H 1
| #define HAVE_ARPA_INET_H 1
| #define HAVE_NETDB_H 1
| #define HAVE_NETINET_IN_H 1
| #define HAVE_STDLIB_H 1
| #define HAVE_STRING_H 1
| #define HAVE_STRINGS_H 1
| #define HAVE_SYS_SOCKET_H 1
| #define HAVE_SYS_TIME_H 1
| #define HAVE_SYSLOG_H 1
| #define HAVE_UNISTD_H 1
| #define HAVE_SSIZE_T 1
| #define TIME_WITH_SYS_TIME 1
| #define Socklen_t socklen_t
| /* end confdefs.h.  */
| #include <stdio.h>
| #if HAVE_SYS_TYPES_H
| # include <sys/types.h>
| #endif
| #if HAVE_SYS_STAT_H
| # include <sys/stat.h>
| #endif
| #if STDC_HEADERS
| # include <stdlib.h>
| # include <stddef.h>
| #else
| # if HAVE_STDLIB_H
| #  include <stdlib.h>
| # endif
| #endif
| #if HAVE_STRING_H
| # if !STDC_HEADERS && HAVE_MEMORY_H
| #  include <memory.h>
| # endif
| # include <string.h>
| #endif
| #if HAVE_STRINGS_H
| # include <strings.h>
| #endif
| #if HAVE_INTTYPES_H
| # include <inttypes.h>
| #endif
| #if HAVE_STDINT_H
| # include <stdint.h>
| #endif
| #if HAVE_UNISTD_H
| # include <unistd.h>
| #endif
| #include <vfork.h>
configure:10583: result: no
configure:10587: checking vfork.h presence
configure:10602: rsdk-linux-gcc -E  conftest.c
conftest.c:33:19: vfork.h: No such file or directory
configure:10608: $? = 1
configure: failed program was:
| /* confdefs.h.  */
| #define PACKAGE_NAME "Iperf"
| #define PACKAGE_TARNAME "iperf"
| #define PACKAGE_VERSION "2.0.4"
| #define PACKAGE_STRING "Iperf 2.0.4"
| #define PACKAGE_BUGREPORT ""
| #define PACKAGE "iperf"
| #define VERSION "2.0.4"
| #define STDC_HEADERS 1
| #define HAVE_SYS_TYPES_H 1
| #define HAVE_SYS_STAT_H 1
| #define HAVE_STDLIB_H 1
| #define HAVE_STRING_H 1
| #define HAVE_MEMORY_H 1
| #define HAVE_STRINGS_H 1
| #define HAVE_INTTYPES_H 1
| #define HAVE_STDINT_H 1
| #define HAVE_UNISTD_H 1
| #define HAVE_ARPA_INET_H 1
| #define HAVE_NETDB_H 1
| #define HAVE_NETINET_IN_H 1
| #define HAVE_STDLIB_H 1
| #define HAVE_STRING_H 1
| #define HAVE_STRINGS_H 1
| #define HAVE_SYS_SOCKET_H 1
| #define HAVE_SYS_TIME_H 1
| #define HAVE_SYSLOG_H 1
| #define HAVE_UNISTD_H 1
| #define HAVE_SSIZE_T 1
| #define TIME_WITH_SYS_TIME 1
| #define Socklen_t socklen_t
| /* end confdefs.h.  */
| #include <vfork.h>
configure:10629: result: no
configure:10657: checking for vfork.h
configure:10665: result: no
configure:10683: checking for fork
configure:10739: rsdk-linux-gcc -o conftest  -O2   -static conftest.c  >&5
configure:10745: $? = 0
configure:10752: test -z "$ac_c_werror_flag" || test ! -s conftest.err
configure:10755: $? = 0
configure:10762: test -s conftest
configure:10765: $? = 0
configure:10779: result: yes
configure:10683: checking for vfork
configure:10739: rsdk-linux-gcc -o conftest  -O2   -static conftest.c  >&5
configure:10745: $? = 0
configure:10752: test -z "$ac_c_werror_flag" || test ! -s conftest.err
configure:10755: $? = 0
configure:10762: test -s conftest
configure:10765: $? = 0
configure:10779: result: yes
configure:10790: checking for working fork
configure:10850: result: cross
configure:10866: WARNING: result yes guessed because of cross compilation
configure:10871: checking for working vfork
configure:11009: result: yes
configure:11045: checking for stdlib.h
configure:11051: result: yes
configure:11204: checking for GNU libc compatible malloc
configure:11266: result: yes
configure:11294: checking for working memcmp
configure:11375: result: no
configure:11400: checking sys/select.h usability
configure:11417: rsdk-linux-gcc -c  -O2   conftest.c >&5
configure:11423: $? = 0
configure:11430: test -z "$ac_c_werror_flag" || test ! -s conftest.err
configure:11433: $? = 0
configure:11440: test -s conftest.o
configure:11443: $? = 0
configure:11454: result: yes
configure:11458: checking sys/select.h presence
configure:11473: rsdk-linux-gcc -E  conftest.c
configure:11479: $? = 0
configure:11500: result: yes
configure:11528: checking for sys/select.h
configure:11536: result: yes
configure:11390: checking for sys/socket.h
configure:11396: result: yes
configure:11549: checking types of arguments for select
configure:11587: rsdk-linux-gcc -c  -O2   conftest.c >&5
configure:11593: $? = 0
configure:11600: test -z "$ac_c_werror_flag" || test ! -s conftest.err
configure:11603: $? = 0
configure:11610: test -s conftest.o
configure:11613: $? = 0
configure:11631: result: int,fd_set *,struct timeval *
configure:11654: checking return type of signal handlers
configure:11682: rsdk-linux-gcc -c  -O2   conftest.c >&5
conftest.c: In function `main':
conftest.c:50: error: void value not ignored as it ought to be
configure:11688: $? = 1
configure: failed program was:
| /* confdefs.h.  */
| #define PACKAGE_NAME "Iperf"
| #define PACKAGE_TARNAME "iperf"
| #define PACKAGE_VERSION "2.0.4"
| #define PACKAGE_STRING "Iperf 2.0.4"
| #define PACKAGE_BUGREPORT ""
| #define PACKAGE "iperf"
| #define VERSION "2.0.4"
| #define STDC_HEADERS 1
| #define HAVE_SYS_TYPES_H 1
| #define HAVE_SYS_STAT_H 1
| #define HAVE_STDLIB_H 1
| #define HAVE_STRING_H 1
| #define HAVE_MEMORY_H 1
| #define HAVE_STRINGS_H 1
| #define HAVE_INTTYPES_H 1
| #define HAVE_STDINT_H 1
| #define HAVE_UNISTD_H 1
| #define HAVE_ARPA_INET_H 1
| #define HAVE_NETDB_H 1
| #define HAVE_NETINET_IN_H 1
| #define HAVE_STDLIB_H 1
| #define HAVE_STRING_H 1
| #define HAVE_STRINGS_H 1
| #define HAVE_SYS_SOCKET_H 1
| #define HAVE_SYS_TIME_H 1
| #define HAVE_SYSLOG_H 1
| #define HAVE_UNISTD_H 1
| #define HAVE_SSIZE_T 1
| #define TIME_WITH_SYS_TIME 1
| #define Socklen_t socklen_t
| #define HAVE_FORK 1
| #define HAVE_VFORK 1
| #define HAVE_WORKING_VFORK 1
| #define HAVE_WORKING_FORK 1
| #define HAVE_STDLIB_H 1
| #define HAVE_MALLOC 1
| #define HAVE_SYS_SELECT_H 1
| #define HAVE_SYS_SOCKET_H 1
| #define SELECT_TYPE_ARG1 int
| #define SELECT_TYPE_ARG234 (fd_set *)
| #define SELECT_TYPE_ARG5 (struct timeval *)
| /* end confdefs.h.  */
| #include <sys/types.h>
| #include <signal.h>
| 
| int
| main ()
| {
| return *(signal (0, 0)) (0) == 1;
|   ;
|   return 0;
| }
configure:11720: result: void
configure:11732: checking for strftime
configure:11788: rsdk-linux-gcc -o conftest  -O2   -static conftest.c  >&5
conftest.c:68: warning: conflicting types for built-in function 'strftime'
configure:11794: $? = 0
configure:11801: test -z "$ac_c_werror_flag" || test ! -s conftest.err
configure:11804: $? = 0
configure:11811: test -s conftest
configure:11814: $? = 0
configure:11828: result: yes
configure:11929: checking for vprintf
configure:11985: rsdk-linux-gcc -o conftest  -O2   -static conftest.c  >&5
conftest.c:69: warning: conflicting types for built-in function 'vprintf'
configure:11991: $? = 0
configure:11998: test -z "$ac_c_werror_flag" || test ! -s conftest.err
configure:12001: $? = 0
configure:12008: test -s conftest
configure:12011: $? = 0
configure:12025: result: yes
configure:12032: checking for _doprnt
configure:12088: rsdk-linux-gcc -o conftest  -O2   -static conftest.c  >&5
/tmp/ccKOviEY.o: In function `main':
conftest.c:(.text+0x18): undefined reference to `_doprnt'
collect2: ld returned 1 exit status
configure:12094: $? = 1
configure: failed program was:
| /* confdefs.h.  */
| #define PACKAGE_NAME "Iperf"
| #define PACKAGE_TARNAME "iperf"
| #define PACKAGE_VERSION "2.0.4"
| #define PACKAGE_STRING "Iperf 2.0.4"
| #define PACKAGE_BUGREPORT ""
| #define PACKAGE "iperf"
| #define VERSION "2.0.4"
| #define STDC_HEADERS 1
| #define HAVE_SYS_TYPES_H 1
| #define HAVE_SYS_STAT_H 1
| #define HAVE_STDLIB_H 1
| #define HAVE_STRING_H 1
| #define HAVE_MEMORY_H 1
| #define HAVE_STRINGS_H 1
| #define HAVE_INTTYPES_H 1
| #define HAVE_STDINT_H 1
| #define HAVE_UNISTD_H 1
| #define HAVE_ARPA_INET_H 1
| #define HAVE_NETDB_H 1
| #define HAVE_NETINET_IN_H 1
| #define HAVE_STDLIB_H 1
| #define HAVE_STRING_H 1
| #define HAVE_STRINGS_H 1
| #define HAVE_SYS_SOCKET_H 1
| #define HAVE_SYS_TIME_H 1
| #define HAVE_SYSLOG_H 1
| #define HAVE_UNISTD_H 1
| #define HAVE_SSIZE_T 1
| #define TIME_WITH_SYS_TIME 1
| #define Socklen_t socklen_t
| #define HAVE_FORK 1
| #define HAVE_VFORK 1
| #define HAVE_WORKING_VFORK 1
| #define HAVE_WORKING_FORK 1
| #define HAVE_STDLIB_H 1
| #define HAVE_MALLOC 1
| #define HAVE_SYS_SELECT_H 1
| #define HAVE_SYS_SOCKET_H 1
| #define SELECT_TYPE_ARG1 int
| #define SELECT_TYPE_ARG234 (fd_set *)
| #define SELECT_TYPE_ARG5 (struct timeval *)
| #define RETSIGTYPE void
| #define HAVE_STRFTIME 1
| #define HAVE_VPRINTF 1
| /* end confdefs.h.  */
| /* Define _doprnt to an innocuous variant, in case <limits.h> declares _doprnt.
|    For example, HP-UX 11i <limits.h> declares gettimeofday.  */
| #define _doprnt innocuous__doprnt
| 
| /* System header to define __stub macros and hopefully few prototypes,
|     which can conflict with char _doprnt (); below.
|     Prefer <limits.h> to <assert.h> if __STDC__ is defined, since
|     <limits.h> exists even on freestanding compilers.  */
| 
| #ifdef __STDC__
| # include <limits.h>
| #else
| # include <assert.h>
| #endif
| 
| #undef _doprnt
| 
| /* Override any GCC internal prototype to avoid an error.
|    Use char because int might match the return type of a GCC
|    builtin and then its argument prototype would still apply.  */
| #ifdef __cplusplus
| extern "C"
| #endif
| char _doprnt ();
| /* The GNU C library defines this for functions which it implements
|     to always fail with ENOSYS.  Some functions are actually named
|     something starting with __ and the normal name is an alias.  */
| #if defined __stub__doprnt || defined __stub____doprnt
| choke me
| #endif
| 
| int
| main ()
| {
| return _doprnt ();
|   ;
|   return 0;
| }
configure:12127: result: no
configure:12153: checking for atexit
configure:12209: rsdk-linux-gcc -o conftest  -O2   -static conftest.c  >&5
configure:12215: $? = 0
configure:12222: test -z "$ac_c_werror_flag" || test ! -s conftest.err
configure:12225: $? = 0
configure:12232: test -s conftest
configure:12235: $? = 0
configure:12249: result: yes
configure:12153: checking for gettimeofday
configure:12209: rsdk-linux-gcc -o conftest  -O2   -static conftest.c  >&5
configure:12215: $? = 0
configure:12222: test -z "$ac_c_werror_flag" || test ! -s conftest.err
configure:12225: $? = 0
configure:12232: test -s conftest
configure:12235: $? = 0
configure:12249: result: yes
configure:12153: checking for memset
configure:12209: rsdk-linux-gcc -o conftest  -O2   -static conftest.c  >&5
conftest.c:72: warning: conflicting types for built-in function 'memset'
configure:12215: $? = 0
configure:12222: test -z "$ac_c_werror_flag" || test ! -s conftest.err
configure:12225: $? = 0
configure:12232: test -s conftest
configure:12235: $? = 0
configure:12249: result: yes
configure:12153: checking for pthread_cancel
configure:12209: rsdk-linux-gcc -o conftest  -O2   -static conftest.c  >&5
/tmp/ccwgKgDV.o: In function `main':
conftest.c:(.text+0x18): undefined reference to `pthread_cancel'
collect2: ld returned 1 exit status
configure:12215: $? = 1
configure: failed program was:
| /* confdefs.h.  */
| #define PACKAGE_NAME "Iperf"
| #define PACKAGE_TARNAME "iperf"
| #define PACKAGE_VERSION "2.0.4"
| #define PACKAGE_STRING "Iperf 2.0.4"
| #define PACKAGE_BUGREPORT ""
| #define PACKAGE "iperf"
| #define VERSION "2.0.4"
| #define STDC_HEADERS 1
| #define HAVE_SYS_TYPES_H 1
| #define HAVE_SYS_STAT_H 1
| #define HAVE_STDLIB_H 1
| #define HAVE_STRING_H 1
| #define HAVE_MEMORY_H 1
| #define HAVE_STRINGS_H 1
| #define HAVE_INTTYPES_H 1
| #define HAVE_STDINT_H 1
| #define HAVE_UNISTD_H 1
| #define HAVE_ARPA_INET_H 1
| #define HAVE_NETDB_H 1
| #define HAVE_NETINET_IN_H 1
| #define HAVE_STDLIB_H 1
| #define HAVE_STRING_H 1
| #define HAVE_STRINGS_H 1
| #define HAVE_SYS_SOCKET_H 1
| #define HAVE_SYS_TIME_H 1
| #define HAVE_SYSLOG_H 1
| #define HAVE_UNISTD_H 1
| #define HAVE_SSIZE_T 1
| #define TIME_WITH_SYS_TIME 1
| #define Socklen_t socklen_t
| #define HAVE_FORK 1
| #define HAVE_VFORK 1
| #define HAVE_WORKING_VFORK 1
| #define HAVE_WORKING_FORK 1
| #define HAVE_STDLIB_H 1
| #define HAVE_MALLOC 1
| #define HAVE_SYS_SELECT_H 1
| #define HAVE_SYS_SOCKET_H 1
| #define SELECT_TYPE_ARG1 int
| #define SELECT_TYPE_ARG234 (fd_set *)
| #define SELECT_TYPE_ARG5 (struct timeval *)
| #define RETSIGTYPE void
| #define HAVE_STRFTIME 1
| #define HAVE_VPRINTF 1
| #define HAVE_ATEXIT 1
| #define HAVE_GETTIMEOFDAY 1
| #define HAVE_MEMSET 1
| /* end confdefs.h.  */
| /* Define pthread_cancel to an innocuous variant, in case <limits.h> declares pthread_cancel.
|    For example, HP-UX 11i <limits.h> declares gettimeofday.  */
| #define pthread_cancel innocuous_pthread_cancel
| 
| /* System header to define __stub macros and hopefully few prototypes,
|     which can conflict with char pthread_cancel (); below.
|     Prefer <limits.h> to <assert.h> if __STDC__ is defined, since
|     <limits.h> exists even on freestanding compilers.  */
| 
| #ifdef __STDC__
| # include <limits.h>
| #else
| # include <assert.h>
| #endif
| 
| #undef pthread_cancel
| 
| /* Override any GCC internal prototype to avoid an error.
|    Use char because int might match the return type of a GCC
|    builtin and then its argument prototype would still apply.  */
| #ifdef __cplusplus
| extern "C"
| #endif
| char pthread_cancel ();
| /* The GNU C library defines this for functions which it implements
|     to always fail with ENOSYS.  Some functions are actually named
|     something starting with __ and the normal name is an alias.  */
| #if defined __stub_pthread_cancel || defined __stub___pthread_cancel
| choke me
| #endif
| 
| int
| main ()
| {
| return pthread_cancel ();
|   ;
|   return 0;
| }
configure:12249: result: no
configure:12153: checking for select
configure:12209: rsdk-linux-gcc -o conftest  -O2   -static conftest.c  >&5
configure:12215: $? = 0
configure:12222: test -z "$ac_c_werror_flag" || test ! -s conftest.err
configure:12225: $? = 0
configure:12232: test -s conftest
configure:12235: $? = 0
configure:12249: result: yes
configure:12153: checking for strchr
configure:12209: rsdk-linux-gcc -o conftest  -O2   -static conftest.c  >&5
conftest.c:74: warning: conflicting types for built-in function 'strchr'
configure:12215: $? = 0
configure:12222: test -z "$ac_c_werror_flag" || test ! -s conftest.err
configure:12225: $? = 0
configure:12232: test -s conftest
configure:12235: $? = 0
configure:12249: result: yes
configure:12153: checking for strerror
configure:12209: rsdk-linux-gcc -o conftest  -O2   -static conftest.c  >&5
configure:12215: $? = 0
configure:12222: test -z "$ac_c_werror_flag" || test ! -s conftest.err
configure:12225: $? = 0
configure:12232: test -s conftest
configure:12235: $? = 0
configure:12249: result: yes
configure:12153: checking for strtol
configure:12209: rsdk-linux-gcc -o conftest  -O2   -static conftest.c  >&5
configure:12215: $? = 0
configure:12222: test -z "$ac_c_werror_flag" || test ! -s conftest.err
configure:12225: $? = 0
configure:12232: test -s conftest
configure:12235: $? = 0
configure:12249: result: yes
configure:12153: checking for usleep
configure:12209: rsdk-linux-gcc -o conftest  -O2   -static conftest.c  >&5
configure:12215: $? = 0
configure:12222: test -z "$ac_c_werror_flag" || test ! -s conftest.err
configure:12225: $? = 0
configure:12232: test -s conftest
configure:12235: $? = 0
configure:12249: result: yes
configure:12266: checking for snprintf
configure:12322: rsdk-linux-gcc -o conftest  -O2   -static conftest.c  >&5
conftest.c:78: warning: conflicting types for built-in function 'snprintf'
configure:12328: $? = 0
configure:12335: test -z "$ac_c_werror_flag" || test ! -s conftest.err
configure:12338: $? = 0
configure:12345: test -s conftest
configure:12348: $? = 0
configure:12362: result: yes
configure:12266: checking for inet_pton
configure:12322: rsdk-linux-gcc -o conftest  -O2   -static conftest.c  >&5
configure:12328: $? = 0
configure:12335: test -z "$ac_c_werror_flag" || test ! -s conftest.err
configure:12338: $? = 0
configure:12345: test -s conftest
configure:12348: $? = 0
configure:12362: result: yes
configure:12266: checking for inet_ntop
configure:12322: rsdk-linux-gcc -o conftest  -O2   -static conftest.c  >&5
configure:12328: $? = 0
configure:12335: test -z "$ac_c_werror_flag" || test ! -s conftest.err
configure:12338: $? = 0
configure:12345: test -s conftest
configure:12348: $? = 0
configure:12362: result: yes
configure:12266: checking for gettimeofday
configure:12362: result: yes
configure:12387: checking *printf() support for %lld
configure:12450: checking *printf() support for %qd
configure:12526: checking for bool
configure:12556: rsdk-linux-gcc -c  -O2   conftest.c >&5
conftest.c:92: error: syntax error before "ac__type_new_"
conftest.c:92: warning: data definition has no type or storage class
conftest.c: In function `main':
conftest.c:96: error: syntax error before ')' token
configure:12562: $? = 1
configure: failed program was:
| /* confdefs.h.  */
| #define PACKAGE_NAME "Iperf"
| #define PACKAGE_TARNAME "iperf"
| #define PACKAGE_VERSION "2.0.4"
| #define PACKAGE_STRING "Iperf 2.0.4"
| #define PACKAGE_BUGREPORT ""
| #define PACKAGE "iperf"
| #define VERSION "2.0.4"
| #define STDC_HEADERS 1
| #define HAVE_SYS_TYPES_H 1
| #define HAVE_SYS_STAT_H 1
| #define HAVE_STDLIB_H 1
| #define HAVE_STRING_H 1
| #define HAVE_MEMORY_H 1
| #define HAVE_STRINGS_H 1
| #define HAVE_INTTYPES_H 1
| #define HAVE_STDINT_H 1
| #define HAVE_UNISTD_H 1
| #define HAVE_ARPA_INET_H 1
| #define HAVE_NETDB_H 1
| #define HAVE_NETINET_IN_H 1
| #define HAVE_STDLIB_H 1
| #define HAVE_STRING_H 1
| #define HAVE_STRINGS_H 1
| #define HAVE_SYS_SOCKET_H 1
| #define HAVE_SYS_TIME_H 1
| #define HAVE_SYSLOG_H 1
| #define HAVE_UNISTD_H 1
| #define HAVE_SSIZE_T 1
| #define TIME_WITH_SYS_TIME 1
| #define Socklen_t socklen_t
| #define HAVE_FORK 1
| #define HAVE_VFORK 1
| #define HAVE_WORKING_VFORK 1
| #define HAVE_WORKING_FORK 1
| #define HAVE_STDLIB_H 1
| #define HAVE_MALLOC 1
| #define HAVE_SYS_SELECT_H 1
| #define HAVE_SYS_SOCKET_H 1
| #define SELECT_TYPE_ARG1 int
| #define SELECT_TYPE_ARG234 (fd_set *)
| #define SELECT_TYPE_ARG5 (struct timeval *)
| #define RETSIGTYPE void
| #define HAVE_STRFTIME 1
| #define HAVE_VPRINTF 1
| #define HAVE_ATEXIT 1
| #define HAVE_GETTIMEOFDAY 1
| #define HAVE_MEMSET 1
| #define HAVE_SELECT 1
| #define HAVE_STRCHR 1
| #define HAVE_STRERROR 1
| #define HAVE_STRTOL 1
| #define HAVE_USLEEP 1
| #define HAVE_SNPRINTF 1
| #define HAVE_INET_PTON 1
| #define HAVE_INET_NTOP 1
| #define HAVE_GETTIMEOFDAY 1
| /* end confdefs.h.  */
| #include <stdio.h>
| #if HAVE_SYS_TYPES_H
| # include <sys/types.h>
| #endif
| #if HAVE_SYS_STAT_H
| # include <sys/stat.h>
| #endif
| #if STDC_HEADERS
| # include <stdlib.h>
| # include <stddef.h>
| #else
| # if HAVE_STDLIB_H
| #  include <stdlib.h>
| # endif
| #endif
| #if HAVE_STRING_H
| # if !STDC_HEADERS && HAVE_MEMORY_H
| #  include <memory.h>
| # endif
| # include <string.h>
| #endif
| #if HAVE_STRINGS_H
| # include <strings.h>
| #endif
| #if HAVE_INTTYPES_H
| # include <inttypes.h>
| #endif
| #if HAVE_STDINT_H
| # include <stdint.h>
| #endif
| #if HAVE_UNISTD_H
| # include <unistd.h>
| #endif
| typedef bool ac__type_new_;
| int
| main ()
| {
| if ((ac__type_new_ *) 0)
|   return 0;
| if (sizeof (ac__type_new_))
|   return 0;
|   ;
|   return 0;
| }
configure:12594: result: no
configure:12597: checking size of bool
configure:13019: result: 0
configure:13033: checking if true is defined
configure:13066: rsdk-linux-c++ -c  -O2   conftest.cpp >&5
configure:13072: $? = 0
configure:13079: test -z "$ac_cxx_werror_flag" || test ! -s conftest.err
configure:13082: $? = 0
configure:13089: test -s conftest.o
configure:13092: $? = 0
configure:13111: result: yes
configure:13127: checking whether byte ordering is bigendian
configure:13159: rsdk-linux-gcc -c  -O2   conftest.c >&5
configure:13165: $? = 0
configure:13172: test -z "$ac_c_werror_flag" || test ! -s conftest.err
configure:13175: $? = 0
configure:13182: test -s conftest.o
configure:13185: $? = 0
configure:13214: rsdk-linux-gcc -c  -O2   conftest.c >&5
configure:13220: $? = 0
configure:13227: test -z "$ac_c_werror_flag" || test ! -s conftest.err
configure:13230: $? = 0
configure:13237: test -s conftest.o
configure:13240: $? = 0
configure:13394: result: yes
configure:13416: checking for struct ip_mreq
configure:13447: rsdk-linux-gcc -c  -O2   conftest.c >&5
configure:13453: $? = 0
configure:13460: test -z "$ac_c_werror_flag" || test ! -s conftest.err
configure:13463: $? = 0
configure:13470: test -s conftest.o
configure:13473: $? = 0
configure:13485: result: yes
configure:13496: checking whether IP_ADD_MEMBERSHIP is declared
configure:13527: rsdk-linux-gcc -c  -O2   conftest.c >&5
configure:13533: $? = 0
configure:13540: test -z "$ac_c_werror_flag" || test ! -s conftest.err
configure:13543: $? = 0
configure:13550: test -s conftest.o
configure:13553: $? = 0
configure:13565: result: yes
configure:13583: checking for multicast support
configure:13591: result: yes
configure:13603: checking for struct sockaddr_storage
configure:13634: rsdk-linux-gcc -c  -O2   conftest.c >&5
configure:13640: $? = 0
configure:13647: test -z "$ac_c_werror_flag" || test ! -s conftest.err
configure:13650: $? = 0
configure:13657: test -s conftest.o
configure:13660: $? = 0
configure:13672: result: yes
configure:13683: checking for struct sockaddr_in6
configure:13714: rsdk-linux-gcc -c  -O2   conftest.c >&5
configure:13720: $? = 0
configure:13727: test -z "$ac_c_werror_flag" || test ! -s conftest.err
configure:13730: $? = 0
configure:13737: test -s conftest.o
configure:13740: $? = 0
configure:13752: result: yes
configure:13763: checking whether AF_INET6 is declared
configure:13794: rsdk-linux-gcc -c  -O2   conftest.c >&5
configure:13800: $? = 0
configure:13807: test -z "$ac_c_werror_flag" || test ! -s conftest.err
configure:13810: $? = 0
configure:13817: test -s conftest.o
configure:13820: $? = 0
configure:13832: result: yes
configure:13850: checking for IPv6 headers and structures
configure:13865: result: yes
configure:13871: checking for struct ipv6_mreq
configure:13902: rsdk-linux-gcc -c  -O2   conftest.c >&5
configure:13908: $? = 0
configure:13915: test -z "$ac_c_werror_flag" || test ! -s conftest.err
configure:13918: $? = 0
configure:13925: test -s conftest.o
configure:13928: $? = 0
configure:13940: result: yes
configure:13951: checking whether IPV6_ADD_MEMBERSHIP is declared
configure:13982: rsdk-linux-gcc -c  -O2   conftest.c >&5
configure:13988: $? = 0
configure:13995: test -z "$ac_c_werror_flag" || test ! -s conftest.err
configure:13998: $? = 0
configure:14005: test -s conftest.o
configure:14008: $? = 0
configure:14020: result: yes
configure:14038: checking whether IPV6_MULTICAST_HOPS is declared
configure:14069: rsdk-linux-gcc -c  -O2   conftest.c >&5
configure:14075: $? = 0
configure:14082: test -z "$ac_c_werror_flag" || test ! -s conftest.err
configure:14085: $? = 0
configure:14092: test -s conftest.o
configure:14095: $? = 0
configure:14107: result: yes
configure:14125: checking for IPv6 multicast support
configure:14140: result: yes
configure:14265: checking whether make is GNU make
configure:14272: result: yes
configure:14407: creating ./config.status

## ---------------------- ##
## Running config.status. ##
## ---------------------- ##

This file was extended by Iperf config.status 2.0.4, which was
generated by GNU Autoconf 2.60.  Invocation command line was

  CONFIG_FILES    = 
  CONFIG_HEADERS  = 
  CONFIG_LINKS    = 
  CONFIG_COMMANDS = 
  $ ./config.status 

on ubuntu

config.status:672: creating Makefile
config.status:672: creating compat/Makefile
config.status:672: creating doc/Makefile
config.status:672: creating include/Makefile
config.status:672: creating src/Makefile
config.status:672: creating man/Makefile
config.status:672: creating config.h
config.status:999: executing depfiles commands
config.status:999: executing include/iperf-int.h commands
config.status:1130: creating include/iperf-int.h : _IPERF_INCLUDE_IPERF_INT_H

## ---------------- ##
## Cache variables. ##
## ---------------- ##

ac_cv_accept_arg=socklen_t
ac_cv_build=i686-pc-linux-gnu
ac_cv_c_bigendian=yes
ac_cv_c_compiler_gnu=yes
ac_cv_c_const=yes
ac_cv_cxx_compiler_gnu=yes
ac_cv_env_CCC_set=
ac_cv_env_CCC_value=
ac_cv_env_CC_set=set
ac_cv_env_CC_value=rsdk-linux-gcc
ac_cv_env_CFLAGS_set=
ac_cv_env_CFLAGS_value=
ac_cv_env_CPPFLAGS_set=
ac_cv_env_CPPFLAGS_value=
ac_cv_env_CPP_set=
ac_cv_env_CPP_value=
ac_cv_env_CXXFLAGS_set=
ac_cv_env_CXXFLAGS_value=
ac_cv_env_CXX_set=set
ac_cv_env_CXX_value=rsdk-linux-c++
ac_cv_env_LDFLAGS_set=set
ac_cv_env_LDFLAGS_value=-static
ac_cv_env_build_alias_set=
ac_cv_env_build_alias_value=
ac_cv_env_host_alias_set=set
ac_cv_env_host_alias_value=mips-linux
ac_cv_env_target_alias_set=
ac_cv_env_target_alias_value=
ac_cv_func__doprnt=no
ac_cv_func_atexit=yes
ac_cv_func_fork=yes
ac_cv_func_fork_works=yes
ac_cv_func_gethostbyname=yes
ac_cv_func_gettimeofday=yes
ac_cv_func_inet_ntop=yes
ac_cv_func_inet_pton=yes
ac_cv_func_malloc_0_nonnull=yes
ac_cv_func_memcmp_working=no
ac_cv_func_memset=yes
ac_cv_func_pthread_cancel=no
ac_cv_func_select=yes
ac_cv_func_select_args='int,fd_set *,struct timeval *'
ac_cv_func_snprintf=yes
ac_cv_func_socket=yes
ac_cv_func_strchr=yes
ac_cv_func_strerror=yes
ac_cv_func_strftime=yes
ac_cv_func_strtol=yes
ac_cv_func_usleep=yes
ac_cv_func_vfork=yes
ac_cv_func_vfork_works=yes
ac_cv_func_vprintf=yes
ac_cv_have_decl_AF_INET6=yes
ac_cv_have_decl_IPV6_ADD_MEMBERSHIP=yes
ac_cv_have_decl_IPV6_MULTICAST_HOPS=yes
ac_cv_have_decl_IP_ADD_MEMBERSHIP=yes
ac_cv_have_ipv6=yes
ac_cv_have_ipv6_multicast=yes
ac_cv_have_true=yes
ac_cv_header_arpa_inet_h=yes
ac_cv_header_inttypes_h=yes
ac_cv_header_libintl_h=no
ac_cv_header_memory_h=yes
ac_cv_header_netdb_h=yes
ac_cv_header_netinet_in_h=yes
ac_cv_header_stdc=yes
ac_cv_header_stdint=stdint.h
ac_cv_header_stdint_h=yes
ac_cv_header_stdint_t=stdint.h
ac_cv_header_stdlib_h=yes
ac_cv_header_string_h=yes
ac_cv_header_strings_h=yes
ac_cv_header_sys_select_h=yes
ac_cv_header_sys_socket_h=yes
ac_cv_header_sys_stat_h=yes
ac_cv_header_sys_time_h=yes
ac_cv_header_sys_types_h=yes
ac_cv_header_syslog_h=yes
ac_cv_header_time=yes
ac_cv_header_unistd_h=yes
ac_cv_header_vfork_h=no
ac_cv_host=mips-unknown-linux-gnu
ac_cv_lib_cposix_strerror=no
ac_cv_multicast=yes
ac_cv_objext=o
ac_cv_path_EGREP='/bin/grep -E'
ac_cv_path_GREP=/bin/grep
ac_cv_path_install='/usr/bin/install -c'
ac_cv_prog_AWK=gawk
ac_cv_prog_CC=rsdk-linux-gcc
ac_cv_prog_CPP='rsdk-linux-gcc -E'
ac_cv_prog_RANLIB=mips-linux-ranlib
ac_cv_prog_STRIP=mips-linux-strip
ac_cv_prog_cc_c89=
ac_cv_prog_cc_g=yes
ac_cv_prog_cxx_g=yes
ac_cv_prog_make_make_set=yes
ac_cv_sizeof_bool=0
ac_cv_stdint_message='using gnu compiler mips-linux-gcc (GCC) 3.4.6-1.3.6'
ac_cv_stdint_result='(assuming C99 compatible system)'
ac_cv_struct_tm=time.h
ac_cv_type_bool=no
ac_cv_type_pid_t=yes
ac_cv_type_signal=void
ac_cv_type_size_t=yes
ac_cv_type_ssize_t=yes
ac_cv_type_struct_ip_mreq=yes
ac_cv_type_struct_ipv6_mreq=yes
ac_cv_type_struct_sockaddr_in6=yes
ac_cv_type_struct_sockaddr_storage=yes
am_cv_CC_dependencies_compiler_type=gcc3
am_cv_CXX_dependencies_compiler_type=gcc3

## ----------------- ##
## Output variables. ##
## ----------------- ##

ACLOCAL='${SHELL} /home/krammer/work/new_work/0718.2630/scripts/uClinux-dist/user/iperf-2.0.4-src/missing --run aclocal-1.9'
AMDEPBACKSLASH='\'
AMDEP_FALSE='#'
AMDEP_TRUE=''
AMTAR='${SHELL} /home/krammer/work/new_work/0718.2630/scripts/uClinux-dist/user/iperf-2.0.4-src/missing --run tar'
AUTOCONF='${SHELL} /home/krammer/work/new_work/0718.2630/scripts/uClinux-dist/user/iperf-2.0.4-src/missing --run autoconf'
AUTOHEADER='${SHELL} /home/krammer/work/new_work/0718.2630/scripts/uClinux-dist/user/iperf-2.0.4-src/missing --run autoheader'
AUTOMAKE='${SHELL} /home/krammer/work/new_work/0718.2630/scripts/uClinux-dist/user/iperf-2.0.4-src/missing --run automake-1.9'
AWK='gawk'
CC='rsdk-linux-gcc'
CCDEPMODE='depmode=gcc3'
CFLAGS=' -O2 '
CPP='rsdk-linux-gcc -E'
CPPFLAGS=''
CXX='rsdk-linux-c++'
CXXDEPMODE='depmode=gcc3'
CXXFLAGS=' -O2 '
CYGPATH_W='echo'
DEFS='-DHAVE_CONFIG_H'
DEPDIR='.deps'
ECHO_C=''
ECHO_N='-n'
ECHO_T=''
EGREP='/bin/grep -E'
EXEEXT=''
GREP='/bin/grep'
INSTALL_DATA='${INSTALL} -m 644'
INSTALL_PROGRAM='${INSTALL}'
INSTALL_SCRIPT='${INSTALL}'
INSTALL_STRIP_PROGRAM='${SHELL} $(install_sh) -c -s'
LDFLAGS='-static'
LIBOBJS=' ${LIBOBJDIR}memcmp$U.o'
LIBS=''
LTLIBOBJS=' ${LIBOBJDIR}memcmp$U.lo'
MAKEINFO='${SHELL} /home/krammer/work/new_work/0718.2630/scripts/uClinux-dist/user/iperf-2.0.4-src/missing --run makeinfo'
OBJEXT='o'
PACKAGE='iperf'
PACKAGE_BUGREPORT=''
PACKAGE_NAME='Iperf'
PACKAGE_STRING='Iperf 2.0.4'
PACKAGE_TARNAME='iperf'
PACKAGE_VERSION='2.0.4'
PATH_SEPARATOR=':'
PTHREAD_CC=''
PTHREAD_CFLAGS=''
PTHREAD_LIBS=''
RANLIB='mips-linux-ranlib'
SET_MAKE=''
SHELL='/bin/sh'
STRIP='mips-linux-strip'
STRIP_BEGIN='$(strip $(STRIP_DUMMY)'
STRIP_DUMMY=''
STRIP_END=')'
VERSION='2.0.4'
WEB100_CFLAGS=''
WEB100_CONFIG=''
WEB100_LIBS=''
ac_ct_CC=''
ac_ct_CXX=''
acx_pthread_config=''
am__fastdepCC_FALSE='#'
am__fastdepCC_TRUE=''
am__fastdepCXX_FALSE='#'
am__fastdepCXX_TRUE=''
am__include='include'
am__leading_dot='.'
am__quote=''
am__tar='${AMTAR} chof - "$$tardir"'
am__untar='${AMTAR} xf -'
bindir='${exec_prefix}/bin'
build='i686-pc-linux-gnu'
build_alias=''
build_cpu='i686'
build_os='linux-gnu'
build_vendor='pc'
datadir='${datarootdir}'
datarootdir='${prefix}/share'
docdir='${datarootdir}/doc/${PACKAGE_TARNAME}'
dvidir='${docdir}'
exec_prefix='${prefix}'
host='mips-unknown-linux-gnu'
host_alias='mips-linux'
host_cpu='mips'
host_os='linux-gnu'
host_vendor='unknown'
htmldir='${docdir}'
includedir='${prefix}/include'
infodir='${datarootdir}/info'
install_sh='/home/krammer/work/new_work/0718.2630/scripts/uClinux-dist/user/iperf-2.0.4-src/install-sh'
libdir='${exec_prefix}/lib'
libexecdir='${exec_prefix}/libexec'
localedir='${datarootdir}/locale'
localstatedir='${prefix}/var'
mandir='${datarootdir}/man'
mkdir_p='mkdir -p --'
oldincludedir='/usr/include'
pdfdir='${docdir}'
prefix='/usr/local'
program_transform_name='s,x,x,'
psdir='${docdir}'
sbindir='${exec_prefix}/sbin'
sharedstatedir='${prefix}/com'
sysconfdir='${prefix}/etc'
target_alias=''

## ----------- ##
## confdefs.h. ##
## ----------- ##

#define PACKAGE_NAME "Iperf"
#define PACKAGE_TARNAME "iperf"
#define PACKAGE_VERSION "2.0.4"
#define PACKAGE_STRING "Iperf 2.0.4"
#define PACKAGE_BUGREPORT ""
#define PACKAGE "iperf"
#define VERSION "2.0.4"
#define STDC_HEADERS 1
#define HAVE_SYS_TYPES_H 1
#define HAVE_SYS_STAT_H 1
#define HAVE_STDLIB_H 1
#define HAVE_STRING_H 1
#define HAVE_MEMORY_H 1
#define HAVE_STRINGS_H 1
#define HAVE_INTTYPES_H 1
#define HAVE_STDINT_H 1
#define HAVE_UNISTD_H 1
#define HAVE_ARPA_INET_H 1
#define HAVE_NETDB_H 1
#define HAVE_NETINET_IN_H 1
#define HAVE_STDLIB_H 1
#define HAVE_STRING_H 1
#define HAVE_STRINGS_H 1
#define HAVE_SYS_SOCKET_H 1
#define HAVE_SYS_TIME_H 1
#define HAVE_SYSLOG_H 1
#define HAVE_UNISTD_H 1
#define HAVE_SSIZE_T 1
#define TIME_WITH_SYS_TIME 1
#define Socklen_t socklen_t
#define HAVE_FORK 1
#define HAVE_VFORK 1
#define HAVE_WORKING_VFORK 1
#define HAVE_WORKING_FORK 1
#define HAVE_STDLIB_H 1
#define HAVE_MALLOC 1
#define HAVE_SYS_SELECT_H 1
#define HAVE_SYS_SOCKET_H 1
#define SELECT_TYPE_ARG1 int
#define SELECT_TYPE_ARG234 (fd_set *)
#define SELECT_TYPE_ARG5 (struct timeval *)
#define RETSIGTYPE void
#define HAVE_STRFTIME 1
#define HAVE_VPRINTF 1
#define HAVE_ATEXIT 1
#define HAVE_GETTIMEOFDAY 1
#define HAVE_MEMSET 1
#define HAVE_SELECT 1
#define HAVE_STRCHR 1
#define HAVE_STRERROR 1
#define HAVE_STRTOL 1
#define HAVE_USLEEP 1
#define HAVE_SNPRINTF 1
#define HAVE_INET_PTON 1
#define HAVE_INET_NTOP 1
#define HAVE_GETTIMEOFDAY 1
#define SIZEOF_BOOL 0
#define bool int
#define WORDS_BIGENDIAN 1
#define HAVE_STRUCT_IP_MREQ 1
#define HAVE_DECL_IP_ADD_MEMBERSHIP 1
#define HAVE_MULTICAST 1
#define HAVE_STRUCT_SOCKADDR_STORAGE 1
#define HAVE_STRUCT_SOCKADDR_IN6 1
#define HAVE_DECL_AF_INET6 1
#define HAVE_IPV6 1
#define HAVE_STRUCT_IPV6_MREQ 1
#define HAVE_DECL_IPV6_ADD_MEMBERSHIP 1
#define HAVE_DECL_IPV6_MULTICAST_HOPS 1
#define HAVE_IPV6_MULTICAST 1

configure: exit 0
