ELF 头：
  Magic：  7f 45 4c 46 01 01 01 00 00 00 00 00 00 00 00 00 
  Class:                             ELF32
  Data:                              2's complement, little endian
  Version:                           1 (current)
  OS/ABI:                            UNIX - System V
  ABI Version:                       0
  Type:                              EXEC (可执行文件)
  Machine:                           Intel 80386
  Version:                           0x1
  入口点地址：              0x8049c20
  程序头起点：              52 (bytes into file)
  Start of section headers:          116780 (bytes into file)
  标志：             0x0
  本头的大小：       52 (字节)
  程序头大小：       32 (字节)
  程序头数量：       7
  节头大小：         40 (字节)
  节头数量：         37
  字符串表索引节头： 34

节头：
  [Nr] Name              Type            Addr     Off    Size   ES Flg Lk Inf Al
  [ 0]                   NULL            00000000 000000 000000 00      0   0  0
  [ 1] .interp           PROGBITS        08048114 000114 000013 00   A  0   0  1
  [ 2] .note.ABI-tag     NOTE            08048128 000128 000020 00   A  0   0  4
  [ 3] .hash             HASH            08048148 000148 000368 04   A  4   0  4
  [ 4] .dynsym           DYNSYM          080484b0 0004b0 000770 10   A  5   1  4
  [ 5] .dynstr           STRTAB          08048c20 000c20 0003c9 00   A  0   0  1
  [ 6] .gnu.version      VERSYM          08048fea 000fea 0000ee 02   A  4   0  2
  [ 7] .gnu.version_r    VERNEED         080490d8 0010d8 000060 00   A  5   2  4
  [ 8] .rel.dyn          REL             08049138 001138 000020 08   A  4   0  4
  [ 9] .rel.plt          REL             08049158 001158 000388 08   A  4  11  4
  [10] .init             PROGBITS        080494e0 0014e0 000017 00  AX  0   0  4
  [11] .plt              PROGBITS        080494f8 0014f8 000720 04  AX  0   0  4
  [12] .text             PROGBITS        08049c20 001c20 00779c 00  AX  0   0 16
  [13] .fini             PROGBITS        080513bc 0093bc 00001c 00  AX  0   0  4
  [14] .rodata           PROGBITS        080513e0 0093e0 001fac 00   A  0   0 32
  [15] .eh_frame         PROGBITS        0805338c 00b38c 000004 00   A  0   0  4
  [16] .ctors            PROGBITS        08054390 00b390 000008 00  WA  0   0  4
  [17] .dtors            PROGBITS        08054398 00b398 000008 00  WA  0   0  4
  [18] .jcr              PROGBITS        080543a0 00b3a0 000004 00  WA  0   0  4
  [19] .dynamic          DYNAMIC         080543a4 00b3a4 0000d0 08  WA  5   0  4
  [20] .got              PROGBITS        08054474 00b474 000008 04  WA  0   0  4
  [21] .got.plt          PROGBITS        0805447c 00b47c 0001d0 04  WA  0   0  4
  [22] .data             PROGBITS        0805464c 00b64c 000024 00  WA  0   0  4
  [23] .bss              NOBITS          08054680 00b670 00025c 00  WA  0   0 32
  [24] .comment          PROGBITS        00000000 00b670 0002d0 00      0   0  1
  [25] .debug_aranges    PROGBITS        00000000 00b940 000160 00      0   0  1
  [26] .debug_pubnames   PROGBITS        00000000 00baa0 000e06 00      0   0  1
  [27] .debug_info       PROGBITS        00000000 00c8a6 006af6 00      0   0  1
  [28] .debug_abbrev     PROGBITS        00000000 01339c 001581 00      0   0  1
  [29] .debug_line       PROGBITS        00000000 01491d 001bba 00      0   0  1
  [30] .debug_frame      PROGBITS        00000000 0164d8 000eec 00      0   0  4
  [31] .debug_str        PROGBITS        00000000 0173c4 0013b5 01  MS  0   0  1
  [32] .debug_loc        PROGBITS        00000000 018779 003d24 00      0   0  1
  [33] .debug_ranges     PROGBITS        00000000 01c49d 000240 00      0   0  1
  [34] .shstrtab         STRTAB          00000000 01c6dd 00014d 00      0   0  1
  [35] .symtab           SYMTAB          00000000 01cdf4 0017f0 10     36  78  4
  [36] .strtab           STRTAB          00000000 01e5e4 0013fb 00      0   0  1
Key to Flags:
  W (write), A (alloc), X (execute), M (merge), S (strings)
  I (info), L (link order), G (group), x (unknown)
  O (extra OS processing required) o (OS specific), p (processor specific)

There are no section groups in this file.

程序头：
  Type           Offset   VirtAddr   PhysAddr   FileSiz MemSiz  Flg Align
  PHDR           0x000034 0x08048034 0x08048034 0x000e0 0x000e0 R E 0x4
  INTERP         0x000114 0x08048114 0x08048114 0x00013 0x00013 R   0x1
      [正在请求程序解释器：/lib/ld-linux.so.2]
  LOAD           0x000000 0x08048000 0x08048000 0x0b390 0x0b390 R E 0x1000
  LOAD           0x00b390 0x08054390 0x08054390 0x002e0 0x0054c RW  0x1000
  DYNAMIC        0x00b3a4 0x080543a4 0x080543a4 0x000d0 0x000d0 RW  0x4
  NOTE           0x000128 0x08048128 0x08048128 0x00020 0x00020 R   0x4
  GNU_STACK      0x000000 0x00000000 0x00000000 0x00000 0x00000 RW  0x4

 Section to Segment mapping:
  段节...
   00     
   01     .interp 
   02     .interp .note.ABI-tag .hash .dynsym .dynstr .gnu.version .gnu.version_r .rel.dyn .rel.plt .init .plt .text .fini .rodata .eh_frame 
   03     .ctors .dtors .jcr .dynamic .got .got.plt .data .bss 
   04     .dynamic 
   05     .note.ABI-tag 
   06     

Dynamic section at offset 0xb3a4 contains 21 entries:
  标记        类型                         名称/值
 0x00000001 (NEEDED)                     共享库：[libcrypt.so.1]
 0x00000001 (NEEDED)                     共享库：[libc.so.6]
 0x0000000c (INIT)                       0x80494e0
 0x0000000d (FINI)                       0x80513bc
 0x00000004 (HASH)                       0x8048148
 0x00000005 (STRTAB)                     0x8048c20
 0x00000006 (SYMTAB)                     0x80484b0
 0x0000000a (STRSZ)                      969 (bytes)
 0x0000000b (SYMENT)                     16 (bytes)
 0x00000015 (DEBUG)                      0x0
 0x00000003 (PLTGOT)                     0x805447c
 0x00000002 (PLTRELSZ)                   904 (bytes)
 0x00000014 (PLTREL)                     REL
 0x00000017 (JMPREL)                     0x8049158
 0x00000011 (REL)                        0x8049138
 0x00000012 (RELSZ)                      32 (bytes)
 0x00000013 (RELENT)                     8 (bytes)
 0x6ffffffe (VERNEED)                    0x80490d8
 0x6fffffff (VERNEEDNUM)                 2
 0x6ffffff0 (VERSYM)                     0x8048fea
 0x00000000 (NULL)                       0x0

重定位节 “.rel.dyn” 位于偏移量 0x1138 含有 4 个条目：
 Offset     Info    Type            Sym.Value  Sym. Name
08054478  00007406 R_386_GLOB_DAT    00000000   __gmon_start__
08054680  00002f05 R_386_COPY        08054680   stderr
08054684  00006005 R_386_COPY        08054684   stdin
08054688  00006405 R_386_COPY        08054688   optarg

重定位节 “.rel.plt” 位于偏移量 0x1158 含有 113 个条目：
 Offset     Info    Type            Sym.Value  Sym. Name
08054488  00000107 R_386_JUMP_SLOT   00000000   wait4
0805448c  00000207 R_386_JUMP_SLOT   00000000   readlink
08054490  00000307 R_386_JUMP_SLOT   00000000   getspnam
08054494  00000407 R_386_JUMP_SLOT   00000000   mkdir
08054498  00000507 R_386_JUMP_SLOT   00000000   getgrnam
0805449c  00000607 R_386_JUMP_SLOT   00000000   glob
080544a0  00000707 R_386_JUMP_SLOT   00000000   getusershell
080544a4  00000807 R_386_JUMP_SLOT   00000000   chown
080544a8  00000907 R_386_JUMP_SLOT   00000000   rename
080544ac  00000a07 R_386_JUMP_SLOT   00000000   strchr
080544b0  00000b07 R_386_JUMP_SLOT   00000000   fdopen
080544b4  00000c07 R_386_JUMP_SLOT   00000000   getpid
080544b8  00000d07 R_386_JUMP_SLOT   00000000   write
080544bc  00000e07 R_386_JUMP_SLOT   00000000   localtime
080544c0  00000f07 R_386_JUMP_SLOT   00000000   fileno
080544c4  00001007 R_386_JUMP_SLOT   00000000   strcmp
080544c8  00001107 R_386_JUMP_SLOT   00000000   close
080544cc  00001207 R_386_JUMP_SLOT   00000000   fprintf
080544d0  00001307 R_386_JUMP_SLOT   00000000   fork
080544d4  00001407 R_386_JUMP_SLOT   00000000   umask
080544d8  00001507 R_386_JUMP_SLOT   00000000   signal
080544dc  00001607 R_386_JUMP_SLOT   00000000   fflush
080544e0  00001707 R_386_JUMP_SLOT   00000000   seteuid
080544e4  00001807 R_386_JUMP_SLOT   00000000   unlink
080544e8  00001907 R_386_JUMP_SLOT   00000000   select
080544ec  00001a07 R_386_JUMP_SLOT   00000000   vsnprintf
080544f0  00001b07 R_386_JUMP_SLOT   00000000   strerror
080544f4  00001c07 R_386_JUMP_SLOT   00000000   __cxa_atexit
080544f8  00001d07 R_386_JUMP_SLOT   00000000   getpwuid
080544fc  00001e07 R_386_JUMP_SLOT   00000000   initgroups
08054500  00001f07 R_386_JUMP_SLOT   00000000   __errno_location
08054504  00002007 R_386_JUMP_SLOT   00000000   rewind
08054508  00002107 R_386_JUMP_SLOT   00000000   setgid
0805450c  00002207 R_386_JUMP_SLOT   00000000   getgrgid
08054510  00002307 R_386_JUMP_SLOT   00000000   accept
08054514  00002407 R_386_JUMP_SLOT   00000000   gethostbyaddr
08054518  00002507 R_386_JUMP_SLOT   00000000   chmod
0805451c  00002607 R_386_JUMP_SLOT   00000000   inet_ntoa
08054520  00002707 R_386_JUMP_SLOT   00000000   listen
08054524  00002807 R_386_JUMP_SLOT   00000000   malloc
08054528  00002907 R_386_JUMP_SLOT   00000000   setsid
0805452c  00002a07 R_386_JUMP_SLOT   00000000   fscanf
08054530  00002b07 R_386_JUMP_SLOT   00000000   strftime
08054534  00002c07 R_386_JUMP_SLOT   00000000   fread
08054538  00002d07 R_386_JUMP_SLOT   00000000   memmove
0805453c  00002e07 R_386_JUMP_SLOT   00000000   syslog
08054540  00003007 R_386_JUMP_SLOT   00000000   __xstat
08054544  00003107 R_386_JUMP_SLOT   00000000   setsockopt
08054548  00003207 R_386_JUMP_SLOT   00000000   execv
0805454c  00003307 R_386_JUMP_SLOT   00000000   getpeername
08054550  00003407 R_386_JUMP_SLOT   00000000   fseek
08054554  00003507 R_386_JUMP_SLOT   00000000   time
08054558  00003607 R_386_JUMP_SLOT   00000000   getopt
0805455c  00003707 R_386_JUMP_SLOT   00000000   fgets
08054560  00003807 R_386_JUMP_SLOT   00000000   chdir
08054564  00003907 R_386_JUMP_SLOT   00000000   fputs
08054568  00003a07 R_386_JUMP_SLOT   00000000   strstr
0805456c  00003b07 R_386_JUMP_SLOT   00000000   strlen
08054570  00003c07 R_386_JUMP_SLOT   00000000   __lxstat
08054574  00003d07 R_386_JUMP_SLOT   00000000   __strtol_internal
08054578  00003e07 R_386_JUMP_SLOT   00000000   strncmp
0805457c  00003f07 R_386_JUMP_SLOT   00000000   openlog
08054580  00004007 R_386_JUMP_SLOT   00000000   inet_addr
08054584  00004107 R_386_JUMP_SLOT   00000000   __libc_start_main
08054588  00004207 R_386_JUMP_SLOT   00000000   dup2
0805458c  00004307 R_386_JUMP_SLOT   00000000   realloc
08054590  00004407 R_386_JUMP_SLOT   00000000   strcat
08054594  00004507 R_386_JUMP_SLOT   00000000   globfree
08054598  00004607 R_386_JUMP_SLOT   00000000   closelog
0805459c  00004707 R_386_JUMP_SLOT   00000000   printf
080545a0  00004807 R_386_JUMP_SLOT   00000000   bind
080545a4  00004907 R_386_JUMP_SLOT   00000000   lseek
080545a8  00004a07 R_386_JUMP_SLOT   00000000   memcpy
080545ac  00004b07 R_386_JUMP_SLOT   00000000   fclose
080545b0  00004c07 R_386_JUMP_SLOT   00000000   getsockname
080545b4  00004d07 R_386_JUMP_SLOT   00000000   strrchr
080545b8  00004e07 R_386_JUMP_SLOT   00000000   ctime
080545bc  00004f07 R_386_JUMP_SLOT   00000000   __strdup
080545c0  00005007 R_386_JUMP_SLOT   00000000   rmdir
080545c4  00005107 R_386_JUMP_SLOT   00000000   closedir
080545c8  00005207 R_386_JUMP_SLOT   00000000   opendir
080545cc  00005307 R_386_JUMP_SLOT   00000000   open
080545d0  00005407 R_386_JUMP_SLOT   00000000   strcasecmp
080545d4  00005507 R_386_JUMP_SLOT   00000000   getpwnam
080545d8  00005607 R_386_JUMP_SLOT   00000000   exit
080545dc  00005707 R_386_JUMP_SLOT   00000000   calloc
080545e0  00005807 R_386_JUMP_SLOT   00000000   gmtime
080545e4  00005907 R_386_JUMP_SLOT   00000000   sscanf
080545e8  00005a07 R_386_JUMP_SLOT   00000000   free
080545ec  00005b07 R_386_JUMP_SLOT   00000000   send
080545f0  00005c07 R_386_JUMP_SLOT   00000000   getcwd
080545f4  00005d07 R_386_JUMP_SLOT   00000000   memset
080545f8  00005e07 R_386_JUMP_SLOT   00000000   strncasecmp
080545fc  00005f07 R_386_JUMP_SLOT   00000000   connect
08054600  00006107 R_386_JUMP_SLOT   00000000   strncpy
08054604  00006207 R_386_JUMP_SLOT   00000000   fopen
08054608  00006307 R_386_JUMP_SLOT   00000000   __strtoul_internal
0805460c  00006507 R_386_JUMP_SLOT   00000000   crypt
08054610  00006707 R_386_JUMP_SLOT   00000000   endusershell
08054614  00006807 R_386_JUMP_SLOT   00000000   strtok
08054618  00006907 R_386_JUMP_SLOT   00000000   kill
0805461c  00006a07 R_386_JUMP_SLOT   00000000   recv
08054620  00006b07 R_386_JUMP_SLOT   00000000   sprintf
08054624  00006c07 R_386_JUMP_SLOT   00000000   fwrite
08054628  00006d07 R_386_JUMP_SLOT   00000000   socket
0805462c  00006f07 R_386_JUMP_SLOT   00000000   setuid
08054630  00007007 R_386_JUMP_SLOT   00000000   read
08054634  00007107 R_386_JUMP_SLOT   00000000   alarm
08054638  00007207 R_386_JUMP_SLOT   00000000   geteuid
0805463c  00007307 R_386_JUMP_SLOT   00000000   wait
08054640  00007407 R_386_JUMP_SLOT   00000000   __gmon_start__
08054644  00007507 R_386_JUMP_SLOT   00000000   chroot
08054648  00007607 R_386_JUMP_SLOT   00000000   strcpy

There are no unwind sections in this file.

Symbol table '.dynsym' contains 119 entries:
   Num:    Value  Size Type    Bind   Vis      Ndx Name
     0: 00000000     0 NOTYPE  LOCAL  DEFAULT  UND 
     1: 00000000    69 FUNC    GLOBAL DEFAULT  UND wait4@GLIBC_2.0 (2)
     2: 00000000    63 FUNC    GLOBAL DEFAULT  UND readlink@GLIBC_2.0 (2)
     3: 00000000   292 FUNC    GLOBAL DEFAULT  UND getspnam@GLIBC_2.0 (2)
     4: 00000000    61 FUNC    GLOBAL DEFAULT  UND mkdir@GLIBC_2.0 (2)
     5: 00000000   292 FUNC    GLOBAL DEFAULT  UND getgrnam@GLIBC_2.0 (2)
     6: 00000000  5073 FUNC    GLOBAL DEFAULT  UND glob@GLIBC_2.0 (2)
     7: 00000000    64 FUNC    GLOBAL DEFAULT  UND getusershell@GLIBC_2.0 (2)
     8: 00000000    73 FUNC    GLOBAL DEFAULT  UND chown@GLIBC_2.1 (3)
     9: 00000000    61 FUNC    GLOBAL DEFAULT  UND rename@GLIBC_2.0 (2)
    10: 00000000   359 FUNC    GLOBAL DEFAULT  UND strchr@GLIBC_2.0 (2)
    11: 00000000   719 FUNC    GLOBAL DEFAULT  UND fdopen@GLIBC_2.1 (3)
    12: 00000000    60 FUNC    GLOBAL DEFAULT  UND getpid@GLIBC_2.0 (2)
    13: 00000000   122 FUNC    GLOBAL DEFAULT  UND write@GLIBC_2.0 (2)
    14: 00000000    53 FUNC    GLOBAL DEFAULT  UND localtime@GLIBC_2.0 (2)
    15: 00000000    52 FUNC    GLOBAL DEFAULT  UND fileno@GLIBC_2.0 (2)
    16: 00000000    37 FUNC    GLOBAL DEFAULT  UND strcmp@GLIBC_2.0 (2)
    17: 00000000   111 FUNC    GLOBAL DEFAULT  UND close@GLIBC_2.0 (2)
    18: 00000000    36 FUNC    GLOBAL DEFAULT  UND fprintf@GLIBC_2.0 (2)
    19: 00000000   545 FUNC    GLOBAL DEFAULT  UND fork@GLIBC_2.0 (2)
    20: 00000000    21 FUNC    GLOBAL DEFAULT  UND umask@GLIBC_2.0 (2)
    21: 00000000   219 FUNC    GLOBAL DEFAULT  UND signal@GLIBC_2.0 (2)
    22: 00000000   242 FUNC    GLOBAL DEFAULT  UND fflush@GLIBC_2.0 (2)
    23: 00000000   149 FUNC    GLOBAL DEFAULT  UND seteuid@GLIBC_2.0 (2)
    24: 00000000    57 FUNC    GLOBAL DEFAULT  UND unlink@GLIBC_2.0 (2)
    25: 00000000   146 FUNC    GLOBAL DEFAULT  UND select@GLIBC_2.0 (2)
    26: 00000000   235 FUNC    GLOBAL DEFAULT  UND vsnprintf@GLIBC_2.0 (2)
    27: 00000000   171 FUNC    GLOBAL DEFAULT  UND strerror@GLIBC_2.0 (2)
    28: 00000000    69 FUNC    GLOBAL DEFAULT  UND __cxa_atexit@GLIBC_2.1.3 (4)
    29: 00000000   292 FUNC    GLOBAL DEFAULT  UND getpwuid@GLIBC_2.0 (2)
    30: 00000000   176 FUNC    GLOBAL DEFAULT  UND initgroups@GLIBC_2.0 (2)
    31: 00000000    29 FUNC    GLOBAL DEFAULT  UND __errno_location@GLIBC_2.0 (2)
    32: 00000000   165 FUNC    GLOBAL DEFAULT  UND rewind@GLIBC_2.0 (2)
    33: 00000000   101 FUNC    GLOBAL DEFAULT  UND setgid@GLIBC_2.0 (2)
    34: 00000000   292 FUNC    GLOBAL DEFAULT  UND getgrgid@GLIBC_2.0 (2)
    35: 00000000   118 FUNC    GLOBAL DEFAULT  UND accept@GLIBC_2.0 (2)
    36: 00000000   363 FUNC    GLOBAL DEFAULT  UND gethostbyaddr@GLIBC_2.0 (2)
    37: 00000000    61 FUNC    GLOBAL DEFAULT  UND chmod@GLIBC_2.0 (2)
    38: 00000000   302 FUNC    GLOBAL DEFAULT  UND inet_ntoa@GLIBC_2.0 (2)
    39: 00000000    60 FUNC    GLOBAL DEFAULT  UND listen@GLIBC_2.0 (2)
    40: 00000000   382 FUNC    GLOBAL DEFAULT  UND malloc@GLIBC_2.0 (2)
    41: 00000000    49 FUNC    GLOBAL DEFAULT  UND setsid@GLIBC_2.0 (2)
    42: 00000000    36 FUNC    GLOBAL DEFAULT  UND fscanf@GLIBC_2.0 (2)
    43: 00000000    69 FUNC    GLOBAL DEFAULT  UND strftime@GLIBC_2.0 (2)
    44: 00000000   280 FUNC    GLOBAL DEFAULT  UND fread@GLIBC_2.0 (2)
    45: 00000000    88 FUNC    GLOBAL DEFAULT  UND memmove@GLIBC_2.0 (2)
    46: 00000000    44 FUNC    GLOBAL DEFAULT  UND syslog@GLIBC_2.0 (2)
    47: 08054680     4 OBJECT  GLOBAL DEFAULT   23 stderr@GLIBC_2.0 (2)
    48: 00000000   142 FUNC    GLOBAL DEFAULT  UND __xstat@GLIBC_2.0 (2)
    49: 00000000    60 FUNC    GLOBAL DEFAULT  UND setsockopt@GLIBC_2.0 (2)
    50: 00000000    52 FUNC    GLOBAL DEFAULT  UND execv@GLIBC_2.0 (2)
    51: 00000000    60 FUNC    GLOBAL DEFAULT  UND getpeername@GLIBC_2.0 (2)
    52: 00000000   165 FUNC    GLOBAL DEFAULT  UND fseek@GLIBC_2.0 (2)
    53: 00000000    32 FUNC    GLOBAL DEFAULT  UND time@GLIBC_2.0 (2)
    54: 00000000    73 FUNC    GLOBAL DEFAULT  UND getopt@GLIBC_2.0 (2)
    55: 00000000   370 FUNC    GLOBAL DEFAULT  UND fgets@GLIBC_2.0 (2)
    56: 00000000    57 FUNC    GLOBAL DEFAULT  UND chdir@GLIBC_2.0 (2)
    57: 00000000   326 FUNC    GLOBAL DEFAULT  UND fputs@GLIBC_2.0 (2)
    58: 00000000   387 FUNC    GLOBAL DEFAULT  UND strstr@GLIBC_2.0 (2)
    59: 00000000   175 FUNC    GLOBAL DEFAULT  UND strlen@GLIBC_2.0 (2)
    60: 00000000   142 FUNC    GLOBAL DEFAULT  UND __lxstat@GLIBC_2.0 (2)
    61: 00000000    69 FUNC    GLOBAL DEFAULT  UND __strtol_internal@GLIBC_2.0 (2)
    62: 00000000   235 FUNC    GLOBAL DEFAULT  UND strncmp@GLIBC_2.0 (2)
    63: 00000000   123 FUNC    GLOBAL DEFAULT  UND openlog@GLIBC_2.0 (2)
    64: 00000000   339 FUNC    GLOBAL DEFAULT  UND inet_addr@GLIBC_2.0 (2)
    65: 00000000   415 FUNC    GLOBAL DEFAULT  UND __libc_start_main@GLIBC_2.0 (2)
    66: 00000000    61 FUNC    GLOBAL DEFAULT  UND dup2@GLIBC_2.0 (2)
    67: 00000000  1028 FUNC    GLOBAL DEFAULT  UND realloc@GLIBC_2.0 (2)
    68: 00000000   426 FUNC    GLOBAL DEFAULT  UND strcat@GLIBC_2.0 (2)
    69: 00000000    99 FUNC    GLOBAL DEFAULT  UND globfree@GLIBC_2.0 (2)
    70: 00000000   156 FUNC    GLOBAL DEFAULT  UND closelog@GLIBC_2.0 (2)
    71: 00000000    57 FUNC    GLOBAL DEFAULT  UND printf@GLIBC_2.0 (2)
    72: 00000000    60 FUNC    GLOBAL DEFAULT  UND bind@GLIBC_2.0 (2)
    73: 00000000    63 FUNC    GLOBAL DEFAULT  UND lseek@GLIBC_2.0 (2)
    74: 00000000    39 FUNC    GLOBAL DEFAULT  UND memcpy@GLIBC_2.0 (2)
    75: 00000000   462 FUNC    GLOBAL DEFAULT  UND fclose@GLIBC_2.1 (3)
    76: 00000000    60 FUNC    GLOBAL DEFAULT  UND getsockname@GLIBC_2.0 (2)
    77: 00000000   441 FUNC    GLOBAL DEFAULT  UND strrchr@GLIBC_2.0 (2)
    78: 00000000    27 FUNC    GLOBAL DEFAULT  UND ctime@GLIBC_2.0 (2)
    79: 00000000    82 FUNC    GLOBAL DEFAULT  UND __strdup@GLIBC_2.0 (2)
    80: 00000000    57 FUNC    GLOBAL DEFAULT  UND rmdir@GLIBC_2.0 (2)
    81: 00000000    71 FUNC    GLOBAL DEFAULT  UND closedir@GLIBC_2.0 (2)
    82: 00000000   140 FUNC    GLOBAL DEFAULT  UND opendir@GLIBC_2.0 (2)
    83: 00000000   122 FUNC    GLOBAL DEFAULT  UND open@GLIBC_2.0 (2)
    84: 00000000    98 FUNC    GLOBAL DEFAULT  UND strcasecmp@GLIBC_2.0 (2)
    85: 00000000   292 FUNC    GLOBAL DEFAULT  UND getpwnam@GLIBC_2.0 (2)
    86: 00000000   241 FUNC    GLOBAL DEFAULT  UND exit@GLIBC_2.0 (2)
    87: 00000000   756 FUNC    GLOBAL DEFAULT  UND calloc@GLIBC_2.0 (2)
    88: 00000000    53 FUNC    GLOBAL DEFAULT  UND gmtime@GLIBC_2.0 (2)
    89: 00000000    52 FUNC    GLOBAL DEFAULT  UND sscanf@GLIBC_2.0 (2)
    90: 00000000   420 FUNC    GLOBAL DEFAULT  UND free@GLIBC_2.0 (2)
    91: 00000000   118 FUNC    GLOBAL DEFAULT  UND send@GLIBC_2.0 (2)
    92: 00000000   229 FUNC    GLOBAL DEFAULT  UND getcwd@GLIBC_2.0 (2)
    93: 00000000    67 FUNC    GLOBAL DEFAULT  UND memset@GLIBC_2.0 (2)
    94: 00000000   117 FUNC    GLOBAL DEFAULT  UND strncasecmp@GLIBC_2.0 (2)
    95: 00000000   118 FUNC    GLOBAL DEFAULT  UND connect@GLIBC_2.0 (2)
    96: 08054684     4 OBJECT  GLOBAL DEFAULT   23 stdin@GLIBC_2.0 (2)
    97: 00000000   160 FUNC    GLOBAL DEFAULT  UND strncpy@GLIBC_2.0 (2)
    98: 00000000    50 FUNC    GLOBAL DEFAULT  UND fopen@GLIBC_2.1 (3)
    99: 00000000    69 FUNC    GLOBAL DEFAULT  UND __strtoul_internal@GLIBC_2.0 (2)
   100: 08054688     4 OBJECT  GLOBAL DEFAULT   23 optarg@GLIBC_2.0 (2)
   101: 00000000   101 FUNC    GLOBAL DEFAULT  UND crypt@GLIBC_2.0 (5)
   102: 080513e4     4 OBJECT  GLOBAL DEFAULT   14 _IO_stdin_used
   103: 00000000    82 FUNC    GLOBAL DEFAULT  UND endusershell@GLIBC_2.0 (2)
   104: 00000000   233 FUNC    GLOBAL DEFAULT  UND strtok@GLIBC_2.0 (2)
   105: 00000000    61 FUNC    GLOBAL DEFAULT  UND kill@GLIBC_2.0 (2)
   106: 00000000   118 FUNC    GLOBAL DEFAULT  UND recv@GLIBC_2.0 (2)
   107: 00000000    52 FUNC    GLOBAL DEFAULT  UND sprintf@GLIBC_2.0 (2)
   108: 00000000   347 FUNC    GLOBAL DEFAULT  UND fwrite@GLIBC_2.0 (2)
   109: 00000000    60 FUNC    GLOBAL DEFAULT  UND socket@GLIBC_2.0 (2)
   110: 00000000     0 NOTYPE  WEAK   DEFAULT  UND _Jv_RegisterClasses
   111: 00000000   101 FUNC    GLOBAL DEFAULT  UND setuid@GLIBC_2.0 (2)
   112: 00000000   122 FUNC    GLOBAL DEFAULT  UND read@GLIBC_2.0 (2)
   113: 00000000    57 FUNC    GLOBAL DEFAULT  UND alarm@GLIBC_2.0 (2)
   114: 00000000    17 FUNC    GLOBAL DEFAULT  UND geteuid@GLIBC_2.0 (2)
   115: 00000000   171 FUNC    GLOBAL DEFAULT  UND wait@GLIBC_2.0 (2)
   116: 00000000     0 NOTYPE  WEAK   DEFAULT  UND __gmon_start__
   117: 00000000    57 FUNC    GLOBAL DEFAULT  UND chroot@GLIBC_2.0 (2)
   118: 00000000    34 FUNC    GLOBAL DEFAULT  UND strcpy@GLIBC_2.0 (2)

Symbol table '.symtab' contains 383 entries:
   Num:    Value  Size Type    Bind   Vis      Ndx Name
     0: 00000000     0 NOTYPE  LOCAL  DEFAULT  UND 
     1: 08048114     0 SECTION LOCAL  DEFAULT    1 
     2: 08048128     0 SECTION LOCAL  DEFAULT    2 
     3: 08048148     0 SECTION LOCAL  DEFAULT    3 
     4: 080484b0     0 SECTION LOCAL  DEFAULT    4 
     5: 08048c20     0 SECTION LOCAL  DEFAULT    5 
     6: 08048fea     0 SECTION LOCAL  DEFAULT    6 
     7: 080490d8     0 SECTION LOCAL  DEFAULT    7 
     8: 08049138     0 SECTION LOCAL  DEFAULT    8 
     9: 08049158     0 SECTION LOCAL  DEFAULT    9 
    10: 080494e0     0 SECTION LOCAL  DEFAULT   10 
    11: 080494f8     0 SECTION LOCAL  DEFAULT   11 
    12: 08049c20     0 SECTION LOCAL  DEFAULT   12 
    13: 080513bc     0 SECTION LOCAL  DEFAULT   13 
    14: 080513e0     0 SECTION LOCAL  DEFAULT   14 
    15: 0805338c     0 SECTION LOCAL  DEFAULT   15 
    16: 08054390     0 SECTION LOCAL  DEFAULT   16 
    17: 08054398     0 SECTION LOCAL  DEFAULT   17 
    18: 080543a0     0 SECTION LOCAL  DEFAULT   18 
    19: 080543a4     0 SECTION LOCAL  DEFAULT   19 
    20: 08054474     0 SECTION LOCAL  DEFAULT   20 
    21: 0805447c     0 SECTION LOCAL  DEFAULT   21 
    22: 0805464c     0 SECTION LOCAL  DEFAULT   22 
    23: 08054680     0 SECTION LOCAL  DEFAULT   23 
    24: 00000000     0 SECTION LOCAL  DEFAULT   24 
    25: 00000000     0 SECTION LOCAL  DEFAULT   25 
    26: 00000000     0 SECTION LOCAL  DEFAULT   26 
    27: 00000000     0 SECTION LOCAL  DEFAULT   27 
    28: 00000000     0 SECTION LOCAL  DEFAULT   28 
    29: 00000000     0 SECTION LOCAL  DEFAULT   29 
    30: 00000000     0 SECTION LOCAL  DEFAULT   30 
    31: 00000000     0 SECTION LOCAL  DEFAULT   31 
    32: 00000000     0 SECTION LOCAL  DEFAULT   32 
    33: 00000000     0 SECTION LOCAL  DEFAULT   33 
    34: 00000000     0 SECTION LOCAL  DEFAULT   34 
    35: 00000000     0 SECTION LOCAL  DEFAULT   35 
    36: 00000000     0 SECTION LOCAL  DEFAULT   36 
    37: 08049c44     0 FUNC    LOCAL  DEFAULT   12 call_gmon_start
    38: 00000000     0 FILE    LOCAL  DEFAULT  ABS crtstuff.c
    39: 08054390     0 OBJECT  LOCAL  DEFAULT   16 __CTOR_LIST__
    40: 08054398     0 OBJECT  LOCAL  DEFAULT   17 __DTOR_LIST__
    41: 080543a0     0 OBJECT  LOCAL  DEFAULT   18 __JCR_LIST__
    42: 0805468c     1 OBJECT  LOCAL  DEFAULT   23 completed.5751
    43: 08054654     0 OBJECT  LOCAL  DEFAULT   22 p.5749
    44: 08049c70     0 FUNC    LOCAL  DEFAULT   12 __do_global_dtors_aux
    45: 08049ca0     0 FUNC    LOCAL  DEFAULT   12 frame_dummy
    46: 00000000     0 FILE    LOCAL  DEFAULT  ABS crtstuff.c
    47: 08054394     0 OBJECT  LOCAL  DEFAULT   16 __CTOR_END__
    48: 0805439c     0 OBJECT  LOCAL  DEFAULT   17 __DTOR_END__
    49: 0805338c     0 OBJECT  LOCAL  DEFAULT   15 __FRAME_END__
    50: 080543a0     0 OBJECT  LOCAL  DEFAULT   18 __JCR_END__
    51: 08051390     0 FUNC    LOCAL  DEFAULT   12 __do_global_ctors_aux
    52: 00000000     0 FILE    LOCAL  DEFAULT  ABS bftpdutmp.c
    53: 00000000     0 FILE    LOCAL  DEFAULT  ABS commands.c
    54: 08052720    48 OBJECT  LOCAL  DEFAULT   14 subcmds.5904
    55: 00000000     0 FILE    LOCAL  DEFAULT  ABS commands_admin.c
    56: 00000000     0 FILE    LOCAL  DEFAULT  ABS cwd.c
    57: 00000000     0 FILE    LOCAL  DEFAULT  ABS dirlist.c
    58: 080546b8     4 OBJECT  LOCAL  DEFAULT   23 tmp.4343
    59: 00000000     0 FILE    LOCAL  DEFAULT  ABS list.c
    60: 00000000     0 FILE    LOCAL  DEFAULT  ABS login.c
    61: 00000000     0 FILE    LOCAL  DEFAULT  ABS logging.c
    62: 00000000     0 FILE    LOCAL  DEFAULT  ABS main.c
    63: 080546e0     4 OBJECT  LOCAL  DEFAULT   23 he.5044
    64: 00000000     0 FILE    LOCAL  DEFAULT  ABS mystring.c
    65: 00000000     0 FILE    LOCAL  DEFAULT  ABS options.c
    66: 08054700     1 OBJECT  LOCAL  DEFAULT   23 empty_string.4359
    67: 08054701     1 OBJECT  LOCAL  DEFAULT   23 empty.4346
    68: 08054720   256 OBJECT  LOCAL  DEFAULT   23 str.4012
    69: 080543a4     0 OBJECT  LOCAL  HIDDEN   19 _DYNAMIC
    70: 08054390     0 NOTYPE  LOCAL  HIDDEN  ABS __fini_array_end
    71: 08054650     0 OBJECT  LOCAL  HIDDEN   22 __dso_handle
    72: 08054390     0 NOTYPE  LOCAL  HIDDEN  ABS __fini_array_start
    73: 08054390     0 NOTYPE  LOCAL  HIDDEN  ABS __init_array_end
    74: 08054390     0 NOTYPE  LOCAL  HIDDEN  ABS __preinit_array_end
    75: 0805447c     0 OBJECT  LOCAL  HIDDEN   21 _GLOBAL_OFFSET_TABLE_
    76: 08054390     0 NOTYPE  LOCAL  HIDDEN  ABS __init_array_start
    77: 08054390     0 NOTYPE  LOCAL  HIDDEN  ABS __preinit_array_start
    78: 00000000    69 FUNC    GLOBAL DEFAULT  UND wait4@@GLIBC_2.0
    79: 0804dfb0   253 FUNC    GLOBAL DEFAULT   12 hidegroups_init
    80: 0804d1b0    38 FUNC    GLOBAL DEFAULT   12 command_adminquit
    81: 00000000    63 FUNC    GLOBAL DEFAULT  UND readlink@@GLIBC_2.0
    82: 0804f5d0    23 FUNC    GLOBAL DEFAULT   12 handler_sigterm
    83: 0804cdf0    27 FUNC    GLOBAL DEFAULT   12 command_stor
    84: 00000000   292 FUNC    GLOBAL DEFAULT  UND getspnam@@GLIBC_2.0
    85: 08054664     4 OBJECT  GLOBAL DEFAULT   22 ratio_recv
    86: 08054888     4 OBJECT  GLOBAL DEFAULT   23 child_list
    87: 00000000    61 FUNC    GLOBAL DEFAULT  UND mkdir@@GLIBC_2.0
    88: 00000000   292 FUNC    GLOBAL DEFAULT  UND getgrnam@@GLIBC_2.0
    89: 00000000  5073 FUNC    GLOBAL DEFAULT  UND glob@@GLIBC_2.0
    90: 00000000    64 FUNC    GLOBAL DEFAULT  UND getusershell@@GLIBC_2.0
    91: 0804ae20    72 FUNC    GLOBAL DEFAULT   12 command_rest
    92: 00000000    73 FUNC    GLOBAL DEFAULT  UND chown@@GLIBC_2.1
    93: 0804f520    43 FUNC    GLOBAL DEFAULT   12 init_everything
    94: 00000000    61 FUNC    GLOBAL DEFAULT  UND rename@@GLIBC_2.0
    95: 0804d820   281 FUNC    GLOBAL DEFAULT   12 bftpd_cwd_mappath
    96: 08050ab0   191 FUNC    GLOBAL DEFAULT   12 config_read_line
    97: 0804a7d0   125 FUNC    GLOBAL DEFAULT   12 command_feat
    98: 0804e0e0    54 FUNC    GLOBAL DEFAULT   12 bftpd_list_get
    99: 00000000   359 FUNC    GLOBAL DEFAULT  UND strchr@@GLIBC_2.0
   100: 00000000   719 FUNC    GLOBAL DEFAULT  UND fdopen@@GLIBC_2.1
   101: 0804b240   214 FUNC    GLOBAL DEFAULT   12 command_dele
   102: 0804ad50    59 FUNC    GLOBAL DEFAULT   12 command_quit
   103: 0804b070     9 FUNC    GLOBAL DEFAULT   12 command_allo
   104: 080529c0    56 OBJECT  GLOBAL DEFAULT   14 admin_commands
   105: 0804d6a0    35 FUNC    GLOBAL DEFAULT   12 bftpd_cwd_end
   106: 080546c4     4 OBJECT  GLOBAL DEFAULT   23 statuslog
   107: 08054864     4 OBJECT  GLOBAL DEFAULT   23 mystatuslog
   108: 0804f450   203 FUNC    GLOBAL DEFAULT   12 log_init
   109: 08054698     1 OBJECT  GLOBAL DEFAULT   23 pasv
   110: 0805465c     2 OBJECT  GLOBAL DEFAULT   22 xfertype
   111: 00000000    60 FUNC    GLOBAL DEFAULT  UND getpid@@GLIBC_2.0
   112: 0804b160   223 FUNC    GLOBAL DEFAULT   12 command_mkd
   113: 0804c260    27 FUNC    GLOBAL DEFAULT   12 command_list
   114: 0804cf20   188 FUNC    GLOBAL DEFAULT   12 command_mdtm
   115: 0804bcd0   127 FUNC    GLOBAL DEFAULT   12 command_type
   116: 0804e530    93 FUNC    GLOBAL DEFAULT   12 checkpass
   117: 08050710    94 FUNC    GLOBAL DEFAULT   12 getoption_group
   118: 0804e120    95 FUNC    GLOBAL DEFAULT   12 bftpd_list_del
   119: 0804a1a0    49 FUNC    GLOBAL DEFAULT   12 get_buffer_size
   120: 08050770    68 FUNC    GLOBAL DEFAULT   12 config_getoption
   121: 00000000   122 FUNC    GLOBAL DEFAULT  UND write@@GLIBC_2.0
   122: 00000000    53 FUNC    GLOBAL DEFAULT  UND localtime@@GLIBC_2.0
   123: 00000000    52 FUNC    GLOBAL DEFAULT  UND fileno@@GLIBC_2.0
   124: 080546d4     4 OBJECT  GLOBAL DEFAULT   23 groupfile
   125: 0805488c     4 OBJECT  GLOBAL DEFAULT   23 devnull
   126: 00000000    37 FUNC    GLOBAL DEFAULT  UND strcmp@@GLIBC_2.0
   127: 00000000   111 FUNC    GLOBAL DEFAULT  UND close@@GLIBC_2.0
   128: 080513e0     4 OBJECT  GLOBAL DEFAULT   14 _fp_hw
   129: 0804a510   489 FUNC    GLOBAL DEFAULT   12 parsecmd
   130: 080546b0     4 OBJECT  GLOBAL DEFAULT   23 cwd
   131: 00000000    36 FUNC    GLOBAL DEFAULT  UND fprintf@@GLIBC_2.0
   132: 00000000   545 FUNC    GLOBAL DEFAULT  UND fork@@GLIBC_2.0
   133: 0804dd90   152 FUNC    GLOBAL DEFAULT   12 dirlist_one_file
   134: 00000000    21 FUNC    GLOBAL DEFAULT  UND umask@@GLIBC_2.0
   135: 00000000   219 FUNC    GLOBAL DEFAULT  UND signal@@GLIBC_2.0
   136: 00000000   242 FUNC    GLOBAL DEFAULT  UND fflush@@GLIBC_2.0
   137: 080501e0    42 FUNC    GLOBAL DEFAULT   12 pos
   138: 0804d190    28 FUNC    GLOBAL DEFAULT   12 command_admingetconf
   139: 00000000   149 FUNC    GLOBAL DEFAULT  UND seteuid@@GLIBC_2.0
   140: 0804e920   264 FUNC    GLOBAL DEFAULT   12 mygetpwuid
   141: 08050660    61 FUNC    GLOBAL DEFAULT   12 getoption_global
   142: 00000000    57 FUNC    GLOBAL DEFAULT  UND unlink@@GLIBC_2.0
   143: 08054828     4 OBJECT  GLOBAL DEFAULT   23 sock
   144: 0804f200    82 FUNC    GLOBAL DEFAULT   12 log_end
   145: 0804e650    68 FUNC    GLOBAL DEFAULT   12 bftpd_setuid
   146: 0804b320    52 FUNC    GLOBAL DEFAULT   12 command_cdup
   147: 0804ad90   141 FUNC    GLOBAL DEFAULT   12 command_size
   148: 0804ce10   267 FUNC    GLOBAL DEFAULT   12 command_mput
   149: 0804f550   116 FUNC    GLOBAL DEFAULT   12 handler_sigalrm
   150: 00000000   146 FUNC    GLOBAL DEFAULT  UND select@@GLIBC_2.0
   151: 00000000   235 FUNC    GLOBAL DEFAULT  UND vsnprintf@@GLIBC_2.0
   152: 00000000   171 FUNC    GLOBAL DEFAULT  UND strerror@@GLIBC_2.0
   153: 0804d6d0    41 FUNC    GLOBAL DEFAULT   12 bftpd_cwd_init
   154: 080546d0     4 OBJECT  GLOBAL DEFAULT   23 passwdfile
   155: 0804afa0   165 FUNC    GLOBAL DEFAULT   12 command_rnfr
   156: 08049cd0   203 FUNC    GLOBAL DEFAULT   12 bftpdutmp_remove_pid
   157: 08054890     4 OBJECT  GLOBAL DEFAULT   23 control_timeout
   158: 08051304     5 FUNC    GLOBAL DEFAULT   12 __libc_csu_fini
   159: 080548cc     4 OBJECT  GLOBAL DEFAULT   23 config_users
   160: 0804df50    89 FUNC    GLOBAL DEFAULT   12 add_to_hidegroups
   161: 080546c0     4 OBJECT  GLOBAL DEFAULT   23 logfile
   162: 08050110    60 FUNC    GLOBAL DEFAULT   12 cutto
   163: 00000000    69 FUNC    GLOBAL DEFAULT  UND __cxa_atexit@@GLIBC_2.1.3
   164: 00000000   292 FUNC    GLOBAL DEFAULT  UND getpwuid@@GLIBC_2.0
   165: 00000000   176 FUNC    GLOBAL DEFAULT  UND initgroups@@GLIBC_2.0
   166: 0804c800  1473 FUNC    GLOBAL DEFAULT   12 do_stor
   167: 0804e4a0   133 FUNC    GLOBAL DEFAULT   12 checkpass_pwd
   168: 00000000    29 FUNC    GLOBAL DEFAULT  UND __errno_location@@GLIBC_2
   169: 08050470    62 FUNC    GLOBAL DEFAULT   12 getoption
   170: 0804c150   240 FUNC    GLOBAL DEFAULT   12 do_dirlist
   171: 08054868    28 OBJECT  GLOBAL DEFAULT   23 userinfo
   172: 00000000   165 FUNC    GLOBAL DEFAULT  UND rewind@@GLIBC_2.0
   173: 00000000   101 FUNC    GLOBAL DEFAULT  UND setgid@@GLIBC_2.0
   174: 00000000   292 FUNC    GLOBAL DEFAULT  UND getgrgid@@GLIBC_2.0
   175: 0804d940   119 FUNC    GLOBAL DEFAULT   12 bftpd_cwd_chdir
   176: 08054820     4 OBJECT  GLOBAL DEFAULT   23 pre_write_script
   177: 0804f6a0   173 FUNC    GLOBAL DEFAULT   12 print_file
   178: 00000000   118 FUNC    GLOBAL DEFAULT  UND accept@@GLIBC_2.0
   179: 00000000   363 FUNC    GLOBAL DEFAULT  UND gethostbyaddr@@GLIBC_2.0
   180: 00000000    61 FUNC    GLOBAL DEFAULT  UND chmod@@GLIBC_2.0
   181: 0804f260   185 FUNC    GLOBAL DEFAULT   12 bftpd_statuslog
   182: 080507c0   737 FUNC    GLOBAL DEFAULT   12 expand_groups
   183: 00000000   302 FUNC    GLOBAL DEFAULT  UND inet_ntoa@@GLIBC_2.0
   184: 0804f5f0   128 FUNC    GLOBAL DEFAULT   12 handler_sigchld
   185: 08050b70   386 FUNC    GLOBAL DEFAULT   12 create_options
   186: 080494e0     0 FUNC    GLOBAL DEFAULT   10 _init
   187: 0804c240    27 FUNC    GLOBAL DEFAULT   12 command_nlst
   188: 0804a0a0    62 FUNC    GLOBAL DEFAULT   12 bftpdutmp_end
   189: 08054694     4 OBJECT  GLOBAL DEFAULT   23 state
   190: 080504e0   378 FUNC    GLOBAL DEFAULT   12 getoption_directories
   191: 080546cc     1 OBJECT  GLOBAL DEFAULT   23 log_syslog
   192: 00000000    60 FUNC    GLOBAL DEFAULT  UND listen@@GLIBC_2.0
   193: 0804bb70   346 FUNC    GLOBAL DEFAULT   12 command_port
   194: 00000000   382 FUNC    GLOBAL DEFAULT  UND malloc@@GLIBC_2.0
   195: 0805482c    31 OBJECT  GLOBAL DEFAULT   23 user
   196: 0804e5f0    82 FUNC    GLOBAL DEFAULT   12 login_init
   197: 08054658     4 OBJECT  GLOBAL DEFAULT   22 bftpdutmp_offset
   198: 00000000    49 FUNC    GLOBAL DEFAULT  UND setsid@@GLIBC_2.0
   199: 08054894     4 OBJECT  GLOBAL DEFAULT   23 global_argc
   200: 0804e3f0   172 FUNC    GLOBAL DEFAULT   12 checkuser
   201: 00000000    36 FUNC    GLOBAL DEFAULT  UND fscanf@@GLIBC_2.0
   202: 00000000    69 FUNC    GLOBAL DEFAULT  UND strftime@@GLIBC_2.0
   203: 0804d2c0   263 FUNC    GLOBAL DEFAULT   12 command_adminwho
   204: 0804ea30  1993 FUNC    GLOBAL DEFAULT   12 bftpd_login
   205: 00000000   280 FUNC    GLOBAL DEFAULT  UND fread@@GLIBC_2.0
   206: 00000000    88 FUNC    GLOBAL DEFAULT  UND memmove@@GLIBC_2.0
   207: 080548d0     4 OBJECT  GLOBAL DEFAULT   23 config_groups
   208: 08050f80   898 FUNC    GLOBAL DEFAULT   12 Reread_Config_File
   209: 0804ab80   348 FUNC    GLOBAL DEFAULT   12 command_chmod
   210: 0804b730   675 FUNC    GLOBAL DEFAULT   12 command_pasv
   211: 08050150   142 FUNC    GLOBAL DEFAULT   12 replace
   212: 0804d160    38 FUNC    GLOBAL DEFAULT   12 command_adminstoplog
   213: 00000000    44 FUNC    GLOBAL DEFAULT  UND syslog@@GLIBC_2.0
   214: 08054680     4 OBJECT  GLOBAL DEFAULT   23 stderr@@GLIBC_2.0
   215: 0804a1e0   396 FUNC    GLOBAL DEFAULT   12 run_script
   216: 080546a8     4 OBJECT  GLOBAL DEFAULT   23 bytes_recvd
   217: 08054898     4 OBJECT  GLOBAL DEFAULT   23 listensocket
   218: 0804a850    28 FUNC    GLOBAL DEFAULT   12 command_auth
   219: 0804e180    74 FUNC    GLOBAL DEFAULT   12 bftpd_list_add
   220: 00000000   142 FUNC    GLOBAL DEFAULT  UND __xstat@@GLIBC_2.0
   221: 00000000    60 FUNC    GLOBAL DEFAULT  UND setsockopt@@GLIBC_2.0
   222: 080546bc     1 OBJECT  GLOBAL DEFAULT   23 userinfo_set
   223: 00000000    52 FUNC    GLOBAL DEFAULT  UND execv@@GLIBC_2.0
   224: 0804f670    44 FUNC    GLOBAL DEFAULT   12 handler_sighup
   225: 00000000    60 FUNC    GLOBAL DEFAULT  UND getpeername@@GLIBC_2.0
   226: 08054660     4 OBJECT  GLOBAL DEFAULT   22 ratio_send
   227: 08049ea0   149 FUNC    GLOBAL DEFAULT   12 bftpdutmp_usercount
   228: 00000000   165 FUNC    GLOBAL DEFAULT  UND fseek@@GLIBC_2.0
   229: 0804d720   246 FUNC    GLOBAL DEFAULT   12 appendpath
   230: 080503d0     5 FUNC    GLOBAL DEFAULT   12 config_end
   231: 08054668     4 OBJECT  GLOBAL DEFAULT   22 isparent
   232: 00000000    32 FUNC    GLOBAL DEFAULT  UND time@@GLIBC_2.0
   233: 0804b570   439 FUNC    GLOBAL DEFAULT   12 command_epsv
   234: 08049c20     0 FUNC    GLOBAL DEFAULT   12 _start
   235: 080546d8     4 OBJECT  GLOBAL DEFAULT   23 alarm_type
   236: 00000000    73 FUNC    GLOBAL DEFAULT  UND getopt@@GLIBC_2.0
   237: 0804d030   295 FUNC    GLOBAL DEFAULT   12 admin_parsecmd
   238: 00000000   370 FUNC    GLOBAL DEFAULT  UND fgets@@GLIBC_2.0
   239: 0804be00   218 FUNC    GLOBAL DEFAULT   12 command_user
   240: 08050d00   630 FUNC    GLOBAL DEFAULT   12 config_init
   241: 00000000    57 FUNC    GLOBAL DEFAULT  UND chdir@@GLIBC_2.0
   242: 00000000   326 FUNC    GLOBAL DEFAULT  UND fputs@@GLIBC_2.0
   243: 00000000   387 FUNC    GLOBAL DEFAULT  UND strstr@@GLIBC_2.0
   244: 00000000   175 FUNC    GLOBAL DEFAULT  UND strlen@@GLIBC_2.0
   245: 0804e7c0    52 FUNC    GLOBAL DEFAULT   12 wtmp_end
   246: 0805489c     4 OBJECT  GLOBAL DEFAULT   23 my_argv_list
   247: 0804e810   265 FUNC    GLOBAL DEFAULT   12 mygetpwnam
   248: 0804e1d0   412 FUNC    GLOBAL DEFAULT   12 check_file_password
   249: 0804b400    28 FUNC    GLOBAL DEFAULT   12 command_syst
   250: 08054824     4 OBJECT  GLOBAL DEFAULT   23 post_write_script
   251: 0804d700    21 FUNC    GLOBAL DEFAULT   12 bftpd_cwd_getcwd
   252: 00000000   142 FUNC    GLOBAL DEFAULT  UND __lxstat@@GLIBC_2.0
   253: 00000000    69 FUNC    GLOBAL DEFAULT  UND __strtol_internal@@GLIBC_
   254: 0804a0e0   181 FUNC    GLOBAL DEFAULT   12 bftpdutmp_init
   255: 00000000   235 FUNC    GLOBAL DEFAULT  UND strncmp@@GLIBC_2.0
   256: 0804e370   127 FUNC    GLOBAL DEFAULT   12 checkshell
   257: 00000000   123 FUNC    GLOBAL DEFAULT  UND openlog@@GLIBC_2.0
   258: 0805130c    84 FUNC    GLOBAL DEFAULT   12 __libc_csu_init
   259: 00000000   339 FUNC    GLOBAL DEFAULT  UND inet_addr@@GLIBC_2.0
   260: 080548a0     4 OBJECT  GLOBAL DEFAULT   23 data_timeout
   261: 0804b360   158 FUNC    GLOBAL DEFAULT   12 command_cwd
   262: 0804e800     9 FUNC    GLOBAL DEFAULT   12 login_end
   263: 0804e590    91 FUNC    GLOBAL DEFAULT   12 wtmp_init
   264: 08054670     0 NOTYPE  GLOBAL DEFAULT  ABS __bss_start
   265: 0804f320   291 FUNC    GLOBAL DEFAULT   12 bftpd_log
   266: 0804a700   208 FUNC    GLOBAL DEFAULT   12 command_help
   267: 0804e0b0    33 FUNC    GLOBAL DEFAULT   12 bftpd_list_count
   268: 0804f800  2254 FUNC    GLOBAL DEFAULT   12 main
   269: 080548a4    16 OBJECT  GLOBAL DEFAULT   23 remotename
   270: 0804ace0   103 FUNC    GLOBAL DEFAULT   12 command_stat
   271: 0804c280  1121 FUNC    GLOBAL DEFAULT   12 command_retr
   272: 08049e20   125 FUNC    GLOBAL DEFAULT   12 bftpdutmp_dup_ip_count
   273: 00000000   415 FUNC    GLOBAL DEFAULT  UND __libc_start_main@@GLIBC_
   274: 0804d560   314 FUNC    GLOBAL DEFAULT   12 command_adminlogin
   275: 0804d3d0   326 FUNC    GLOBAL DEFAULT   12 command_adminlog
   276: 08054690     4 OBJECT  GLOBAL DEFAULT   23 bftpdutmp
   277: 0804a940   574 FUNC    GLOBAL DEFAULT   12 command_chown
   278: 0804ae70   300 FUNC    GLOBAL DEFAULT   12 command_rnto
   279: 0804cfe0    72 FUNC    GLOBAL DEFAULT   12 new_umask
   280: 00000000    61 FUNC    GLOBAL DEFAULT  UND dup2@@GLIBC_2.0
   281: 0804a370   133 FUNC    GLOBAL DEFAULT   12 init_userinfo
   282: 00000000  1028 FUNC    GLOBAL DEFAULT  UND realloc@@GLIBC_2.0
   283: 00000000   426 FUNC    GLOBAL DEFAULT  UND strcat@@GLIBC_2.0
   284: 080500d0    51 FUNC    GLOBAL DEFAULT   12 mystrncpy
   285: 0804bd50    61 FUNC    GLOBAL DEFAULT   12 command_pwd
   286: 0805464c     0 NOTYPE  WEAK   DEFAULT   22 data_start
   287: 00000000    99 FUNC    GLOBAL DEFAULT  UND globfree@@GLIBC_2.0
   288: 00000000   156 FUNC    GLOBAL DEFAULT  UND closelog@@GLIBC_2.0
   289: 00000000    57 FUNC    GLOBAL DEFAULT  UND printf@@GLIBC_2.0
   290: 00000000    60 FUNC    GLOBAL DEFAULT  UND bind@@GLIBC_2.0
   291: 0804a400   114 FUNC    GLOBAL DEFAULT   12 prepare_sock
   292: 080513bc     0 FUNC    GLOBAL DEFAULT   13 _fini
   293: 00000000    63 FUNC    GLOBAL DEFAULT  UND lseek@@GLIBC_2.0
   294: 00000000    39 FUNC    GLOBAL DEFAULT  UND memcpy@@GLIBC_2.0
   295: 080546c8     4 OBJECT  GLOBAL DEFAULT   23 statuslogforreading
   296: 0805484c     4 OBJECT  GLOBAL DEFAULT   23 xfer_bufsize
   297: 00000000   462 FUNC    GLOBAL DEFAULT  UND fclose@@GLIBC_2.1
   298: 08051360    44 FUNC    GLOBAL HIDDEN   12 atexit
   299: 00000000    60 FUNC    GLOBAL DEFAULT  UND getsockname@@GLIBC_2.0
   300: 00000000   441 FUNC    GLOBAL DEFAULT  UND strrchr@@GLIBC_2.0
   301: 0804a480   141 FUNC    GLOBAL DEFAULT   12 control_printf
   302: 00000000    27 FUNC    GLOBAL DEFAULT  UND ctime@@GLIBC_2.0
   303: 0804b420   322 FUNC    GLOBAL DEFAULT   12 test_abort
   304: 00000000    82 FUNC    GLOBAL DEFAULT  UND __strdup@@GLIBC_2.0
   305: 00000000    57 FUNC    GLOBAL DEFAULT  UND rmdir@@GLIBC_2.0
   306: 0804d9c0    63 FUNC    GLOBAL DEFAULT   12 hidegroups_end
   307: 08054884     4 OBJECT  GLOBAL DEFAULT   23 wtmp
   308: 00000000    71 FUNC    GLOBAL DEFAULT  UND closedir@@GLIBC_2.0
   309: 08050210   436 FUNC    GLOBAL DEFAULT   12 int_from_list
   310: 08049f40   337 FUNC    GLOBAL DEFAULT   12 bftpdutmp_log
   311: 00000000   140 FUNC    GLOBAL DEFAULT  UND opendir@@GLIBC_2.0
   312: 00000000   122 FUNC    GLOBAL DEFAULT  UND open@@GLIBC_2.0
   313: 0804a870   202 FUNC    GLOBAL DEFAULT   12 command_site
   314: 080546a0     4 OBJECT  GLOBAL DEFAULT   23 offset
   315: 00000000    98 FUNC    GLOBAL DEFAULT  UND strcasecmp@@GLIBC_2.0
   316: 0804bee0   612 FUNC    GLOBAL DEFAULT   12 dataconn
   317: 080546a4     4 OBJECT  GLOBAL DEFAULT   23 bytes_sent
   318: 00000000   292 FUNC    GLOBAL DEFAULT  UND getpwnam@@GLIBC_2.0
   319: 00000000   241 FUNC    GLOBAL DEFAULT  UND exit@@GLIBC_2.0
   320: 00000000   756 FUNC    GLOBAL DEFAULT  UND calloc@@GLIBC_2.0
   321: 00000000    53 FUNC    GLOBAL DEFAULT  UND gmtime@@GLIBC_2.0
   322: 0804bd90   104 FUNC    GLOBAL DEFAULT   12 command_pass
   323: 0804c6f0   267 FUNC    GLOBAL DEFAULT   12 command_mget
   324: 080546ac     4 OBJECT  GLOBAL DEFAULT   23 epsvall
   325: 00000000    52 FUNC    GLOBAL DEFAULT  UND sscanf@@GLIBC_2.0
   326: 08054670     0 NOTYPE  GLOBAL DEFAULT  ABS _edata
   327: 080503e0   140 FUNC    GLOBAL DEFAULT   12 user_is_in_group
   328: 080504b0    39 FUNC    GLOBAL DEFAULT   12 config_getoption_reread
   329: 080548b4     4 OBJECT  GLOBAL DEFAULT   23 global_argv
   330: 00000000   420 FUNC    GLOBAL DEFAULT  UND free@@GLIBC_2.0
   331: 080548dc     0 NOTYPE  GLOBAL DEFAULT  ABS _end
   332: 00000000   118 FUNC    GLOBAL DEFAULT  UND send@@GLIBC_2.0
   333: 00000000   229 FUNC    GLOBAL DEFAULT  UND getcwd@@GLIBC_2.0
   334: 0804e6a0   284 FUNC    GLOBAL DEFAULT   12 bftpd_logwtmp
   335: 080546b4     4 OBJECT  GLOBAL DEFAULT   23 hidegroups
   336: 0804d1e0   209 FUNC    GLOBAL DEFAULT   12 command_adminkick
   337: 00000000    67 FUNC    GLOBAL DEFAULT  UND memset@@GLIBC_2.0
   338: 080546dc     4 OBJECT  GLOBAL DEFAULT   23 daemonmode
   339: 00000000   117 FUNC    GLOBAL DEFAULT  UND strncasecmp@@GLIBC_2.0
   340: 00000000   118 FUNC    GLOBAL DEFAULT  UND connect@@GLIBC_2.0
   341: 08054684     4 OBJECT  GLOBAL DEFAULT   23 stdin@@GLIBC_2.0
   342: 080506a0    97 FUNC    GLOBAL DEFAULT   12 getoption_user
   343: 0804b050    28 FUNC    GLOBAL DEFAULT   12 command_noop
   344: 0805466c     4 OBJECT  GLOBAL DEFAULT   22 configpath
   345: 080524a0   640 OBJECT  GLOBAL DEFAULT   14 commands
   346: 00000000   160 FUNC    GLOBAL DEFAULT  UND strncpy@@GLIBC_2.0
   347: 08049da0   118 FUNC    GLOBAL DEFAULT   12 bftpdutmp_pidexists
   348: 00000000    50 FUNC    GLOBAL DEFAULT  UND fopen@@GLIBC_2.1
   349: 00000000    69 FUNC    GLOBAL DEFAULT  UND __strtoul_internal@@GLIBC
   350: 08054688     4 OBJECT  GLOBAL DEFAULT   23 optarg@@GLIBC_2.0
   351: 00000000   101 FUNC    GLOBAL DEFAULT  UND crypt@@GLIBC_2.0
   352: 0804de30   276 FUNC    GLOBAL DEFAULT   12 dirlist
   353: 080513e4     4 OBJECT  GLOBAL DEFAULT   14 _IO_stdin_used
   354: 00000000    82 FUNC    GLOBAL DEFAULT  UND endusershell@@GLIBC_2.0
   355: 08054850     4 OBJECT  GLOBAL DEFAULT   23 pasvsock
   356: 080548b8    16 OBJECT  GLOBAL DEFAULT   23 name
   357: 00000000   233 FUNC    GLOBAL DEFAULT  UND strtok@@GLIBC_2.0
   358: 00000000    61 FUNC    GLOBAL DEFAULT  UND kill@@GLIBC_2.0
   359: 0804b080   214 FUNC    GLOBAL DEFAULT   12 command_rmd
   360: 00000000   118 FUNC    GLOBAL DEFAULT  UND recv@@GLIBC_2.0
   361: 0805469c     4 OBJECT  GLOBAL DEFAULT   23 philename
   362: 0804b9e0   385 FUNC    GLOBAL DEFAULT   12 command_eprt
   363: 08054854    16 OBJECT  GLOBAL DEFAULT   23 sa
   364: 00000000    52 FUNC    GLOBAL DEFAULT  UND sprintf@@GLIBC_2.0
   365: 0804f750   169 FUNC    GLOBAL DEFAULT   12 end_child
   366: 00000000   347 FUNC    GLOBAL DEFAULT  UND fwrite@@GLIBC_2.0
   367: 0805464c     0 NOTYPE  GLOBAL DEFAULT   22 __data_start
   368: 00000000    60 FUNC    GLOBAL DEFAULT  UND socket@@GLIBC_2.0
   369: 00000000     0 NOTYPE  WEAK   DEFAULT  UND _Jv_RegisterClasses
   370: 00000000   101 FUNC    GLOBAL DEFAULT  UND setuid@@GLIBC_2.0
   371: 080548c8     4 OBJECT  GLOBAL DEFAULT   23 remotehostname
   372: 0804cdd0    27 FUNC    GLOBAL DEFAULT   12 command_appe
   373: 080548d4     8 OBJECT  GLOBAL DEFAULT   23 config_global
   374: 00000000   122 FUNC    GLOBAL DEFAULT  UND read@@GLIBC_2.0
   375: 00000000    57 FUNC    GLOBAL DEFAULT  UND alarm@@GLIBC_2.0
   376: 00000000    17 FUNC    GLOBAL DEFAULT  UND geteuid@@GLIBC_2.0
   377: 0804d520    50 FUNC    GLOBAL DEFAULT   12 loginfailed
   378: 00000000   171 FUNC    GLOBAL DEFAULT  UND wait@@GLIBC_2.0
   379: 0804da00   897 FUNC    GLOBAL DEFAULT   12 bftpd_stat
   380: 00000000     0 NOTYPE  WEAK   DEFAULT  UND __gmon_start__
   381: 00000000    57 FUNC    GLOBAL DEFAULT  UND chroot@@GLIBC_2.0
   382: 00000000    34 FUNC    GLOBAL DEFAULT  UND strcpy@@GLIBC_2.0

Histogram for bucket list length (total of 97 buckets):
 Length  Number     % of total  Coverage
      0  26         ( 26.8%)
      1  39         ( 40.2%)     33.1%
      2  21         ( 21.6%)     68.6%
      3  7          (  7.2%)     86.4%
      4  4          (  4.1%)    100.0%

版本符号节“.gnu.version”含有 119 个条目：
 地址：0000000008048fea  偏移量：0x000fea  连接：4 (.dynsym)
  000:   0 (*本地*)       2 (GLIBC_2.0)     2 (GLIBC_2.0)     2 (GLIBC_2.0)  
  004:   2 (GLIBC_2.0)     2 (GLIBC_2.0)     2 (GLIBC_2.0)     2 (GLIBC_2.0)  
  008:   3 (GLIBC_2.1)     2 (GLIBC_2.0)     2 (GLIBC_2.0)     3 (GLIBC_2.1)  
  00c:   2 (GLIBC_2.0)     2 (GLIBC_2.0)     2 (GLIBC_2.0)     2 (GLIBC_2.0)  
  010:   2 (GLIBC_2.0)     2 (GLIBC_2.0)     2 (GLIBC_2.0)     2 (GLIBC_2.0)  
  014:   2 (GLIBC_2.0)     2 (GLIBC_2.0)     2 (GLIBC_2.0)     2 (GLIBC_2.0)  
  018:   2 (GLIBC_2.0)     2 (GLIBC_2.0)     2 (GLIBC_2.0)     2 (GLIBC_2.0)  
  01c:   4 (GLIBC_2.1.3)   2 (GLIBC_2.0)     2 (GLIBC_2.0)     2 (GLIBC_2.0)  
  020:   2 (GLIBC_2.0)     2 (GLIBC_2.0)     2 (GLIBC_2.0)     2 (GLIBC_2.0)  
  024:   2 (GLIBC_2.0)     2 (GLIBC_2.0)     2 (GLIBC_2.0)     2 (GLIBC_2.0)  
  028:   2 (GLIBC_2.0)     2 (GLIBC_2.0)     2 (GLIBC_2.0)     2 (GLIBC_2.0)  
  02c:   2 (GLIBC_2.0)     2 (GLIBC_2.0)     2 (GLIBC_2.0)     2 (GLIBC_2.0)  
  030:   2 (GLIBC_2.0)     2 (GLIBC_2.0)     2 (GLIBC_2.0)     2 (GLIBC_2.0)  
  034:   2 (GLIBC_2.0)     2 (GLIBC_2.0)     2 (GLIBC_2.0)     2 (GLIBC_2.0)  
  038:   2 (GLIBC_2.0)     2 (GLIBC_2.0)     2 (GLIBC_2.0)     2 (GLIBC_2.0)  
  03c:   2 (GLIBC_2.0)     2 (GLIBC_2.0)     2 (GLIBC_2.0)     2 (GLIBC_2.0)  
  040:   2 (GLIBC_2.0)     2 (GLIBC_2.0)     2 (GLIBC_2.0)     2 (GLIBC_2.0)  
  044:   2 (GLIBC_2.0)     2 (GLIBC_2.0)     2 (GLIBC_2.0)     2 (GLIBC_2.0)  
  048:   2 (GLIBC_2.0)     2 (GLIBC_2.0)     2 (GLIBC_2.0)     3 (GLIBC_2.1)  
  04c:   2 (GLIBC_2.0)     2 (GLIBC_2.0)     2 (GLIBC_2.0)     2 (GLIBC_2.0)  
  050:   2 (GLIBC_2.0)     2 (GLIBC_2.0)     2 (GLIBC_2.0)     2 (GLIBC_2.0)  
  054:   2 (GLIBC_2.0)     2 (GLIBC_2.0)     2 (GLIBC_2.0)     2 (GLIBC_2.0)  
  058:   2 (GLIBC_2.0)     2 (GLIBC_2.0)     2 (GLIBC_2.0)     2 (GLIBC_2.0)  
  05c:   2 (GLIBC_2.0)     2 (GLIBC_2.0)     2 (GLIBC_2.0)     2 (GLIBC_2.0)  
  060:   2 (GLIBC_2.0)     2 (GLIBC_2.0)     3 (GLIBC_2.1)     2 (GLIBC_2.0)  
  064:   2 (GLIBC_2.0)     5 (GLIBC_2.0)     1 (*全局*)      2 (GLIBC_2.0)  
  068:   2 (GLIBC_2.0)     2 (GLIBC_2.0)     2 (GLIBC_2.0)     2 (GLIBC_2.0)  
  06c:   2 (GLIBC_2.0)     2 (GLIBC_2.0)     0 (*本地*)       2 (GLIBC_2.0)  
  070:   2 (GLIBC_2.0)     2 (GLIBC_2.0)     2 (GLIBC_2.0)     2 (GLIBC_2.0)  
  074:   0 (*本地*)       2 (GLIBC_2.0)     2 (GLIBC_2.0)  

Version needs section '.gnu.version_r' contains 2 entries:
 地址：0x00000000080490d8  Offset: 0x0010d8  Link to section: 5 (.dynstr)
  000000: Version: 1  文件：libcrypt.so.1  计数：1
  0x0010:   Name: GLIBC_2.0  标志：无  版本：5
  0x0020: Version: 1  文件：libc.so.6  计数：3
  0x0030:   Name: GLIBC_2.1.3  标志：无  版本：4
  0x0040:   Name: GLIBC_2.1  标志：无  版本：3
  0x0050:   Name: GLIBC_2.0  标志：无  版本：2

注释位于偏移量 0x00000128 长度为 0x00000020：
  所有者		数据大小	描述
  GNU		0x00000010	NT_VERSION (version)
