This file contains any messages produced by compilers while
running configure, to aid debugging if configure makes a mistake.

It was created by configure, which was
generated by GNU Autoconf 2.63.  Invocation command line was

  $ ./configure --prefix=/ --host=mips-gnu-linux CC=/rsdk-1.3.6-5181-EB-2.6.30-0.9.30/bin/rsdk-linux-gcc LD=/rsdk-1.3.6-5181-EB-2.6.30-0.9.30/bin/rsdk-linux-ld AR=/rsdk-1.3.6-5181-EB-2.6.30-0.9.30/bin/rsdk-linux-ar RANLIB=/rsdk-1.3.6-5181-EB-2.6.30-0.9.30/bin/rsdk-linux-ranlib STRIP=/rsdk-1.3.6-5181-EB-2.6.30-0.9.30/bin/rsdk-linux-strip NM=/rsdk-1.3.6-5181-EB-2.6.30-0.9.30/bin/rsdk-linux-nm --disable-zip

## --------- ##
## Platform. ##
## --------- ##

hostname = tamama
uname -m = i686
uname -r = 2.6.32-24-generic
uname -s = Linux
uname -v = #42-Ubuntu SMP Fri Aug 20 14:24:04 UTC 2010

/usr/bin/uname -p = unknown
/bin/uname -X     = unknown

/bin/arch              = unknown
/usr/bin/arch -k       = unknown
/usr/convex/getsysinfo = unknown
/usr/bin/hostinfo      = unknown
/bin/machine           = unknown
/usr/bin/oslevel       = unknown
/bin/universe          = unknown

PATH: /home/tsaitc/usr/bin
PATH: /home/tsaitc/usr/bin
PATH: /usr/local/sbin
PATH: /usr/local/bin
PATH: /usr/sbin
PATH: /usr/bin
PATH: /sbin
PATH: /bin
PATH: /usr/games


## ----------- ##
## Core tests. ##
## ----------- ##

configure:2149: checking for a BSD-compatible install
configure:2217: result: /usr/bin/install -c
configure:2228: checking whether build environment is sane
configure:2271: result: yes
configure:2296: checking for a thread-safe mkdir -p
configure:2335: result: /bin/mkdir -p
configure:2348: checking for gawk
configure:2364: found /usr/local/bin/gawk
configure:2375: result: gawk
configure:2386: checking whether make sets $(MAKE)
configure:2408: result: yes
configure:2488: checking for mips-gnu-linux-strip
configure:2515: result: /rsdk-1.3.6-5181-EB-2.6.30-0.9.30/bin/rsdk-linux-strip
configure:2602: checking build system type
configure:2620: result: i686-pc-linux-gnu
configure:2642: checking host system type
configure:2657: result: mips-gnu-linux-gnu
configure:3122: checking for style of include used by make
configure:3150: result: GNU
configure:3180: checking for mips-gnu-linux-gcc
configure:3207: result: /rsdk-1.3.6-5181-EB-2.6.30-0.9.30/bin/rsdk-linux-gcc
configure:3479: checking for C compiler version
configure:3487: /rsdk-1.3.6-5181-EB-2.6.30-0.9.30/bin/rsdk-linux-gcc --version >&5
mips-linux-gcc (GCC) 3.4.6-1.3.6
Copyright (C) 2006 Free Software Foundation, Inc.
This is free software; see the source for copying conditions.  There is NO
warranty; not even for MERCHANTABILITY or FITNESS FOR A PARTICULAR PURPOSE.

configure:3491: $? = 0
configure:3498: /rsdk-1.3.6-5181-EB-2.6.30-0.9.30/bin/rsdk-linux-gcc -v >&5
Reading specs from /rsdk-1.3.6-5181-EB-2.6.30-0.9.30/bin/../lib/gcc/mips-linux/3.4.6-1.3.6/specs
Configured with: RSDK Builder release 1.3
Thread model: posix
gcc version 3.4.6-1.3.6
configure:3502: $? = 0
configure:3509: /rsdk-1.3.6-5181-EB-2.6.30-0.9.30/bin/rsdk-linux-gcc -V >&5
mips-linux-gcc: `-V' must come at the start of the command line
configure:3513: $? = 1
configure:3536: checking for C compiler default output file name
configure:3558: /rsdk-1.3.6-5181-EB-2.6.30-0.9.30/bin/rsdk-linux-gcc    conftest.c  >&5
configure:3562: $? = 0
configure:3600: result: a.out
configure:3619: checking whether the C compiler works
configure:3629: ./a.out
./configure: line 3631: ./a.out: cannot execute binary file
configure:3633: $? = 126
configure:3652: result: yes
configure:3659: checking whether we are cross compiling
configure:3661: result: yes
configure:3664: checking for suffix of executables
configure:3671: /rsdk-1.3.6-5181-EB-2.6.30-0.9.30/bin/rsdk-linux-gcc -o conftest    conftest.c  >&5
configure:3675: $? = 0
configure:3701: result: 
configure:3707: checking for suffix of object files
configure:3733: /rsdk-1.3.6-5181-EB-2.6.30-0.9.30/bin/rsdk-linux-gcc -c   conftest.c >&5
configure:3737: $? = 0
configure:3762: result: o
configure:3766: checking whether we are using the GNU C compiler
configure:3795: /rsdk-1.3.6-5181-EB-2.6.30-0.9.30/bin/rsdk-linux-gcc -c   conftest.c >&5
configure:3802: $? = 0
configure:3819: result: yes
configure:3828: checking whether /rsdk-1.3.6-5181-EB-2.6.30-0.9.30/bin/rsdk-linux-gcc accepts -g
configure:3858: /rsdk-1.3.6-5181-EB-2.6.30-0.9.30/bin/rsdk-linux-gcc -c -g  conftest.c >&5
configure:3865: $? = 0
configure:3966: result: yes
configure:3983: checking for /rsdk-1.3.6-5181-EB-2.6.30-0.9.30/bin/rsdk-linux-gcc option to accept ISO C89
configure:4057: /rsdk-1.3.6-5181-EB-2.6.30-0.9.30/bin/rsdk-linux-gcc  -c -g -O2  conftest.c >&5
configure:4064: $? = 0
configure:4087: result: none needed
configure:4107: checking dependency style of /rsdk-1.3.6-5181-EB-2.6.30-0.9.30/bin/rsdk-linux-gcc
configure:4198: result: gcc3
configure:4213: checking for a sed that does not truncate output
configure:4269: result: /bin/sed
configure:4272: checking for grep that handles long lines and -e
configure:4332: result: /bin/grep
configure:4337: checking for egrep
configure:4401: result: /bin/grep -E
configure:4417: checking for ld used by /rsdk-1.3.6-5181-EB-2.6.30-0.9.30/bin/rsdk-linux-gcc
configure:4484: result: /rsdk-1.3.6-5181-EB-2.6.30-0.9.30/bin/rsdk-linux-ld
configure:4493: checking if the linker (/rsdk-1.3.6-5181-EB-2.6.30-0.9.30/bin/rsdk-linux-ld) is GNU ld
configure:4508: result: yes
configure:4513: checking for /rsdk-1.3.6-5181-EB-2.6.30-0.9.30/bin/rsdk-linux-ld option to reload object files
configure:4520: result: -r
configure:4538: checking for BSD-compatible nm
configure:4587: result: /rsdk-1.3.6-5181-EB-2.6.30-0.9.30/bin/rsdk-linux-nm
configure:4591: checking whether ln -s works
configure:4595: result: yes
configure:4602: checking how to recognize dependent libraries
configure:4788: result: pass_all
configure:5037: checking how to run the C preprocessor
configure:5077: /rsdk-1.3.6-5181-EB-2.6.30-0.9.30/bin/rsdk-linux-gcc -E  conftest.c
configure:5084: $? = 0
configure:5115: /rsdk-1.3.6-5181-EB-2.6.30-0.9.30/bin/rsdk-linux-gcc -E  conftest.c
conftest.c:15:28: ac_nonexistent.h: No such file or directory
configure:5122: $? = 1
configure: failed program was:
| /* confdefs.h.  */
| #define PACKAGE_NAME ""
| #define PACKAGE_TARNAME ""
| #define PACKAGE_VERSION ""
| #define PACKAGE_STRING ""
| #define PACKAGE_BUGREPORT ""
| #define PACKAGE "jamvm"
| #define VERSION "1.5.4"
| #define THREADED 1
| #define USE_CACHE 1
| #define DIRECT 1
| #define CLASSPATH_INSTALL_DIR "/usr/local/classpath"
| #define INSTALL_DIR "/"
| /* end confdefs.h.  */
| #include <ac_nonexistent.h>
configure:5155: result: /rsdk-1.3.6-5181-EB-2.6.30-0.9.30/bin/rsdk-linux-gcc -E
configure:5184: /rsdk-1.3.6-5181-EB-2.6.30-0.9.30/bin/rsdk-linux-gcc -E  conftest.c
configure:5191: $? = 0
configure:5222: /rsdk-1.3.6-5181-EB-2.6.30-0.9.30/bin/rsdk-linux-gcc -E  conftest.c
conftest.c:15:28: ac_nonexistent.h: No such file or directory
configure:5229: $? = 1
configure: failed program was:
| /* confdefs.h.  */
| #define PACKAGE_NAME ""
| #define PACKAGE_TARNAME ""
| #define PACKAGE_VERSION ""
| #define PACKAGE_STRING ""
| #define PACKAGE_BUGREPORT ""
| #define PACKAGE "jamvm"
| #define VERSION "1.5.4"
| #define THREADED 1
| #define USE_CACHE 1
| #define DIRECT 1
| #define CLASSPATH_INSTALL_DIR "/usr/local/classpath"
| #define INSTALL_DIR "/"
| /* end confdefs.h.  */
| #include <ac_nonexistent.h>
configure:5269: checking for ANSI C header files
configure:5299: /rsdk-1.3.6-5181-EB-2.6.30-0.9.30/bin/rsdk-linux-gcc -c -g -O2  conftest.c >&5
configure:5306: $? = 0
configure:5437: result: yes
configure:5461: checking for sys/types.h
configure:5482: /rsdk-1.3.6-5181-EB-2.6.30-0.9.30/bin/rsdk-linux-gcc -c -g -O2  conftest.c >&5
configure:5489: $? = 0
configure:5506: result: yes
configure:5461: checking for sys/stat.h
configure:5482: /rsdk-1.3.6-5181-EB-2.6.30-0.9.30/bin/rsdk-linux-gcc -c -g -O2  conftest.c >&5
configure:5489: $? = 0
configure:5506: result: yes
configure:5461: checking for stdlib.h
configure:5482: /rsdk-1.3.6-5181-EB-2.6.30-0.9.30/bin/rsdk-linux-gcc -c -g -O2  conftest.c >&5
configure:5489: $? = 0
configure:5506: result: yes
configure:5461: checking for string.h
configure:5482: /rsdk-1.3.6-5181-EB-2.6.30-0.9.30/bin/rsdk-linux-gcc -c -g -O2  conftest.c >&5
configure:5489: $? = 0
configure:5506: result: yes
configure:5461: checking for memory.h
configure:5482: /rsdk-1.3.6-5181-EB-2.6.30-0.9.30/bin/rsdk-linux-gcc -c -g -O2  conftest.c >&5
configure:5489: $? = 0
configure:5506: result: yes
configure:5461: checking for strings.h
configure:5482: /rsdk-1.3.6-5181-EB-2.6.30-0.9.30/bin/rsdk-linux-gcc -c -g -O2  conftest.c >&5
configure:5489: $? = 0
configure:5506: result: yes
configure:5461: checking for inttypes.h
configure:5482: /rsdk-1.3.6-5181-EB-2.6.30-0.9.30/bin/rsdk-linux-gcc -c -g -O2  conftest.c >&5
configure:5489: $? = 0
configure:5506: result: yes
configure:5461: checking for stdint.h
configure:5482: /rsdk-1.3.6-5181-EB-2.6.30-0.9.30/bin/rsdk-linux-gcc -c -g -O2  conftest.c >&5
configure:5489: $? = 0
configure:5506: result: yes
configure:5461: checking for unistd.h
configure:5482: /rsdk-1.3.6-5181-EB-2.6.30-0.9.30/bin/rsdk-linux-gcc -c -g -O2  conftest.c >&5
configure:5489: $? = 0
configure:5506: result: yes
configure:5536: checking dlfcn.h usability
configure:5553: /rsdk-1.3.6-5181-EB-2.6.30-0.9.30/bin/rsdk-linux-gcc -c -g -O2  conftest.c >&5
configure:5560: $? = 0
configure:5574: result: yes
configure:5578: checking dlfcn.h presence
configure:5593: /rsdk-1.3.6-5181-EB-2.6.30-0.9.30/bin/rsdk-linux-gcc -E  conftest.c
configure:5600: $? = 0
configure:5614: result: yes
configure:5642: checking for dlfcn.h
configure:5651: result: yes
configure:5680: checking for mips-gnu-linux-g++
configure:5710: result: no
configure:5680: checking for mips-gnu-linux-c++
configure:5710: result: no
configure:5680: checking for mips-gnu-linux-gpp
configure:5710: result: no
configure:5680: checking for mips-gnu-linux-aCC
configure:5710: result: no
configure:5680: checking for mips-gnu-linux-CC
configure:5710: result: no
configure:5680: checking for mips-gnu-linux-cxx
configure:5710: result: no
configure:5680: checking for mips-gnu-linux-cc++
configure:5710: result: no
configure:5680: checking for mips-gnu-linux-cl.exe
configure:5710: result: no
configure:5680: checking for mips-gnu-linux-FCC
configure:5710: result: no
configure:5680: checking for mips-gnu-linux-KCC
configure:5710: result: no
configure:5680: checking for mips-gnu-linux-RCC
configure:5710: result: no
configure:5680: checking for mips-gnu-linux-xlC_r
configure:5710: result: no
configure:5680: checking for mips-gnu-linux-xlC
configure:5710: result: no
configure:5724: checking for g++
configure:5740: found /usr/bin/g++
configure:5751: result: g++
configure:5767: WARNING: using cross tools not prefixed with host triplet
configure:5778: checking for C++ compiler version
configure:5786: g++ --version >&5
g++ (Ubuntu 4.4.3-4ubuntu5) 4.4.3
Copyright (C) 2009 Free Software Foundation, Inc.
This is free software; see the source for copying conditions.  There is NO
warranty; not even for MERCHANTABILITY or FITNESS FOR A PARTICULAR PURPOSE.

configure:5790: $? = 0
configure:5797: g++ -v >&5
Using built-in specs.
Target: i486-linux-gnu
Configured with: ../src/configure -v --with-pkgversion='Ubuntu 4.4.3-4ubuntu5' --with-bugurl=file:///usr/share/doc/gcc-4.4/README.Bugs --enable-languages=c,c++,fortran,objc,obj-c++ --prefix=/usr --enable-shared --enable-multiarch --enable-linker-build-id --with-system-zlib --libexecdir=/usr/lib --without-included-gettext --enable-threads=posix --with-gxx-include-dir=/usr/include/c++/4.4 --program-suffix=-4.4 --enable-nls --enable-clocale=gnu --enable-libstdcxx-debug --enable-plugin --enable-objc-gc --enable-targets=all --disable-werror --with-arch-32=i486 --with-tune=generic --enable-checking=release --build=i486-linux-gnu --host=i486-linux-gnu --target=i486-linux-gnu
Thread model: posix
gcc version 4.4.3 (Ubuntu 4.4.3-4ubuntu5) 
configure:5801: $? = 0
configure:5808: g++ -V >&5
g++: '-V' option must have argument
configure:5812: $? = 1
configure:5815: checking whether we are using the GNU C++ compiler
configure:5844: g++ -c   conftest.cpp >&5
configure:5851: $? = 0
configure:5868: result: yes
configure:5877: checking whether g++ accepts -g
configure:5907: g++ -c -g  conftest.cpp >&5
configure:5914: $? = 0
configure:6015: result: yes
configure:6040: checking dependency style of g++
configure:6131: result: gcc3
configure:6156: checking how to run the C++ preprocessor
configure:6192: g++ -E  conftest.cpp
configure:6199: $? = 0
configure:6230: g++ -E  conftest.cpp
conftest.cpp:26:28: error: ac_nonexistent.h: No such file or directory
configure:6237: $? = 1
configure: failed program was:
| /* confdefs.h.  */
| #define PACKAGE_NAME ""
| #define PACKAGE_TARNAME ""
| #define PACKAGE_VERSION ""
| #define PACKAGE_STRING ""
| #define PACKAGE_BUGREPORT ""
| #define PACKAGE "jamvm"
| #define VERSION "1.5.4"
| #define THREADED 1
| #define USE_CACHE 1
| #define DIRECT 1
| #define CLASSPATH_INSTALL_DIR "/usr/local/classpath"
| #define INSTALL_DIR "/"
| #define STDC_HEADERS 1
| #define HAVE_SYS_TYPES_H 1
| #define HAVE_SYS_STAT_H 1
| #define HAVE_STDLIB_H 1
| #define HAVE_STRING_H 1
| #define HAVE_MEMORY_H 1
| #define HAVE_STRINGS_H 1
| #define HAVE_INTTYPES_H 1
| #define HAVE_STDINT_H 1
| #define HAVE_UNISTD_H 1
| #define HAVE_DLFCN_H 1
| /* end confdefs.h.  */
| #include <ac_nonexistent.h>
configure:6270: result: g++ -E
configure:6299: g++ -E  conftest.cpp
configure:6306: $? = 0
configure:6337: g++ -E  conftest.cpp
conftest.cpp:26:28: error: ac_nonexistent.h: No such file or directory
configure:6344: $? = 1
configure: failed program was:
| /* confdefs.h.  */
| #define PACKAGE_NAME ""
| #define PACKAGE_TARNAME ""
| #define PACKAGE_VERSION ""
| #define PACKAGE_STRING ""
| #define PACKAGE_BUGREPORT ""
| #define PACKAGE "jamvm"
| #define VERSION "1.5.4"
| #define THREADED 1
| #define USE_CACHE 1
| #define DIRECT 1
| #define CLASSPATH_INSTALL_DIR "/usr/local/classpath"
| #define INSTALL_DIR "/"
| #define STDC_HEADERS 1
| #define HAVE_SYS_TYPES_H 1
| #define HAVE_SYS_STAT_H 1
| #define HAVE_STDLIB_H 1
| #define HAVE_STRING_H 1
| #define HAVE_MEMORY_H 1
| #define HAVE_STRINGS_H 1
| #define HAVE_INTTYPES_H 1
| #define HAVE_STDINT_H 1
| #define HAVE_UNISTD_H 1
| #define HAVE_DLFCN_H 1
| /* end confdefs.h.  */
| #include <ac_nonexistent.h>
configure:6395: checking for mips-gnu-linux-g77
configure:6425: result: no
configure:6395: checking for mips-gnu-linux-xlf
configure:6425: result: no
configure:6395: checking for mips-gnu-linux-f77
configure:6425: result: no
configure:6395: checking for mips-gnu-linux-frt
configure:6425: result: no
configure:6395: checking for mips-gnu-linux-pgf77
configure:6425: result: no
configure:6395: checking for mips-gnu-linux-cf77
configure:6425: result: no
configure:6395: checking for mips-gnu-linux-fort77
configure:6425: result: no
configure:6395: checking for mips-gnu-linux-fl32
configure:6425: result: no
configure:6395: checking for mips-gnu-linux-af77
configure:6425: result: no
configure:6395: checking for mips-gnu-linux-xlf90
configure:6425: result: no
configure:6395: checking for mips-gnu-linux-f90
configure:6425: result: no
configure:6395: checking for mips-gnu-linux-pgf90
configure:6425: result: no
configure:6395: checking for mips-gnu-linux-pghpf
configure:6425: result: no
configure:6395: checking for mips-gnu-linux-epcf90
configure:6425: result: no
configure:6395: checking for mips-gnu-linux-gfortran
configure:6425: result: no
configure:6395: checking for mips-gnu-linux-g95
configure:6425: result: no
configure:6395: checking for mips-gnu-linux-xlf95
configure:6425: result: no
configure:6395: checking for mips-gnu-linux-f95
configure:6425: result: no
configure:6395: checking for mips-gnu-linux-fort
configure:6425: result: no
configure:6395: checking for mips-gnu-linux-ifort
configure:6425: result: no
configure:6395: checking for mips-gnu-linux-ifc
configure:6425: result: no
configure:6395: checking for mips-gnu-linux-efc
configure:6425: result: no
configure:6395: checking for mips-gnu-linux-pgf95
configure:6425: result: no
configure:6395: checking for mips-gnu-linux-lf95
configure:6425: result: no
configure:6395: checking for mips-gnu-linux-ftn
configure:6425: result: no
configure:6439: checking for g77
configure:6469: result: no
configure:6439: checking for xlf
configure:6469: result: no
configure:6439: checking for f77
configure:6469: result: no
configure:6439: checking for frt
configure:6469: result: no
configure:6439: checking for pgf77
configure:6469: result: no
configure:6439: checking for cf77
configure:6469: result: no
configure:6439: checking for fort77
configure:6469: result: no
configure:6439: checking for fl32
configure:6469: result: no
configure:6439: checking for af77
configure:6469: result: no
configure:6439: checking for xlf90
configure:6469: result: no
configure:6439: checking for f90
configure:6469: result: no
configure:6439: checking for pgf90
configure:6469: result: no
configure:6439: checking for pghpf
configure:6469: result: no
configure:6439: checking for epcf90
configure:6469: result: no
configure:6439: checking for gfortran
configure:6469: result: no
configure:6439: checking for g95
configure:6469: result: no
configure:6439: checking for xlf95
configure:6469: result: no
configure:6439: checking for f95
configure:6469: result: no
configure:6439: checking for fort
configure:6469: result: no
configure:6439: checking for ifort
configure:6469: result: no
configure:6439: checking for ifc
configure:6469: result: no
configure:6439: checking for efc
configure:6469: result: no
configure:6439: checking for pgf95
configure:6469: result: no
configure:6439: checking for lf95
configure:6469: result: no
configure:6439: checking for ftn
configure:6469: result: no
configure:6492: checking for Fortran 77 compiler version
configure:6500:  --version >&5
./configure: line 6502: --version: command not found
configure:6504: $? = 127
configure:6511:  -v >&5
./configure: line 6513: -v: command not found
configure:6515: $? = 127
configure:6522:  -V >&5
./configure: line 6524: -V: command not found
configure:6526: $? = 127
configure:6534: checking whether we are using the GNU Fortran 77 compiler
configure:6553:  -c  conftest.F >&5
./configure: line 6555: -c: command not found
configure:6560: $? = 127
configure: failed program was:
|       program main
| #ifndef __GNUC__
|        choke me
| #endif
| 
|       end
configure:6577: result: no
configure:6583: checking whether  accepts -g
configure:6600:  -c -g conftest.f >&5
./configure: line 6602: -c: command not found
configure:6607: $? = 127
configure: failed program was:
|       program main
| 
|       end
configure:6623: result: no
configure:6656: checking the maximum length of command line arguments
configure:6768: result: 1572864
configure:6780: checking command to parse /rsdk-1.3.6-5181-EB-2.6.30-0.9.30/bin/rsdk-linux-nm output from /rsdk-1.3.6-5181-EB-2.6.30-0.9.30/bin/rsdk-linux-gcc object
configure:6885: /rsdk-1.3.6-5181-EB-2.6.30-0.9.30/bin/rsdk-linux-gcc -c -g -O2  conftest.c >&5
configure:6888: $? = 0
configure:6892: /rsdk-1.3.6-5181-EB-2.6.30-0.9.30/bin/rsdk-linux-nm conftest.o \| sed -n -e 's/^.*[ 	]\([ABCDGIRSTW][ABCDGIRSTW]*\)[ 	][ 	]*\([_A-Za-z][_A-Za-z0-9]*\)$/\1 \2 \2/p' \> conftest.nm
configure:6895: $? = 0
configure:6947: /rsdk-1.3.6-5181-EB-2.6.30-0.9.30/bin/rsdk-linux-gcc -o conftest -g -O2   conftest.c conftstm.o >&5
configure:6950: $? = 0
configure:6988: result: ok
configure:6992: checking for objdir
configure:7007: result: .libs
configure:7059: checking for mips-gnu-linux-ar
configure:7086: result: /rsdk-1.3.6-5181-EB-2.6.30-0.9.30/bin/rsdk-linux-ar
configure:7151: checking for mips-gnu-linux-ranlib
configure:7178: result: /rsdk-1.3.6-5181-EB-2.6.30-0.9.30/bin/rsdk-linux-ranlib
configure:7243: checking for mips-gnu-linux-strip
configure:7270: result: /rsdk-1.3.6-5181-EB-2.6.30-0.9.30/bin/rsdk-linux-strip
configure:7900: checking if /rsdk-1.3.6-5181-EB-2.6.30-0.9.30/bin/rsdk-linux-gcc supports -fno-rtti -fno-exceptions
configure:7916: /rsdk-1.3.6-5181-EB-2.6.30-0.9.30/bin/rsdk-linux-gcc -c -g -O2  -fno-rtti -fno-exceptions conftest.c >&5
cc1: warning: command line option "-fno-rtti" is valid for C++/ObjC++ but not for C
configure:7920: $? = 0
configure:7935: result: no
configure:7950: checking for /rsdk-1.3.6-5181-EB-2.6.30-0.9.30/bin/rsdk-linux-gcc option to produce PIC
configure:8182: result: -fPIC
configure:8190: checking if /rsdk-1.3.6-5181-EB-2.6.30-0.9.30/bin/rsdk-linux-gcc PIC flag -fPIC works
configure:8206: /rsdk-1.3.6-5181-EB-2.6.30-0.9.30/bin/rsdk-linux-gcc -c -g -O2  -fPIC -DPIC conftest.c >&5
configure:8210: $? = 0
configure:8225: result: yes
configure:8253: checking if /rsdk-1.3.6-5181-EB-2.6.30-0.9.30/bin/rsdk-linux-gcc static flag -static works
configure:8281: result: yes
configure:8291: checking if /rsdk-1.3.6-5181-EB-2.6.30-0.9.30/bin/rsdk-linux-gcc supports -c -o file.o
configure:8310: /rsdk-1.3.6-5181-EB-2.6.30-0.9.30/bin/rsdk-linux-gcc -c -g -O2  -o out/conftest2.o conftest.c >&5
configure:8314: $? = 0
configure:8338: result: yes
configure:8364: checking whether the /rsdk-1.3.6-5181-EB-2.6.30-0.9.30/bin/rsdk-linux-gcc linker (/rsdk-1.3.6-5181-EB-2.6.30-0.9.30/bin/rsdk-linux-ld) supports shared libraries
configure:9352: result: yes
configure:9373: checking whether -lc should be explicitly linked in
configure:9378: /rsdk-1.3.6-5181-EB-2.6.30-0.9.30/bin/rsdk-linux-gcc -c -g -O2  conftest.c >&5
configure:9381: $? = 0
configure:9396: /rsdk-1.3.6-5181-EB-2.6.30-0.9.30/bin/rsdk-linux-gcc -shared conftest.o  -v -Wl,-soname -Wl,conftest -o conftest 2\>\&1 \| grep  -lc  \>/dev/null 2\>\&1
configure:9399: $? = 0
configure:9411: result: no
configure:9419: checking dynamic linker characteristics
configure:10021: result: GNU/Linux ld.so
configure:10045: checking how to hardcode library paths into programs
configure:10070: result: immediate
configure:10084: checking whether stripping libraries is possible
configure:10089: result: yes
configure:10919: checking if libtool supports shared libraries
configure:10921: result: yes
configure:10924: checking whether to build shared libraries
configure:10945: result: yes
configure:10948: checking whether to build static libraries
configure:10952: result: no
configure:11046: creating libtool
configure:11639: checking for ld used by g++
configure:11706: result: /rsdk-1.3.6-5181-EB-2.6.30-0.9.30/bin/rsdk-linux-ld
configure:11715: checking if the linker (/rsdk-1.3.6-5181-EB-2.6.30-0.9.30/bin/rsdk-linux-ld) is GNU ld
configure:11730: result: yes
configure:11781: checking whether the g++ linker (/rsdk-1.3.6-5181-EB-2.6.30-0.9.30/bin/rsdk-linux-ld) supports shared libraries
configure:12735: result: yes
configure:12752: g++ -c -g -O2  conftest.cpp >&5
configure:12755: $? = 0
configure:12911: checking for g++ option to produce PIC
configure:13195: result: -fPIC
configure:13203: checking if g++ PIC flag -fPIC works
configure:13219: g++ -c -g -O2  -fPIC -DPIC conftest.cpp >&5
configure:13223: $? = 0
configure:13238: result: yes
configure:13266: checking if g++ static flag -static works
configure:13294: result: yes
configure:13304: checking if g++ supports -c -o file.o
configure:13323: g++ -c -g -O2  -o out/conftest2.o conftest.cpp >&5
configure:13327: $? = 0
configure:13351: result: yes
configure:13377: checking whether the g++ linker (/rsdk-1.3.6-5181-EB-2.6.30-0.9.30/bin/rsdk-linux-ld) supports shared libraries
configure:13403: result: yes
configure:13470: checking dynamic linker characteristics
configure:14020: result: GNU/Linux ld.so
configure:14044: checking how to hardcode library paths into programs
configure:14069: result: immediate
configure:20315: checking for mips-gnu-linux-gcc
configure:20342: result: /rsdk-1.3.6-5181-EB-2.6.30-0.9.30/bin/rsdk-linux-gcc
configure:20614: checking for C compiler version
configure:20622: /rsdk-1.3.6-5181-EB-2.6.30-0.9.30/bin/rsdk-linux-gcc --version >&5
mips-linux-gcc (GCC) 3.4.6-1.3.6
Copyright (C) 2006 Free Software Foundation, Inc.
This is free software; see the source for copying conditions.  There is NO
warranty; not even for MERCHANTABILITY or FITNESS FOR A PARTICULAR PURPOSE.

configure:20626: $? = 0
configure:20633: /rsdk-1.3.6-5181-EB-2.6.30-0.9.30/bin/rsdk-linux-gcc -v >&5
Reading specs from /rsdk-1.3.6-5181-EB-2.6.30-0.9.30/bin/../lib/gcc/mips-linux/3.4.6-1.3.6/specs
Configured with: RSDK Builder release 1.3
Thread model: posix
gcc version 3.4.6-1.3.6
configure:20637: $? = 0
configure:20644: /rsdk-1.3.6-5181-EB-2.6.30-0.9.30/bin/rsdk-linux-gcc -V >&5
mips-linux-gcc: `-V' must come at the start of the command line
configure:20648: $? = 1
configure:20651: checking whether we are using the GNU C compiler
configure:20704: result: yes
configure:20713: checking whether /rsdk-1.3.6-5181-EB-2.6.30-0.9.30/bin/rsdk-linux-gcc accepts -g
configure:20851: result: yes
configure:20868: checking for /rsdk-1.3.6-5181-EB-2.6.30-0.9.30/bin/rsdk-linux-gcc option to accept ISO C89
configure:20972: result: none needed
configure:20992: checking dependency style of /rsdk-1.3.6-5181-EB-2.6.30-0.9.30/bin/rsdk-linux-gcc
configure:21083: result: gcc3
configure:21107: checking dependency style of /rsdk-1.3.6-5181-EB-2.6.30-0.9.30/bin/rsdk-linux-gcc
configure:21198: result: gcc3
configure:21218: checking for ecj
configure:21234: found /usr/bin/ecj
configure:21245: result: ecj
configure:21259: checking for pthread_self in -lthr
configure:21294: /rsdk-1.3.6-5181-EB-2.6.30-0.9.30/bin/rsdk-linux-gcc -o conftest -g -O2   conftest.c -lthr   >&5
/rsdk-1.3.6-5181-EB-2.6.30-0.9.30/bin/../lib/gcc/mips-linux/3.4.6-1.3.6/../../../../mips-linux/bin/ld: cannot find -lthr
collect2: ld returned 1 exit status
configure:21301: $? = 1
configure: failed program was:
| /* confdefs.h.  */
| #define PACKAGE_NAME ""
| #define PACKAGE_TARNAME ""
| #define PACKAGE_VERSION ""
| #define PACKAGE_STRING ""
| #define PACKAGE_BUGREPORT ""
| #define PACKAGE "jamvm"
| #define VERSION "1.5.4"
| #define THREADED 1
| #define USE_CACHE 1
| #define DIRECT 1
| #define CLASSPATH_INSTALL_DIR "/usr/local/classpath"
| #define INSTALL_DIR "/"
| #define STDC_HEADERS 1
| #define HAVE_SYS_TYPES_H 1
| #define HAVE_SYS_STAT_H 1
| #define HAVE_STDLIB_H 1
| #define HAVE_STRING_H 1
| #define HAVE_MEMORY_H 1
| #define HAVE_STRINGS_H 1
| #define HAVE_INTTYPES_H 1
| #define HAVE_STDINT_H 1
| #define HAVE_UNISTD_H 1
| #define HAVE_DLFCN_H 1
| /* end confdefs.h.  */
| 
| /* Override any GCC internal prototype to avoid an error.
|    Use char because int might match the return type of a GCC
|    builtin and then its argument prototype would still apply.  */
| #ifdef __cplusplus
| extern "C"
| #endif
| char pthread_self ();
| int
| main ()
| {
| return pthread_self ();
|   ;
|   return 0;
| }
configure:21322: result: no
configure:21334: checking for pthread_self in -lpthread
configure:21369: /rsdk-1.3.6-5181-EB-2.6.30-0.9.30/bin/rsdk-linux-gcc -o conftest -g -O2   conftest.c -lpthread   >&5
configure:21376: $? = 0
configure:21397: result: yes
configure:21417: checking for fmod in -lm
configure:21452: /rsdk-1.3.6-5181-EB-2.6.30-0.9.30/bin/rsdk-linux-gcc -o conftest -g -O2   conftest.c -lm  -lpthread  >&5
conftest.c:34: warning: conflicting types for built-in function 'fmod'
configure:21459: $? = 0
configure:21480: result: yes
configure:21498: checking for dlopen in -ldl
configure:21533: /rsdk-1.3.6-5181-EB-2.6.30-0.9.30/bin/rsdk-linux-gcc -o conftest -g -O2   conftest.c -ldl  -lm -lpthread  >&5
configure:21540: $? = 0
configure:21561: result: yes
configure:21742: checking for ANSI C header files
configure:21910: result: yes
configure:21941: checking sys/time.h usability
configure:21958: /rsdk-1.3.6-5181-EB-2.6.30-0.9.30/bin/rsdk-linux-gcc -c -g -O2  conftest.c >&5
configure:21965: $? = 0
configure:21979: result: yes
configure:21983: checking sys/time.h presence
configure:21998: /rsdk-1.3.6-5181-EB-2.6.30-0.9.30/bin/rsdk-linux-gcc -E  conftest.c
configure:22005: $? = 0
configure:22019: result: yes
configure:22047: checking for sys/time.h
configure:22056: result: yes
configure:21930: checking for unistd.h
configure:21937: result: yes
configure:21941: checking endian.h usability
configure:21958: /rsdk-1.3.6-5181-EB-2.6.30-0.9.30/bin/rsdk-linux-gcc -c -g -O2  conftest.c >&5
configure:21965: $? = 0
configure:21979: result: yes
configure:21983: checking endian.h presence
configure:21998: /rsdk-1.3.6-5181-EB-2.6.30-0.9.30/bin/rsdk-linux-gcc -E  conftest.c
configure:22005: $? = 0
configure:22019: result: yes
configure:22047: checking for endian.h
configure:22056: result: yes
configure:21941: checking sys/param.h usability
configure:21958: /rsdk-1.3.6-5181-EB-2.6.30-0.9.30/bin/rsdk-linux-gcc -c -g -O2  conftest.c >&5
configure:21965: $? = 0
configure:21979: result: yes
configure:21983: checking sys/param.h presence
configure:21998: /rsdk-1.3.6-5181-EB-2.6.30-0.9.30/bin/rsdk-linux-gcc -E  conftest.c
configure:22005: $? = 0
configure:22019: result: yes
configure:22047: checking for sys/param.h
configure:22056: result: yes
configure:21941: checking locale.h usability
configure:21958: /rsdk-1.3.6-5181-EB-2.6.30-0.9.30/bin/rsdk-linux-gcc -c -g -O2  conftest.c >&5
configure:21965: $? = 0
configure:21979: result: yes
configure:21983: checking locale.h presence
configure:21998: /rsdk-1.3.6-5181-EB-2.6.30-0.9.30/bin/rsdk-linux-gcc -E  conftest.c
configure:22005: $? = 0
configure:22019: result: yes
configure:22047: checking for locale.h
configure:22056: result: yes
configure:21941: checking alloca.h usability
configure:21958: /rsdk-1.3.6-5181-EB-2.6.30-0.9.30/bin/rsdk-linux-gcc -c -g -O2  conftest.c >&5
configure:21965: $? = 0
configure:21979: result: yes
configure:21983: checking alloca.h presence
configure:21998: /rsdk-1.3.6-5181-EB-2.6.30-0.9.30/bin/rsdk-linux-gcc -E  conftest.c
configure:22005: $? = 0
configure:22019: result: yes
configure:22047: checking for alloca.h
configure:22056: result: yes
configure:22374: checking for an ANSI C-conforming const
configure:22449: /rsdk-1.3.6-5181-EB-2.6.30-0.9.30/bin/rsdk-linux-gcc -c -g -O2  conftest.c >&5
configure:22456: $? = 0
configure:22471: result: yes
configure:22481: checking whether time.h and sys/time.h may both be included
configure:22511: /rsdk-1.3.6-5181-EB-2.6.30-0.9.30/bin/rsdk-linux-gcc -c -g -O2  conftest.c >&5
configure:22518: $? = 0
configure:22533: result: yes
configure:22546: checking for working alloca.h
configure:22573: /rsdk-1.3.6-5181-EB-2.6.30-0.9.30/bin/rsdk-linux-gcc -o conftest -g -O2   conftest.c -ldl -lm -lpthread  >&5
configure:22580: $? = 0
configure:22600: result: yes
configure:22610: checking for alloca
configure:22657: /rsdk-1.3.6-5181-EB-2.6.30-0.9.30/bin/rsdk-linux-gcc -o conftest -g -O2   conftest.c -ldl -lm -lpthread  >&5
configure:22664: $? = 0
configure:22684: result: yes
configure:22927: checking for stdlib.h
configure:22934: result: yes
configure:22927: checking for unistd.h
configure:22934: result: yes
configure:23072: checking for getpagesize
configure:23128: /rsdk-1.3.6-5181-EB-2.6.30-0.9.30/bin/rsdk-linux-gcc -o conftest -g -O2   conftest.c -ldl -lm -lpthread  >&5
configure:23135: $? = 0
configure:23157: result: yes
configure:23169: checking for working mmap
configure:23347: result: no
configure:23364: checking for gettimeofday
configure:23420: /rsdk-1.3.6-5181-EB-2.6.30-0.9.30/bin/rsdk-linux-gcc -o conftest -g -O2   conftest.c -ldl -lm -lpthread  >&5
configure:23427: $? = 0
configure:23449: result: yes
configure:23364: checking for strtol
configure:23420: /rsdk-1.3.6-5181-EB-2.6.30-0.9.30/bin/rsdk-linux-gcc -o conftest -g -O2   conftest.c -ldl -lm -lpthread  >&5
configure:23427: $? = 0
configure:23449: result: yes
configure:23364: checking for setlocale
configure:23420: /rsdk-1.3.6-5181-EB-2.6.30-0.9.30/bin/rsdk-linux-gcc -o conftest -g -O2   conftest.c -ldl -lm -lpthread  >&5
configure:23427: $? = 0
configure:23449: result: yes
configure:23462: checking for LC_MESSAGES
configure:23488: /rsdk-1.3.6-5181-EB-2.6.30-0.9.30/bin/rsdk-linux-gcc -o conftest -g -O2   conftest.c -ldl -lm -lpthread  >&5
configure:23495: $? = 0
configure:23515: result: yes
configure:23528: checking for __thread
configure:23555: /rsdk-1.3.6-5181-EB-2.6.30-0.9.30/bin/rsdk-linux-gcc -o conftest -g -O2   conftest.c -ldl -lm -lpthread  >&5
conftest.c: In function `main':
conftest.c:54: error: thread-local storage not supported for this target
configure:23562: $? = 1
configure: failed program was:
| /* confdefs.h.  */
| #define PACKAGE_NAME ""
| #define PACKAGE_TARNAME ""
| #define PACKAGE_VERSION ""
| #define PACKAGE_STRING ""
| #define PACKAGE_BUGREPORT ""
| #define PACKAGE "jamvm"
| #define VERSION "1.5.4"
| #define THREADED 1
| #define USE_CACHE 1
| #define DIRECT 1
| #define CLASSPATH_INSTALL_DIR "/usr/local/classpath"
| #define INSTALL_DIR "/"
| #define STDC_HEADERS 1
| #define HAVE_SYS_TYPES_H 1
| #define HAVE_SYS_STAT_H 1
| #define HAVE_STDLIB_H 1
| #define HAVE_STRING_H 1
| #define HAVE_MEMORY_H 1
| #define HAVE_STRINGS_H 1
| #define HAVE_INTTYPES_H 1
| #define HAVE_STDINT_H 1
| #define HAVE_UNISTD_H 1
| #define HAVE_DLFCN_H 1
| #define HAVE_LIBPTHREAD 1
| #define HAVE_LIBM 1
| #define HAVE_LIBDL 1
| #define STDC_HEADERS 1
| #define HAVE_SYS_TIME_H 1
| #define HAVE_UNISTD_H 1
| #define HAVE_ENDIAN_H 1
| #define HAVE_SYS_PARAM_H 1
| #define HAVE_LOCALE_H 1
| #define HAVE_ALLOCA_H 1
| #define TIME_WITH_SYS_TIME 1
| #define HAVE_ALLOCA_H 1
| #define HAVE_ALLOCA 1
| #define HAVE_STDLIB_H 1
| #define HAVE_UNISTD_H 1
| #define HAVE_GETPAGESIZE 1
| #define HAVE_GETTIMEOFDAY 1
| #define HAVE_STRTOL 1
| #define HAVE_SETLOCALE 1
| #define HAVE_LC_MESSAGES 1
| /* end confdefs.h.  */
| #include <features.h>
|                                      #if !defined(__linux__) || !defined(__GLIBC__)
|                                          #error not supported on this OS/C library
|                                      #endif
| 
| int
| main ()
| {
| static __thread int foo = 0
|   ;
|   return 0;
| }
configure:23581: result: no
configure:23590: checking whether to enable maintainer-specific portions of Makefiles
configure:23599: result: no
configure:23770: creating ./config.status

## ---------------------- ##
## Running config.status. ##
## ---------------------- ##

This file was extended by config.status, which was
generated by GNU Autoconf 2.63.  Invocation command line was

  CONFIG_FILES    = 
  CONFIG_HEADERS  = 
  CONFIG_LINKS    = 
  CONFIG_COMMANDS = 
  $ ./config.status 

on tamama

config.status:882: creating Makefile
config.status:882: creating src/Makefile
config.status:882: creating src/interp/Makefile
config.status:882: creating src/interp/engine/Makefile
config.status:882: creating src/arch/Makefile
config.status:882: creating src/os/Makefile
config.status:882: creating src/os/linux/Makefile
config.status:882: creating src/os/darwin/Makefile
config.status:882: creating src/os/bsd/Makefile
config.status:882: creating src/os/solaris/Makefile
config.status:882: creating src/os/solaris/x86/Makefile
config.status:882: creating src/os/linux/powerpc/Makefile
config.status:882: creating src/os/linux/arm/Makefile
config.status:882: creating src/os/linux/i386/Makefile
config.status:882: creating src/os/linux/x86_64/Makefile
config.status:882: creating src/os/linux/parisc/Makefile
config.status:882: creating src/os/linux/mips/Makefile
config.status:882: creating src/os/darwin/i386/Makefile
config.status:882: creating src/os/darwin/arm/Makefile
config.status:882: creating src/os/darwin/powerpc/Makefile
config.status:882: creating src/os/bsd/powerpc/Makefile
config.status:882: creating src/os/bsd/arm/Makefile
config.status:882: creating src/os/bsd/i386/Makefile
config.status:882: creating src/os/bsd/x86_64/Makefile
config.status:882: creating src/os/bsd/sparc/Makefile
config.status:882: creating lib/Makefile
config.status:882: creating lib/java/Makefile
config.status:882: creating lib/java/lang/Makefile
config.status:882: creating lib/jamvm/Makefile
config.status:882: creating lib/jamvm/java/Makefile
config.status:882: creating lib/jamvm/java/lang/Makefile
config.status:882: creating lib/java/lang/reflect/Makefile
config.status:882: creating lib/java/security/Makefile
config.status:882: creating lib/gnu/Makefile
config.status:882: creating lib/sun/reflect/annotation/Makefile
config.status:882: creating lib/sun/reflect/Makefile
config.status:882: creating lib/sun/Makefile
config.status:882: creating lib/gnu/classpath/Makefile
config.status:882: creating src/config.h
config.status:1104: src/config.h is unchanged
config.status:1168: linking src/arch/mips.h to src/arch.h
config.status:1191: executing depfiles commands

## ---------------- ##
## Cache variables. ##
## ---------------- ##

ac_cv_build=i686-pc-linux-gnu
ac_cv_c_compiler_gnu=yes
ac_cv_c_const=yes
ac_cv_cxx_compiler_gnu=yes
ac_cv_env_CCASFLAGS_set=
ac_cv_env_CCASFLAGS_value=
ac_cv_env_CCAS_set=
ac_cv_env_CCAS_value=
ac_cv_env_CCC_set=
ac_cv_env_CCC_value=
ac_cv_env_CC_set=set
ac_cv_env_CC_value=/rsdk-1.3.6-5181-EB-2.6.30-0.9.30/bin/rsdk-linux-gcc
ac_cv_env_CFLAGS_set=
ac_cv_env_CFLAGS_value=
ac_cv_env_CPPFLAGS_set=
ac_cv_env_CPPFLAGS_value=
ac_cv_env_CPP_set=
ac_cv_env_CPP_value=
ac_cv_env_CXXCPP_set=
ac_cv_env_CXXCPP_value=
ac_cv_env_CXXFLAGS_set=
ac_cv_env_CXXFLAGS_value=
ac_cv_env_CXX_set=
ac_cv_env_CXX_value=
ac_cv_env_F77_set=
ac_cv_env_F77_value=
ac_cv_env_FFLAGS_set=
ac_cv_env_FFLAGS_value=
ac_cv_env_LDFLAGS_set=
ac_cv_env_LDFLAGS_value=
ac_cv_env_LIBS_set=
ac_cv_env_LIBS_value=
ac_cv_env_build_alias_set=
ac_cv_env_build_alias_value=
ac_cv_env_host_alias_set=set
ac_cv_env_host_alias_value=mips-gnu-linux
ac_cv_env_target_alias_set=
ac_cv_env_target_alias_value=
ac_cv_f77_compiler_gnu=no
ac_cv_func_alloca_works=yes
ac_cv_func_getpagesize=yes
ac_cv_func_gettimeofday=yes
ac_cv_func_mmap_fixed_mapped=no
ac_cv_func_setlocale=yes
ac_cv_func_strtol=yes
ac_cv_header_alloca_h=yes
ac_cv_header_dlfcn_h=yes
ac_cv_header_endian_h=yes
ac_cv_header_inttypes_h=yes
ac_cv_header_locale_h=yes
ac_cv_header_memory_h=yes
ac_cv_header_stdc=yes
ac_cv_header_stdint_h=yes
ac_cv_header_stdlib_h=yes
ac_cv_header_string_h=yes
ac_cv_header_strings_h=yes
ac_cv_header_sys_param_h=yes
ac_cv_header_sys_stat_h=yes
ac_cv_header_sys_time_h=yes
ac_cv_header_sys_types_h=yes
ac_cv_header_time=yes
ac_cv_header_unistd_h=yes
ac_cv_host=mips-gnu-linux-gnu
ac_cv_lib_dl_dlopen=yes
ac_cv_lib_m_fmod=yes
ac_cv_lib_pthread_pthread_self=yes
ac_cv_lib_thr_pthread_self=no
ac_cv_objext=o
ac_cv_path_EGREP='/bin/grep -E'
ac_cv_path_GREP=/bin/grep
ac_cv_path_install='/usr/bin/install -c'
ac_cv_path_mkdir=/bin/mkdir
ac_cv_prog_AR=/rsdk-1.3.6-5181-EB-2.6.30-0.9.30/bin/rsdk-linux-ar
ac_cv_prog_AWK=gawk
ac_cv_prog_CC=/rsdk-1.3.6-5181-EB-2.6.30-0.9.30/bin/rsdk-linux-gcc
ac_cv_prog_CPP='/rsdk-1.3.6-5181-EB-2.6.30-0.9.30/bin/rsdk-linux-gcc -E'
ac_cv_prog_CXXCPP='g++ -E'
ac_cv_prog_JAVAC=ecj
ac_cv_prog_RANLIB=/rsdk-1.3.6-5181-EB-2.6.30-0.9.30/bin/rsdk-linux-ranlib
ac_cv_prog_STRIP=/rsdk-1.3.6-5181-EB-2.6.30-0.9.30/bin/rsdk-linux-strip
ac_cv_prog_ac_ct_CXX=g++
ac_cv_prog_cc_c89=
ac_cv_prog_cc_g=yes
ac_cv_prog_cxx_g=yes
ac_cv_prog_f77_g=no
ac_cv_prog_make_make_set=yes
ac_cv_working_alloca_h=yes
am_cv_CCAS_dependencies_compiler_type=gcc3
am_cv_CC_dependencies_compiler_type=gcc3
am_cv_CXX_dependencies_compiler_type=gcc3
am_cv_val_LC_MESSAGES=yes
lt_cv_deplibs_check_method=pass_all
lt_cv_file_magic_cmd='$MAGIC_CMD'
lt_cv_file_magic_test_file=
lt_cv_ld_reload_flag=-r
lt_cv_objdir=.libs
lt_cv_path_LD=/rsdk-1.3.6-5181-EB-2.6.30-0.9.30/bin/rsdk-linux-ld
lt_cv_path_LDCXX=/rsdk-1.3.6-5181-EB-2.6.30-0.9.30/bin/rsdk-linux-ld
lt_cv_path_NM=/rsdk-1.3.6-5181-EB-2.6.30-0.9.30/bin/rsdk-linux-nm
lt_cv_path_SED=/bin/sed
lt_cv_prog_compiler_c_o=yes
lt_cv_prog_compiler_c_o_CXX=yes
lt_cv_prog_compiler_pic_works=yes
lt_cv_prog_compiler_pic_works_CXX=yes
lt_cv_prog_compiler_rtti_exceptions=no
lt_cv_prog_compiler_static_works=yes
lt_cv_prog_compiler_static_works_CXX=yes
lt_cv_prog_gnu_ld=yes
lt_cv_prog_gnu_ldcxx=yes
lt_cv_sys_global_symbol_pipe='sed -n -e '\''s/^.*[ 	]\([ABCDGIRSTW][ABCDGIRSTW]*\)[ 	][ 	]*\([_A-Za-z][_A-Za-z0-9]*\)$/\1 \2 \2/p'\'''
lt_cv_sys_global_symbol_to_c_name_address='sed -n -e '\''s/^: \([^ ]*\) $/  {\"\1\", (lt_ptr) 0},/p'\'' -e '\''s/^[BCDEGRST] \([^ ]*\) \([^ ]*\)$/  {"\2", (lt_ptr) \&\2},/p'\'''
lt_cv_sys_global_symbol_to_cdecl='sed -n -e '\''s/^. .* \(.*\)$/extern int \1;/p'\'''
lt_cv_sys_lib_dlsearch_path_spec='/lib /usr/lib /usr/lib/nvidia-current /lib/i486-linux-gnu /usr/lib/i486-linux-gnu /usr/lib/alsa-lib /usr/local/lib '
lt_cv_sys_lib_search_path_spec='/rsdk-1.3.6-5181-EB-2.6.30-0.9.30/lib/gcc/mips-linux/3.4.6-1.3.6/5181/debug /rsdk-1.3.6-5181-EB-2.6.30-0.9.30/lib/gcc /rsdk-1.3.6-5181-EB-2.6.30-0.9.30/mips-linux/lib'
lt_cv_sys_max_cmd_len=1572864
lt_lt_cv_prog_compiler_c_o='"yes"'
lt_lt_cv_prog_compiler_c_o_CXX='"yes"'
lt_lt_cv_sys_global_symbol_pipe='"sed -n -e '\''s/^.*[ 	]\\([ABCDGIRSTW][ABCDGIRSTW]*\\)[ 	][ 	]*\\([_A-Za-z][_A-Za-z0-9]*\\)\$/\\1 \\2 \\2/p'\''"'
lt_lt_cv_sys_global_symbol_to_c_name_address='"sed -n -e '\''s/^: \\([^ ]*\\) \$/  {\\\"\\1\\\", (lt_ptr) 0},/p'\'' -e '\''s/^[BCDEGRST] \\([^ ]*\\) \\([^ ]*\\)\$/  {\"\\2\", (lt_ptr) \\&\\2},/p'\''"'
lt_lt_cv_sys_global_symbol_to_cdecl='"sed -n -e '\''s/^. .* \\(.*\\)\$/extern int \\1;/p'\''"'

## ----------------- ##
## Output variables. ##
## ----------------- ##

ACLOCAL='${SHELL} /home/tsaitc/scripts/uClinux-dist/user/jamvm-1.5.4/missing --run aclocal-1.10'
ALLOCA=''
AMDEPBACKSLASH='\'
AMDEP_FALSE='#'
AMDEP_TRUE=''
AMTAR='${SHELL} /home/tsaitc/scripts/uClinux-dist/user/jamvm-1.5.4/missing --run tar'
AR='/rsdk-1.3.6-5181-EB-2.6.30-0.9.30/bin/rsdk-linux-ar'
AUTOCONF='${SHELL} /home/tsaitc/scripts/uClinux-dist/user/jamvm-1.5.4/missing --run autoconf'
AUTOHEADER='${SHELL} /home/tsaitc/scripts/uClinux-dist/user/jamvm-1.5.4/missing --run autoheader'
AUTOMAKE='${SHELL} /home/tsaitc/scripts/uClinux-dist/user/jamvm-1.5.4/missing --run automake-1.10'
AWK='gawk'
CC='/rsdk-1.3.6-5181-EB-2.6.30-0.9.30/bin/rsdk-linux-gcc'
CCAS='/rsdk-1.3.6-5181-EB-2.6.30-0.9.30/bin/rsdk-linux-gcc'
CCASDEPMODE='depmode=gcc3'
CCASFLAGS='-g -O2'
CCDEPMODE='depmode=gcc3'
CFLAGS='-g -O2'
COMPILE_TIME_RELOC_CHECKS_FALSE=''
COMPILE_TIME_RELOC_CHECKS_TRUE='#'
CPP='/rsdk-1.3.6-5181-EB-2.6.30-0.9.30/bin/rsdk-linux-gcc -E'
CPPFLAGS=''
CXX='g++'
CXXCPP='g++ -E'
CXXDEPMODE='depmode=gcc3'
CXXFLAGS='-g -O2'
CYGPATH_W='echo'
DEFS='-DHAVE_CONFIG_H'
DEPDIR='.deps'
DSYMUTIL=''
ECHO='echo'
ECHO_C=''
ECHO_N='-n'
ECHO_T=''
EGREP='/bin/grep -E'
EXEEXT=''
F77=''
FFLAGS=''
GREP='/bin/grep'
INSTALL_DATA='${INSTALL} -m 644'
INSTALL_PROGRAM='${INSTALL}'
INSTALL_SCRIPT='${INSTALL}'
INSTALL_STRIP_PROGRAM='$(install_sh) -c -s'
JAVAC='ecj'
LDFLAGS=''
LIBOBJS=''
LIBS='-ldl -lm -lpthread '
LIBTOOL='$(SHELL) $(top_builddir)/libtool'
LN_S='ln -s'
LTLIBOBJS=''
MAINT='#'
MAINTAINER_MODE_FALSE=''
MAINTAINER_MODE_TRUE='#'
MAKEINFO='${SHELL} /home/tsaitc/scripts/uClinux-dist/user/jamvm-1.5.4/missing --run makeinfo'
MKDIR_P='/bin/mkdir -p'
NMEDIT=''
OBJEXT='o'
PACKAGE='jamvm'
PACKAGE_BUGREPORT=''
PACKAGE_NAME=''
PACKAGE_STRING=''
PACKAGE_TARNAME=''
PACKAGE_VERSION=''
PATH_SEPARATOR=':'
RANLIB='/rsdk-1.3.6-5181-EB-2.6.30-0.9.30/bin/rsdk-linux-ranlib'
SED='/bin/sed'
SET_MAKE=''
SHELL='/bin/sh'
STRIP='/rsdk-1.3.6-5181-EB-2.6.30-0.9.30/bin/rsdk-linux-strip'
VERSION='1.5.4'
ac_ct_CC=''
ac_ct_CXX='g++'
ac_ct_F77=''
am__fastdepCCAS_FALSE='#'
am__fastdepCCAS_TRUE=''
am__fastdepCC_FALSE='#'
am__fastdepCC_TRUE=''
am__fastdepCXX_FALSE='#'
am__fastdepCXX_TRUE=''
am__include='include'
am__isrc=''
am__leading_dot='.'
am__quote=''
am__tar='${AMTAR} chof - "$$tardir"'
am__untar='${AMTAR} xf -'
arch='mips'
bindir='${exec_prefix}/bin'
build='i686-pc-linux-gnu'
build_alias=''
build_cpu='i686'
build_os='linux-gnu'
build_vendor='pc'
datadir='${datarootdir}'
datarootdir='${prefix}/share'
docdir='${datarootdir}/doc/${PACKAGE}'
dvidir='${docdir}'
exec_prefix='${prefix}'
host='mips-gnu-linux-gnu'
host_alias='mips-gnu-linux'
host_cpu='mips'
host_os='linux'
host_vendor='gnu'
htmldir='${docdir}'
includedir='${prefix}/include'
infodir='${datarootdir}/info'
install_sh='$(SHELL) /home/tsaitc/scripts/uClinux-dist/user/jamvm-1.5.4/install-sh'
interp_cflags=''
libdir='${exec_prefix}/lib'
libexecdir='${exec_prefix}/libexec'
localedir='${datarootdir}/locale'
localstatedir='${prefix}/var'
mandir='${datarootdir}/man'
mkdir_p='/bin/mkdir -p'
oldincludedir='/usr/include'
os='linux'
pdfdir='${docdir}'
prefix='/'
program_transform_name='s,x,x,'
psdir='${docdir}'
sbindir='${exec_prefix}/sbin'
sharedstatedir='${prefix}/com'
sysconfdir='${prefix}/etc'
target_alias=''
use_zip_no=''
use_zip_yes='#'
with_classpath_install_dir='/usr/local/classpath'

## ----------- ##
## confdefs.h. ##
## ----------- ##

#define PACKAGE_NAME ""
#define PACKAGE_TARNAME ""
#define PACKAGE_VERSION ""
#define PACKAGE_STRING ""
#define PACKAGE_BUGREPORT ""
#define PACKAGE "jamvm"
#define VERSION "1.5.4"
#define THREADED 1
#define USE_CACHE 1
#define DIRECT 1
#define CLASSPATH_INSTALL_DIR "/usr/local/classpath"
#define INSTALL_DIR "/"
#define STDC_HEADERS 1
#define HAVE_SYS_TYPES_H 1
#define HAVE_SYS_STAT_H 1
#define HAVE_STDLIB_H 1
#define HAVE_STRING_H 1
#define HAVE_MEMORY_H 1
#define HAVE_STRINGS_H 1
#define HAVE_INTTYPES_H 1
#define HAVE_STDINT_H 1
#define HAVE_UNISTD_H 1
#define HAVE_DLFCN_H 1
#define HAVE_LIBPTHREAD 1
#define HAVE_LIBM 1
#define HAVE_LIBDL 1
#define STDC_HEADERS 1
#define HAVE_SYS_TIME_H 1
#define HAVE_UNISTD_H 1
#define HAVE_ENDIAN_H 1
#define HAVE_SYS_PARAM_H 1
#define HAVE_LOCALE_H 1
#define HAVE_ALLOCA_H 1
#define TIME_WITH_SYS_TIME 1
#define HAVE_ALLOCA_H 1
#define HAVE_ALLOCA 1
#define HAVE_STDLIB_H 1
#define HAVE_UNISTD_H 1
#define HAVE_GETPAGESIZE 1
#define HAVE_GETTIMEOFDAY 1
#define HAVE_STRTOL 1
#define HAVE_SETLOCALE 1
#define HAVE_LC_MESSAGES 1

configure: exit 0
